-- The CXX compiler identification is GNU 13.3.0
-- Detecting CXX compiler ABI info
-- Detecting CXX compiler ABI info - done
-- Check for working CXX compiler: /usr/bin/c++ - skipped
-- Detecting CXX compile features
-- Detecting CXX compile features - done
-- Found ament_cmake: 2.5.4 (/opt/ros/jazzy/share/ament_cmake/cmake)
-- Found Python3: /usr/bin/python3 (found version "3.12.3") found components: Interpreter 
-- Found rclcpp: 28.1.12 (/opt/ros/jazzy/share/rclcpp/cmake)
-- Found rosidl_generator_c: 4.6.6 (/opt/ros/jazzy/share/rosidl_generator_c/cmake)
-- Found rosidl_generator_cpp: 4.6.6 (/opt/ros/jazzy/share/rosidl_generator_cpp/cmake)
-- Using all available rosidl_typesupport_c: rosidl_typesupport_fastrtps_c;rosidl_typesupport_introspection_c
-- Using all available rosidl_typesupport_cpp: rosidl_typesupport_fastrtps_cpp;rosidl_typesupport_introspection_cpp
-- Found rmw_implementation_cmake: 7.3.2 (/opt/ros/jazzy/share/rmw_implementation_cmake/cmake)
-- Found rmw_fastrtps_cpp: 8.4.3 (/opt/ros/jazzy/share/rmw_fastrtps_cpp/cmake)
-- Found OpenSSL: /usr/lib/x86_64-linux-gnu/libcrypto.so (found version "3.0.13")  
-- Found FastRTPS: /opt/ros/jazzy/include (Required is at least version "2.13") 
-- Using RMW implementation 'rmw_fastrtps_cpp' as default
-- Found example_interfaces: 0.12.0 (/opt/ros/jazzy/share/example_interfaces/cmake)
-- Found std_msgs: 5.3.6 (/opt/ros/jazzy/share/std_msgs/cmake)
-- Found sensor_msgs: 5.3.6 (/opt/ros/jazzy/share/sensor_msgs/cmake)
-- Found visualization_msgs: 5.3.6 (/opt/ros/jazzy/share/visualization_msgs/cmake)
-- Found interactive_markers: 2.5.5 (/opt/ros/jazzy/share/interactive_markers/cmake)
-- Found tf2_ros: 0.36.14 (/opt/ros/jazzy/share/tf2_ros/cmake)
-- Found tf2_eigen: 0.36.14 (/opt/ros/jazzy/share/tf2_eigen/cmake)
-- Found tf2_geometry_msgs: 0.36.14 (/opt/ros/jazzy/share/tf2_geometry_msgs/cmake)
-- Found eigen3_cmake_module: 0.3.0 (/opt/ros/jazzy/share/eigen3_cmake_module/cmake)
-- Found Eigen3: TRUE (found version "3.4.0") 
-- Ensuring Eigen3 include directory is part of orocos-kdl CMake target
-- Found pcl_conversions: 2.6.2 (/opt/ros/jazzy/share/pcl_conversions/cmake)
-- Found flann version 1.9.2
-- Found OpenMP_CXX: -fopenmp (found version "4.5") 
-- Found OpenMP: TRUE (found version "4.5") found components: CXX 
-- Checking for module 'libusb-1.0'
--   Found libusb-1.0, version 1.0.27
-- Found libusb: /usr/lib/x86_64-linux-gnu/libusb-1.0.so  
-- OpenNI found (version: 1.5.4.0, include: /usr/include/ni, lib: /usr/lib/libOpenNI.so;libusb::libusb)
-- OpenNI2 found (version: 2.2.0.33, include: /usr/include/openni2, lib: /usr/lib/x86_64-linux-gnu/libOpenNI2.so;libusb::libusb)
-- Could NOT find Pcap (missing: PCAP_LIBRARIES PCAP_INCLUDE_DIRS) 
-- Found ZLIB: /usr/lib/x86_64-linux-gnu/libz.so (found version "1.3")  
-- Found PNG: /usr/lib/x86_64-linux-gnu/libpng.so (found version "1.6.43") 
-- OpenNI found (version: 1.5.4.0, include: /usr/include/ni, lib: /usr/lib/libOpenNI.so;libusb::libusb)
-- OpenNI2 found (version: 2.2.0.33, include: /usr/include/openni2, lib: /usr/lib/x86_64-linux-gnu/libOpenNI2.so;libusb::libusb)
-- Found Qhull version 8.0.2
-- OpenNI found (version: 1.5.4.0, include: /usr/include/ni, lib: /usr/lib/libOpenNI.so;libusb::libusb)
-- Found PCL_COMMON: /usr/lib/x86_64-linux-gnu/libpcl_common.so  
-- Found PCL_KDTREE: /usr/lib/x86_64-linux-gnu/libpcl_kdtree.so  
-- Found PCL_OCTREE: /usr/lib/x86_64-linux-gnu/libpcl_octree.so  
-- Found PCL_SEARCH: /usr/lib/x86_64-linux-gnu/libpcl_search.so  
-- Found PCL_SAMPLE_CONSENSUS: /usr/lib/x86_64-linux-gnu/libpcl_sample_consensus.so  
-- Found PCL_FILTERS: /usr/lib/x86_64-linux-gnu/libpcl_filters.so  
-- Found PCL_2D: /usr/include/pcl-1.14  
-- Found PCL_GEOMETRY: /usr/include/pcl-1.14  
-- Found PCL_IO: /usr/lib/x86_64-linux-gnu/libpcl_io.so  
-- Found PCL_FEATURES: /usr/lib/x86_64-linux-gnu/libpcl_features.so  
-- Found PCL_ML: /usr/lib/x86_64-linux-gnu/libpcl_ml.so  
-- Found PCL_SEGMENTATION: /usr/lib/x86_64-linux-gnu/libpcl_segmentation.so  
-- Found PCL_VISUALIZATION: /usr/lib/x86_64-linux-gnu/libpcl_visualization.so  
-- Found PCL_SURFACE: /usr/lib/x86_64-linux-gnu/libpcl_surface.so  
-- Found PCL_REGISTRATION: /usr/lib/x86_64-linux-gnu/libpcl_registration.so  
-- Found PCL_KEYPOINTS: /usr/lib/x86_64-linux-gnu/libpcl_keypoints.so  
-- Found PCL_TRACKING: /usr/lib/x86_64-linux-gnu/libpcl_tracking.so  
-- Found PCL_RECOGNITION: /usr/lib/x86_64-linux-gnu/libpcl_recognition.so  
-- Found PCL_STEREO: /usr/lib/x86_64-linux-gnu/libpcl_stereo.so  
-- Found PCL_APPS: /usr/lib/x86_64-linux-gnu/libpcl_apps.so  
-- Found PCL_IN_HAND_SCANNER: /usr/include/pcl-1.14  
-- Found PCL_MODELER: /usr/include/pcl-1.14  
-- Found PCL_POINT_CLOUD_EDITOR: /usr/include/pcl-1.14  
-- Found PCL_OUTOFCORE: /usr/lib/x86_64-linux-gnu/libpcl_outofcore.so  
-- Found PCL_PEOPLE: /usr/lib/x86_64-linux-gnu/libpcl_people.so  
-- Found pcl_ros: 2.6.2 (/opt/ros/jazzy/share/pcl_ros/cmake)
-- Found urdf: 2.10.0 (/opt/ros/jazzy/share/urdf/cmake)
-- Could NOT find Doxygen (missing: DOXYGEN_EXECUTABLE) 
-- Found cv_bridge: 4.1.0 (/opt/ros/jazzy/share/cv_bridge/cmake)
-- Found OpenCV: /usr (found version "4.6.0") 
-- Found image_transport: 5.1.7 (/opt/ros/jazzy/share/image_transport/cmake)
-- Found rosidl_default_generators: 1.6.0 (/opt/ros/jazzy/share/rosidl_default_generators/cmake)
-- Found rosidl_adapter: 4.6.6 (/opt/ros/jazzy/share/rosidl_adapter/cmake)
-- Found ament_cmake_ros: 0.12.0 (/opt/ros/jazzy/share/ament_cmake_ros/cmake)
-- Using all available rosidl_typesupport_c: rosidl_typesupport_fastrtps_c;rosidl_typesupport_introspection_c
-- Using all available rosidl_typesupport_cpp: rosidl_typesupport_fastrtps_cpp;rosidl_typesupport_introspection_cpp
-- Found python_cmake_module: 0.11.1 (/opt/ros/jazzy/share/python_cmake_module/cmake)
-- Found PythonExtra: /usr/bin/python3  
-- Found Python3: /usr/bin/python3 (found version "3.12.3") found components: Interpreter Development NumPy Development.Module Development.Embed 
-- OPTIONS: OPENCV support ENABLED
-- Found ament_lint_auto: 0.17.3 (/opt/ros/jazzy/share/ament_lint_auto/cmake)
-- Added test 'cppcheck' to perform static code analysis on C / C++ code
-- Configured cppcheck include dirs: /home/lidia/ros2_ws/src/uc1_tactile_images/include
-- Configured cppcheck exclude dirs and/or files: 
-- Added test 'flake8' to check Python code syntax and style conventions
-- Configured 'flake8' exclude dirs and/or files: 
-- Added test 'lint_cmake' to check CMake code style
-- Added test 'pep257' to check Python code against some of the docstring style conventions in PEP 257
-- Added test 'uncrustify' to check C / C++ code style
-- Configured uncrustify additional arguments: 
-- Added test 'xmllint' to check XML markup files
-- Configuring done (13.5s)
-- Generating done (0.2s)
-- Build files have been written to: /home/lidia/ros2_ws/src/build/uc1_tactile_images
[  2%] [34m[1mGenerating type hashes for ROS interfaces[0m
[  2%] Built target ament_cmake_python_copy_uc1_tactile_images
[  2%] Built target uc1_tactile_images__rosidl_generator_type_description
[  5%] [34m[1mGenerating C code for ROS interfaces[0m
[  7%] [34m[1mGenerating C++ code for ROS interfaces[0m
running egg_info
creating uc1_tactile_images.egg-info
writing uc1_tactile_images.egg-info/PKG-INFO
writing dependency_links to uc1_tactile_images.egg-info/dependency_links.txt
writing top-level names to uc1_tactile_images.egg-info/top_level.txt
writing manifest file 'uc1_tactile_images.egg-info/SOURCES.txt'
reading manifest file 'uc1_tactile_images.egg-info/SOURCES.txt'
writing manifest file 'uc1_tactile_images.egg-info/SOURCES.txt'
[  7%] Built target ament_cmake_python_build_uc1_tactile_images_egg
[  7%] Built target uc1_tactile_images__cpp
[ 12%] [32mBuilding C object CMakeFiles/uc1_tactile_images__rosidl_generator_c.dir/rosidl_generator_c/uc1_tactile_images/msg/detail/image_array_link__description.c.o[0m
[ 12%] [32mBuilding C object CMakeFiles/uc1_tactile_images__rosidl_generator_c.dir/rosidl_generator_c/uc1_tactile_images/msg/detail/image_array_link__functions.c.o[0m
[ 15%] [32mBuilding C object CMakeFiles/uc1_tactile_images__rosidl_generator_c.dir/rosidl_generator_c/uc1_tactile_images/msg/detail/image_array_link__type_support.c.o[0m
[ 17%] [32m[1mLinking C shared library libuc1_tactile_images__rosidl_generator_c.so[0m
[ 17%] Built target uc1_tactile_images__rosidl_generator_c
[ 22%] [34m[1mGenerating C type support for eProsima Fast-RTPS[0m
[ 22%] [34m[1mGenerating C++ type support for eProsima Fast-RTPS[0m
[ 25%] [34m[1mGenerating C++ type support dispatch for ROS interfaces[0m
[ 27%] [34m[1mGenerating C introspection for ROS interfaces[0m
[ 30%] [34m[1mGenerating C type support dispatch for ROS interfaces[0m
[ 32%] [34m[1mGenerating C++ introspection for ROS interfaces[0m
[ 35%] [32mBuilding C object CMakeFiles/uc1_tactile_images__rosidl_typesupport_introspection_c.dir/rosidl_typesupport_introspection_c/uc1_tactile_images/msg/detail/image_array_link__type_support.c.o[0m
[ 37%] [32mBuilding CXX object CMakeFiles/uc1_tactile_images__rosidl_typesupport_fastrtps_c.dir/rosidl_typesupport_fastrtps_c/uc1_tactile_images/msg/detail/image_array_link__type_support_c.cpp.o[0m
[ 40%] [32m[1mLinking C shared library libuc1_tactile_images__rosidl_typesupport_introspection_c.so[0m
[ 40%] Built target uc1_tactile_images__rosidl_typesupport_introspection_c
[ 42%] [32mBuilding CXX object CMakeFiles/uc1_tactile_images__rosidl_typesupport_cpp.dir/rosidl_typesupport_cpp/uc1_tactile_images/msg/image_array_link__type_support.cpp.o[0m
[ 45%] [32mBuilding CXX object CMakeFiles/uc1_tactile_images__rosidl_typesupport_introspection_cpp.dir/rosidl_typesupport_introspection_cpp/uc1_tactile_images/msg/detail/image_array_link__type_support.cpp.o[0m
[ 47%] [32mBuilding CXX object CMakeFiles/uc1_tactile_images__rosidl_typesupport_c.dir/rosidl_typesupport_c/uc1_tactile_images/msg/image_array_link__type_support.cpp.o[0m
[ 50%] [32mBuilding CXX object CMakeFiles/uc1_tactile_images__rosidl_typesupport_fastrtps_cpp.dir/rosidl_typesupport_fastrtps_cpp/uc1_tactile_images/msg/detail/dds_fastrtps/image_array_link__type_support.cpp.o[0m
[ 52%] [32m[1mLinking CXX shared library libuc1_tactile_images__rosidl_typesupport_c.so[0m
[ 52%] Built target uc1_tactile_images__rosidl_typesupport_c
[ 55%] [32m[1mLinking CXX shared library libuc1_tactile_images__rosidl_typesupport_cpp.so[0m
[ 57%] [32m[1mLinking CXX shared library libuc1_tactile_images__rosidl_typesupport_fastrtps_c.so[0m
[ 60%] [32m[1mLinking CXX shared library libuc1_tactile_images__rosidl_typesupport_introspection_cpp.so[0m
[ 60%] Built target uc1_tactile_images__rosidl_typesupport_cpp
[ 60%] Built target uc1_tactile_images__rosidl_typesupport_fastrtps_c
[ 60%] Built target uc1_tactile_images__rosidl_typesupport_introspection_cpp
[ 62%] [32m[1mLinking CXX shared library libuc1_tactile_images__rosidl_typesupport_fastrtps_cpp.so[0m
[ 62%] Built target uc1_tactile_images__rosidl_typesupport_fastrtps_cpp
[ 62%] Built target uc1_tactile_images
[ 67%] [32mBuilding CXX object CMakeFiles/tactile_image_publisher_curved_gesture.dir/src/TactileImagePublisherCurvedGesture.cpp.o[0m
[ 67%] [34m[1mGenerating Python code for ROS interfaces[0m
[ 70%] [32mBuilding CXX object CMakeFiles/tactile_image_publisher.dir/src/TactileImagePublisher.cpp.o[0m
[ 72%] [32mBuilding CXX object CMakeFiles/tactile_image_publisher_hexagon.dir/src/TactileImagePublisherHexagon.cpp.o[0m
[ 72%] Built target uc1_tactile_images__py
