[0.030s] Invoking command in '/home/lidia/ros2_ws/src/build/uc1_tactile_images': CMAKE_PREFIX_PATH=/home/lidia/ros2_ws/install/uc1_tactile_images:/opt/ros/jazzy:/home/lidia/ros2_ws/install/cyskin_acquisition:/opt/ros/jazzy/opt/gz_math_vendor:/opt/ros/jazzy/opt/gz_utils_vendor:/opt/ros/jazzy/opt/gz_cmake_vendor DEBUGINFOD_URLS=https://debuginfod.ubuntu.com /usr/bin/cmake /home/lidia/ros2_ws/src/uc1_tactile_images -DCMAKE_INSTALL_PREFIX=/home/lidia/ros2_ws/src/install/uc1_tactile_images
[0.216s] -- The C compiler identification is GNU 13.3.0
[0.512s] -- The CXX compiler identification is unknown
[0.547s] -- Detecting C compiler ABI info
[0.756s] -- Detecting C compiler ABI info - done
[0.781s] -- Check for working C compiler: /usr/bin/cc - skipped
[0.782s] -- Detecting C compile features
[0.783s] -- Detecting C compile features - done
[0.785s] [31mCMake Error at CMakeLists.txt:3 (project):
[0.785s]   The CMAKE_CXX_COMPILER:
[0.786s] 
[0.786s]     /usr/bin/g++-11
[0.786s] 
[0.787s]   is not a full path to an existing compiler tool.
[0.787s] 
[0.787s]   Tell CMake where to find the compiler by setting either the environment
[0.787s]   variable "CXX" or the CMake cache entry CMAKE_CXX_COMPILER to the full path
[0.788s]   to the compiler, or to the compiler name if it is in the PATH.
[0.788s] 
[0.788s] [0m
[0.789s] -- Configuring incomplete, errors occurred!
