[0.021s] Invoking command in '/home/lidia/ros2_ws/src/build/cyskin_acquisition': CMAKE_PREFIX_PATH=/home/lidia/ros2_ws/install/uc1_tactile_images:/opt/ros/jazzy:/home/lidia/ros2_ws/install/cyskin_acquisition:/opt/ros/jazzy/opt/gz_math_vendor:/opt/ros/jazzy/opt/gz_utils_vendor:/opt/ros/jazzy/opt/gz_cmake_vendor DEBUGINFOD_URLS=https://debuginfod.ubuntu.com /usr/bin/cmake --build /home/lidia/ros2_ws/src/build/cyskin_acquisition -- -j8 -l8
[0.135s] [ 23%] Built target cyskin_subscriber
[0.160s] [100%] Built target cyskin_acquisition
[0.183s] Invoked command in '/home/lidia/ros2_ws/src/build/cyskin_acquisition' returned '0': CMAKE_PREFIX_PATH=/home/lidia/ros2_ws/install/uc1_tactile_images:/opt/ros/jazzy:/home/lidia/ros2_ws/install/cyskin_acquisition:/opt/ros/jazzy/opt/gz_math_vendor:/opt/ros/jazzy/opt/gz_utils_vendor:/opt/ros/jazzy/opt/gz_cmake_vendor DEBUGINFOD_URLS=https://debuginfod.ubuntu.com /usr/bin/cmake --build /home/lidia/ros2_ws/src/build/cyskin_acquisition -- -j8 -l8
[0.201s] Invoking command in '/home/lidia/ros2_ws/src/build/cyskin_acquisition': CMAKE_PREFIX_PATH=/home/lidia/ros2_ws/install/uc1_tactile_images:/opt/ros/jazzy:/home/lidia/ros2_ws/install/cyskin_acquisition:/opt/ros/jazzy/opt/gz_math_vendor:/opt/ros/jazzy/opt/gz_utils_vendor:/opt/ros/jazzy/opt/gz_cmake_vendor DEBUGINFOD_URLS=https://debuginfod.ubuntu.com /usr/bin/cmake --install /home/lidia/ros2_ws/src/build/cyskin_acquisition
[0.218s] -- Install configuration: ""
[0.219s] -- Installing: /home/lidia/ros2_ws/src/install/cyskin_acquisition/lib/cyskin_acquisition/cyskin_acquisition
[0.223s] -- Set non-toolchain portion of runtime path of "/home/lidia/ros2_ws/src/install/cyskin_acquisition/lib/cyskin_acquisition/cyskin_acquisition" to ""
[0.223s] -- Installing: /home/lidia/ros2_ws/src/install/cyskin_acquisition/lib/cyskin_acquisition/cyskin_subscriber
[0.231s] -- Set non-toolchain portion of runtime path of "/home/lidia/ros2_ws/src/install/cyskin_acquisition/lib/cyskin_acquisition/cyskin_subscriber" to ""
[0.232s] -- Up-to-date: /home/lidia/ros2_ws/src/install/cyskin_acquisition/share/ament_index/resource_index/package_run_dependencies/cyskin_acquisition
[0.232s] -- Installing: /home/lidia/ros2_ws/src/install/cyskin_acquisition/share/ament_index/resource_index/parent_prefix_path/cyskin_acquisition
[0.232s] -- Up-to-date: /home/lidia/ros2_ws/src/install/cyskin_acquisition/share/cyskin_acquisition/environment/ament_prefix_path.sh
[0.233s] -- Up-to-date: /home/lidia/ros2_ws/src/install/cyskin_acquisition/share/cyskin_acquisition/environment/ament_prefix_path.dsv
[0.233s] -- Up-to-date: /home/lidia/ros2_ws/src/install/cyskin_acquisition/share/cyskin_acquisition/environment/path.sh
[0.233s] -- Up-to-date: /home/lidia/ros2_ws/src/install/cyskin_acquisition/share/cyskin_acquisition/environment/path.dsv
[0.233s] -- Up-to-date: /home/lidia/ros2_ws/src/install/cyskin_acquisition/share/cyskin_acquisition/local_setup.bash
[0.233s] -- Up-to-date: /home/lidia/ros2_ws/src/install/cyskin_acquisition/share/cyskin_acquisition/local_setup.sh
[0.234s] -- Up-to-date: /home/lidia/ros2_ws/src/install/cyskin_acquisition/share/cyskin_acquisition/local_setup.zsh
[0.234s] -- Up-to-date: /home/lidia/ros2_ws/src/install/cyskin_acquisition/share/cyskin_acquisition/local_setup.dsv
[0.234s] -- Installing: /home/lidia/ros2_ws/src/install/cyskin_acquisition/share/cyskin_acquisition/package.dsv
[0.234s] -- Up-to-date: /home/lidia/ros2_ws/src/install/cyskin_acquisition/share/ament_index/resource_index/packages/cyskin_acquisition
[0.234s] -- Up-to-date: /home/lidia/ros2_ws/src/install/cyskin_acquisition/share/cyskin_acquisition/cmake/cyskin_acquisitionConfig.cmake
[0.234s] -- Up-to-date: /home/lidia/ros2_ws/src/install/cyskin_acquisition/share/cyskin_acquisition/cmake/cyskin_acquisitionConfig-version.cmake
[0.235s] -- Up-to-date: /home/lidia/ros2_ws/src/install/cyskin_acquisition/share/cyskin_acquisition/package.xml
[0.236s] Invoked command in '/home/lidia/ros2_ws/src/build/cyskin_acquisition' returned '0': CMAKE_PREFIX_PATH=/home/lidia/ros2_ws/install/uc1_tactile_images:/opt/ros/jazzy:/home/lidia/ros2_ws/install/cyskin_acquisition:/opt/ros/jazzy/opt/gz_math_vendor:/opt/ros/jazzy/opt/gz_utils_vendor:/opt/ros/jazzy/opt/gz_cmake_vendor DEBUGINFOD_URLS=https://debuginfod.ubuntu.com /usr/bin/cmake --install /home/lidia/ros2_ws/src/build/cyskin_acquisition
