-- Found ament_cmake: 2.5.4 (/opt/ros/jazzy/share/ament_cmake/cmake)
-- Found Python3: /usr/bin/python3 (found version "3.12.3") found components: Interpreter 
-- Found rclcpp: 28.1.12 (/opt/ros/jazzy/share/rclcpp/cmake)
-- Found rosidl_generator_c: 4.6.6 (/opt/ros/jazzy/share/rosidl_generator_c/cmake)
-- Found rosidl_generator_cpp: 4.6.6 (/opt/ros/jazzy/share/rosidl_generator_cpp/cmake)
-- Using all available rosidl_typesupport_c: rosidl_typesupport_fastrtps_c;rosidl_typesupport_introspection_c
-- Using all available rosidl_typesupport_cpp: rosidl_typesupport_fastrtps_cpp;rosidl_typesupport_introspection_cpp
-- Found rmw_implementation_cmake: 7.3.2 (/opt/ros/jazzy/share/rmw_implementation_cmake/cmake)
-- Found rmw_fastrtps_cpp: 8.4.3 (/opt/ros/jazzy/share/rmw_fastrtps_cpp/cmake)
-- Using RMW implementation 'rmw_fastrtps_cpp' as default
-- Found example_interfaces: 0.12.0 (/opt/ros/jazzy/share/example_interfaces/cmake)
-- Found std_msgs: 5.3.6 (/opt/ros/jazzy/share/std_msgs/cmake)
-- Found sensor_msgs: 5.3.6 (/opt/ros/jazzy/share/sensor_msgs/cmake)
-- Found visualization_msgs: 5.3.6 (/opt/ros/jazzy/share/visualization_msgs/cmake)
-- Found interactive_markers: 2.5.5 (/opt/ros/jazzy/share/interactive_markers/cmake)
-- Found tf2_ros: 0.36.14 (/opt/ros/jazzy/share/tf2_ros/cmake)
-- Found tf2_eigen: 0.36.14 (/opt/ros/jazzy/share/tf2_eigen/cmake)
-- Found tf2_geometry_msgs: 0.36.14 (/opt/ros/jazzy/share/tf2_geometry_msgs/cmake)
-- Found eigen3_cmake_module: 0.3.0 (/opt/ros/jazzy/share/eigen3_cmake_module/cmake)
-- Ensuring Eigen3 include directory is part of orocos-kdl CMake target
-- Found pcl_conversions: 2.6.2 (/opt/ros/jazzy/share/pcl_conversions/cmake)
-- Found flann version 1.9.2
-- OpenNI found (version: 1.5.4.0, include: /usr/include/ni, lib: /usr/lib/libOpenNI.so;libusb::libusb)
-- OpenNI2 found (version: 2.2.0.33, include: /usr/include/openni2, lib: /usr/lib/x86_64-linux-gnu/libOpenNI2.so;libusb::libusb)
-- Could NOT find Pcap (missing: PCAP_LIBRARIES PCAP_INCLUDE_DIRS) 
-- OpenNI found (version: 1.5.4.0, include: /usr/include/ni, lib: /usr/lib/libOpenNI.so;libusb::libusb)
-- OpenNI2 found (version: 2.2.0.33, include: /usr/include/openni2, lib: /usr/lib/x86_64-linux-gnu/libOpenNI2.so;libusb::libusb)
-- Found Qhull version 8.0.2
-- OpenNI found (version: 1.5.4.0, include: /usr/include/ni, lib: /usr/lib/libOpenNI.so;libusb::libusb)
-- Found pcl_ros: 2.6.2 (/opt/ros/jazzy/share/pcl_ros/cmake)
-- Found urdf: 2.10.0 (/opt/ros/jazzy/share/urdf/cmake)
-- Could NOT find Doxygen (missing: DOXYGEN_EXECUTABLE) 
-- Found cv_bridge: 4.1.0 (/opt/ros/jazzy/share/cv_bridge/cmake)
-- Found image_transport: 5.1.7 (/opt/ros/jazzy/share/image_transport/cmake)
-- Found rosidl_default_generators: 1.6.0 (/opt/ros/jazzy/share/rosidl_default_generators/cmake)
-- Found rosidl_adapter: 4.6.6 (/opt/ros/jazzy/share/rosidl_adapter/cmake)
-- Found ament_cmake_ros: 0.12.0 (/opt/ros/jazzy/share/ament_cmake_ros/cmake)
-- Using all available rosidl_typesupport_c: rosidl_typesupport_fastrtps_c;rosidl_typesupport_introspection_c
-- Using all available rosidl_typesupport_cpp: rosidl_typesupport_fastrtps_cpp;rosidl_typesupport_introspection_cpp
-- Found python_cmake_module: 0.11.1 (/opt/ros/jazzy/share/python_cmake_module/cmake)
-- Found Python3: /usr/bin/python3 (found version "3.12.3") found components: Interpreter Development NumPy Development.Module Development.Embed 
-- OPTIONS: OPENCV support ENABLED
-- Found ament_lint_auto: 0.17.3 (/opt/ros/jazzy/share/ament_lint_auto/cmake)
-- Added test 'cppcheck' to perform static code analysis on C / C++ code
-- Configured cppcheck include dirs: /home/lidia/ros2_ws/src/uc1_tactile_images/include
-- Configured cppcheck exclude dirs and/or files: 
-- Added test 'flake8' to check Python code syntax and style conventions
-- Configured 'flake8' exclude dirs and/or files: 
-- Added test 'lint_cmake' to check CMake code style
-- Added test 'pep257' to check Python code against some of the docstring style conventions in PEP 257
-- Added test 'uncrustify' to check C / C++ code style
-- Configured uncrustify additional arguments: 
-- Added test 'xmllint' to check XML markup files
-- Configuring done (10.8s)
-- Generating done (0.3s)
-- Build files have been written to: /home/lidia/ros2_ws/src/build/uc1_tactile_images
[  2%] Built target uc1_tactile_images__rosidl_generator_type_description
[  2%] Built target ament_cmake_python_copy_uc1_tactile_images
[  5%] Built target uc1_tactile_images__cpp
[ 10%] [32mBuilding C object CMakeFiles/uc1_tactile_images__rosidl_generator_c.dir/rosidl_generator_c/uc1_tactile_images/msg/detail/image_array_link__description.c.o[0m
[ 10%] [32mBuilding C object CMakeFiles/uc1_tactile_images__rosidl_generator_c.dir/rosidl_generator_c/uc1_tactile_images/msg/detail/image_array_link__functions.c.o[0m
[ 12%] [32mBuilding C object CMakeFiles/uc1_tactile_images__rosidl_generator_c.dir/rosidl_generator_c/uc1_tactile_images/msg/detail/image_array_link__type_support.c.o[0m
[ 15%] [32m[1mLinking C shared library libuc1_tactile_images__rosidl_generator_c.so[0m
[ 17%] Built target uc1_tactile_images__rosidl_generator_c
[ 20%] [32mBuilding CXX object CMakeFiles/uc1_tactile_images__rosidl_typesupport_cpp.dir/rosidl_typesupport_cpp/uc1_tactile_images/msg/image_array_link__type_support.cpp.o[0m
[ 22%] [32mBuilding C object CMakeFiles/uc1_tactile_images__rosidl_typesupport_introspection_c.dir/rosidl_typesupport_introspection_c/uc1_tactile_images/msg/detail/image_array_link__type_support.c.o[0m
[ 25%] [32mBuilding CXX object CMakeFiles/uc1_tactile_images__rosidl_typesupport_c.dir/rosidl_typesupport_c/uc1_tactile_images/msg/image_array_link__type_support.cpp.o[0m
[ 27%] [32mBuilding CXX object CMakeFiles/uc1_tactile_images__rosidl_typesupport_fastrtps_c.dir/rosidl_typesupport_fastrtps_c/uc1_tactile_images/msg/detail/image_array_link__type_support_c.cpp.o[0m
[ 30%] [32mBuilding CXX object CMakeFiles/uc1_tactile_images__rosidl_typesupport_fastrtps_cpp.dir/rosidl_typesupport_fastrtps_cpp/uc1_tactile_images/msg/detail/dds_fastrtps/image_array_link__type_support.cpp.o[0m
[ 32%] [32mBuilding CXX object CMakeFiles/uc1_tactile_images__rosidl_typesupport_introspection_cpp.dir/rosidl_typesupport_introspection_cpp/uc1_tactile_images/msg/detail/image_array_link__type_support.cpp.o[0m
[ 35%] [32m[1mLinking CXX shared library libuc1_tactile_images__rosidl_typesupport_c.so[0m
[ 37%] [32m[1mLinking C shared library libuc1_tactile_images__rosidl_typesupport_introspection_c.so[0m
[ 40%] Built target uc1_tactile_images__rosidl_typesupport_introspection_c
[ 42%] Built target uc1_tactile_images__rosidl_typesupport_c
running egg_info
writing uc1_tactile_images.egg-info/PKG-INFO
writing dependency_links to uc1_tactile_images.egg-info/dependency_links.txt
writing top-level names to uc1_tactile_images.egg-info/top_level.txt
reading manifest file 'uc1_tactile_images.egg-info/SOURCES.txt'
writing manifest file 'uc1_tactile_images.egg-info/SOURCES.txt'
[ 42%] Built target ament_cmake_python_build_uc1_tactile_images_egg
[ 45%] [32m[1mLinking CXX shared library libuc1_tactile_images__rosidl_typesupport_cpp.so[0m
[ 47%] Built target uc1_tactile_images__rosidl_typesupport_cpp
[ 50%] [32m[1mLinking CXX shared library libuc1_tactile_images__rosidl_typesupport_introspection_cpp.so[0m
[ 52%] [32m[1mLinking CXX shared library libuc1_tactile_images__rosidl_typesupport_fastrtps_c.so[0m
[ 55%] Built target uc1_tactile_images__rosidl_typesupport_introspection_cpp
[ 57%] [32m[1mLinking CXX shared library libuc1_tactile_images__rosidl_typesupport_fastrtps_cpp.so[0m
[ 60%] Built target uc1_tactile_images__rosidl_typesupport_fastrtps_c
[ 62%] Built target uc1_tactile_images__rosidl_typesupport_fastrtps_cpp
[ 62%] Built target uc1_tactile_images
[ 65%] Built target uc1_tactile_images__py
[ 67%] [32mBuilding CXX object CMakeFiles/tactile_image_publisher.dir/src/TactileImagePublisher.cpp.o[0m
[ 70%] [32mBuilding CXX object CMakeFiles/tactile_image_publisher_hexagon.dir/src/TactileImagePublisherHexagon.cpp.o[0m
[ 72%] [32mBuilding CXX object CMakeFiles/tactile_image_publisher_curved_gesture.dir/src/TactileImagePublisherCurvedGesture.cpp.o[0m
[ 75%] [32mBuilding C object CMakeFiles/uc1_tactile_images__rosidl_generator_py.dir/rosidl_generator_py/uc1_tactile_images/msg/_image_array_link_s.c.o[0m
[ 77%] [32m[1mLinking C shared library libuc1_tactile_images__rosidl_generator_py.so[0m
[ 77%] Built target uc1_tactile_images__rosidl_generator_py
[ 80%] [32mBuilding C object CMakeFiles/uc1_tactile_images_s__rosidl_typesupport_fastrtps_c.dir/rosidl_generator_py/uc1_tactile_images/_uc1_tactile_images_s.ep.rosidl_typesupport_fastrtps_c.c.o[0m
[ 82%] [32mBuilding C object CMakeFiles/uc1_tactile_images_s__rosidl_typesupport_c.dir/rosidl_generator_py/uc1_tactile_images/_uc1_tactile_images_s.ep.rosidl_typesupport_c.c.o[0m
[ 85%] [32mBuilding C object CMakeFiles/uc1_tactile_images_s__rosidl_typesupport_introspection_c.dir/rosidl_generator_py/uc1_tactile_images/_uc1_tactile_images_s.ep.rosidl_typesupport_introspection_c.c.o[0m
[ 87%] [32m[1mLinking C shared module rosidl_generator_py/uc1_tactile_images/uc1_tactile_images_s__rosidl_typesupport_c.so[0m
[ 90%] [32m[1mLinking C shared module rosidl_generator_py/uc1_tactile_images/uc1_tactile_images_s__rosidl_typesupport_introspection_c.so[0m
[ 90%] Built target uc1_tactile_images_s__rosidl_typesupport_c
[ 90%] Built target uc1_tactile_images_s__rosidl_typesupport_introspection_c
[ 92%] [32m[1mLinking C shared module rosidl_generator_py/uc1_tactile_images/uc1_tactile_images_s__rosidl_typesupport_fastrtps_c.so[0m
[ 92%] Built target uc1_tactile_images_s__rosidl_typesupport_fastrtps_c
[ 95%] [32m[1mLinking CXX executable tactile_image_publisher_hexagon[0m
[ 97%] [32m[1mLinking CXX executable tactile_image_publisher_curved_gesture[0m
[ 97%] Built target tactile_image_publisher_hexagon
[ 97%] Built target tactile_image_publisher_curved_gesture
[100%] [32m[1mLinking CXX executable tactile_image_publisher[0m
[100%] Built target tactile_image_publisher
-- Install configuration: ""
-- Up-to-date: /home/lidia/ros2_ws/src/install/uc1_tactile_images/share/ament_index/resource_index/rosidl_interfaces/uc1_tactile_images
-- Up-to-date: /home/lidia/ros2_ws/src/install/uc1_tactile_images/share/uc1_tactile_images/msg/ImageArrayLink.json
-- Up-to-date: /home/lidia/ros2_ws/src/install/uc1_tactile_images/include/uc1_tactile_images/uc1_tactile_images
-- Up-to-date: /home/lidia/ros2_ws/src/install/uc1_tactile_images/include/uc1_tactile_images/uc1_tactile_images/msg
-- Up-to-date: /home/lidia/ros2_ws/src/install/uc1_tactile_images/include/uc1_tactile_images/uc1_tactile_images/msg/image_array_link.h
-- Up-to-date: /home/lidia/ros2_ws/src/install/uc1_tactile_images/include/uc1_tactile_images/uc1_tactile_images/msg/detail
-- Up-to-date: /home/lidia/ros2_ws/src/install/uc1_tactile_images/include/uc1_tactile_images/uc1_tactile_images/msg/detail/image_array_link__type_support.h
-- Up-to-date: /home/lidia/ros2_ws/src/install/uc1_tactile_images/include/uc1_tactile_images/uc1_tactile_images/msg/detail/image_array_link__type_support.c
-- Up-to-date: /home/lidia/ros2_ws/src/install/uc1_tactile_images/include/uc1_tactile_images/uc1_tactile_images/msg/detail/image_array_link__description.c
-- Up-to-date: /home/lidia/ros2_ws/src/install/uc1_tactile_images/include/uc1_tactile_images/uc1_tactile_images/msg/detail/image_array_link__functions.c
-- Up-to-date: /home/lidia/ros2_ws/src/install/uc1_tactile_images/include/uc1_tactile_images/uc1_tactile_images/msg/detail/image_array_link__struct.h
-- Up-to-date: /home/lidia/ros2_ws/src/install/uc1_tactile_images/include/uc1_tactile_images/uc1_tactile_images/msg/detail/image_array_link__functions.h
-- Up-to-date: /home/lidia/ros2_ws/src/install/uc1_tactile_images/include/uc1_tactile_images/uc1_tactile_images/msg/rosidl_generator_c__visibility_control.h
-- Up-to-date: /home/lidia/ros2_ws/src/install/uc1_tactile_images/share/uc1_tactile_images/environment/library_path.sh
-- Up-to-date: /home/lidia/ros2_ws/src/install/uc1_tactile_images/share/uc1_tactile_images/environment/library_path.dsv
-- Installing: /home/lidia/ros2_ws/src/install/uc1_tactile_images/lib/libuc1_tactile_images__rosidl_generator_c.so
-- Set non-toolchain portion of runtime path of "/home/lidia/ros2_ws/src/install/uc1_tactile_images/lib/libuc1_tactile_images__rosidl_generator_c.so" to ""
-- Up-to-date: /home/lidia/ros2_ws/src/install/uc1_tactile_images/include/uc1_tactile_images/uc1_tactile_images
-- Up-to-date: /home/lidia/ros2_ws/src/install/uc1_tactile_images/include/uc1_tactile_images/uc1_tactile_images/msg
-- Up-to-date: /home/lidia/ros2_ws/src/install/uc1_tactile_images/include/uc1_tactile_images/uc1_tactile_images/msg/rosidl_typesupport_fastrtps_c__visibility_control.h
-- Up-to-date: /home/lidia/ros2_ws/src/install/uc1_tactile_images/include/uc1_tactile_images/uc1_tactile_images/msg/detail
-- Up-to-date: /home/lidia/ros2_ws/src/install/uc1_tactile_images/include/uc1_tactile_images/uc1_tactile_images/msg/detail/image_array_link__rosidl_typesupport_fastrtps_c.h
-- Installing: /home/lidia/ros2_ws/src/install/uc1_tactile_images/lib/libuc1_tactile_images__rosidl_typesupport_fastrtps_c.so
-- Set non-toolchain portion of runtime path of "/home/lidia/ros2_ws/src/install/uc1_tactile_images/lib/libuc1_tactile_images__rosidl_typesupport_fastrtps_c.so" to ""
-- Up-to-date: /home/lidia/ros2_ws/src/install/uc1_tactile_images/include/uc1_tactile_images/uc1_tactile_images
-- Up-to-date: /home/lidia/ros2_ws/src/install/uc1_tactile_images/include/uc1_tactile_images/uc1_tactile_images/msg
-- Up-to-date: /home/lidia/ros2_ws/src/install/uc1_tactile_images/include/uc1_tactile_images/uc1_tactile_images/msg/detail
-- Up-to-date: /home/lidia/ros2_ws/src/install/uc1_tactile_images/include/uc1_tactile_images/uc1_tactile_images/msg/detail/image_array_link__traits.hpp
-- Up-to-date: /home/lidia/ros2_ws/src/install/uc1_tactile_images/include/uc1_tactile_images/uc1_tactile_images/msg/detail/image_array_link__struct.hpp
-- Up-to-date: /home/lidia/ros2_ws/src/install/uc1_tactile_images/include/uc1_tactile_images/uc1_tactile_images/msg/detail/image_array_link__builder.hpp
-- Up-to-date: /home/lidia/ros2_ws/src/install/uc1_tactile_images/include/uc1_tactile_images/uc1_tactile_images/msg/detail/image_array_link__type_support.hpp
-- Up-to-date: /home/lidia/ros2_ws/src/install/uc1_tactile_images/include/uc1_tactile_images/uc1_tactile_images/msg/rosidl_generator_cpp__visibility_control.hpp
-- Up-to-date: /home/lidia/ros2_ws/src/install/uc1_tactile_images/include/uc1_tactile_images/uc1_tactile_images/msg/image_array_link.hpp
-- Up-to-date: /home/lidia/ros2_ws/src/install/uc1_tactile_images/include/uc1_tactile_images/uc1_tactile_images
-- Up-to-date: /home/lidia/ros2_ws/src/install/uc1_tactile_images/include/uc1_tactile_images/uc1_tactile_images/msg
-- Up-to-date: /home/lidia/ros2_ws/src/install/uc1_tactile_images/include/uc1_tactile_images/uc1_tactile_images/msg/detail
-- Up-to-date: /home/lidia/ros2_ws/src/install/uc1_tactile_images/include/uc1_tactile_images/uc1_tactile_images/msg/detail/dds_fastrtps
-- Up-to-date: /home/lidia/ros2_ws/src/install/uc1_tactile_images/include/uc1_tactile_images/uc1_tactile_images/msg/detail/image_array_link__rosidl_typesupport_fastrtps_cpp.hpp
-- Up-to-date: /home/lidia/ros2_ws/src/install/uc1_tactile_images/include/uc1_tactile_images/uc1_tactile_images/msg/rosidl_typesupport_fastrtps_cpp__visibility_control.h
-- Installing: /home/lidia/ros2_ws/src/install/uc1_tactile_images/lib/libuc1_tactile_images__rosidl_typesupport_fastrtps_cpp.so
-- Set non-toolchain portion of runtime path of "/home/lidia/ros2_ws/src/install/uc1_tactile_images/lib/libuc1_tactile_images__rosidl_typesupport_fastrtps_cpp.so" to ""
-- Up-to-date: /home/lidia/ros2_ws/src/install/uc1_tactile_images/include/uc1_tactile_images/uc1_tactile_images
-- Up-to-date: /home/lidia/ros2_ws/src/install/uc1_tactile_images/include/uc1_tactile_images/uc1_tactile_images/msg
-- Up-to-date: /home/lidia/ros2_ws/src/install/uc1_tactile_images/include/uc1_tactile_images/uc1_tactile_images/msg/detail
-- Up-to-date: /home/lidia/ros2_ws/src/install/uc1_tactile_images/include/uc1_tactile_images/uc1_tactile_images/msg/detail/image_array_link__type_support.c
-- Up-to-date: /home/lidia/ros2_ws/src/install/uc1_tactile_images/include/uc1_tactile_images/uc1_tactile_images/msg/detail/image_array_link__rosidl_typesupport_introspection_c.h
-- Up-to-date: /home/lidia/ros2_ws/src/install/uc1_tactile_images/include/uc1_tactile_images/uc1_tactile_images/msg/rosidl_typesupport_introspection_c__visibility_control.h
-- Installing: /home/lidia/ros2_ws/src/install/uc1_tactile_images/lib/libuc1_tactile_images__rosidl_typesupport_introspection_c.so
-- Set non-toolchain portion of runtime path of "/home/lidia/ros2_ws/src/install/uc1_tactile_images/lib/libuc1_tactile_images__rosidl_typesupport_introspection_c.so" to ""
-- Installing: /home/lidia/ros2_ws/src/install/uc1_tactile_images/lib/libuc1_tactile_images__rosidl_typesupport_c.so
-- Set non-toolchain portion of runtime path of "/home/lidia/ros2_ws/src/install/uc1_tactile_images/lib/libuc1_tactile_images__rosidl_typesupport_c.so" to ""
-- Up-to-date: /home/lidia/ros2_ws/src/install/uc1_tactile_images/include/uc1_tactile_images/uc1_tactile_images
-- Up-to-date: /home/lidia/ros2_ws/src/install/uc1_tactile_images/include/uc1_tactile_images/uc1_tactile_images/msg
-- Up-to-date: /home/lidia/ros2_ws/src/install/uc1_tactile_images/include/uc1_tactile_images/uc1_tactile_images/msg/detail
-- Up-to-date: /home/lidia/ros2_ws/src/install/uc1_tactile_images/include/uc1_tactile_images/uc1_tactile_images/msg/detail/image_array_link__type_support.cpp
-- Up-to-date: /home/lidia/ros2_ws/src/install/uc1_tactile_images/include/uc1_tactile_images/uc1_tactile_images/msg/detail/image_array_link__rosidl_typesupport_introspection_cpp.hpp
-- Installing: /home/lidia/ros2_ws/src/install/uc1_tactile_images/lib/libuc1_tactile_images__rosidl_typesupport_introspection_cpp.so
-- Set non-toolchain portion of runtime path of "/home/lidia/ros2_ws/src/install/uc1_tactile_images/lib/libuc1_tactile_images__rosidl_typesupport_introspection_cpp.so" to ""
-- Installing: /home/lidia/ros2_ws/src/install/uc1_tactile_images/lib/libuc1_tactile_images__rosidl_typesupport_cpp.so
-- Set non-toolchain portion of runtime path of "/home/lidia/ros2_ws/src/install/uc1_tactile_images/lib/libuc1_tactile_images__rosidl_typesupport_cpp.so" to ""
-- Up-to-date: /home/lidia/ros2_ws/src/install/uc1_tactile_images/share/uc1_tactile_images/environment/pythonpath.sh
-- Up-to-date: /home/lidia/ros2_ws/src/install/uc1_tactile_images/share/uc1_tactile_images/environment/pythonpath.dsv
-- Up-to-date: /home/lidia/ros2_ws/src/install/uc1_tactile_images/lib/python3.12/site-packages/uc1_tactile_images-0.0.0-py3.12.egg-info
-- Installing: /home/lidia/ros2_ws/src/install/uc1_tactile_images/lib/python3.12/site-packages/uc1_tactile_images-0.0.0-py3.12.egg-info/top_level.txt
-- Installing: /home/lidia/ros2_ws/src/install/uc1_tactile_images/lib/python3.12/site-packages/uc1_tactile_images-0.0.0-py3.12.egg-info/PKG-INFO
-- Installing: /home/lidia/ros2_ws/src/install/uc1_tactile_images/lib/python3.12/site-packages/uc1_tactile_images-0.0.0-py3.12.egg-info/dependency_links.txt
-- Installing: /home/lidia/ros2_ws/src/install/uc1_tactile_images/lib/python3.12/site-packages/uc1_tactile_images-0.0.0-py3.12.egg-info/SOURCES.txt
-- Up-to-date: /home/lidia/ros2_ws/src/install/uc1_tactile_images/lib/python3.12/site-packages/uc1_tactile_images
-- Installing: /home/lidia/ros2_ws/src/install/uc1_tactile_images/lib/python3.12/site-packages/uc1_tactile_images/uc1_tactile_images_s__rosidl_typesupport_c.so
-- Up-to-date: /home/lidia/ros2_ws/src/install/uc1_tactile_images/lib/python3.12/site-packages/uc1_tactile_images/_uc1_tactile_images_s.ep.rosidl_typesupport_fastrtps_c.c
-- Up-to-date: /home/lidia/ros2_ws/src/install/uc1_tactile_images/lib/python3.12/site-packages/uc1_tactile_images/_uc1_tactile_images_s.ep.rosidl_typesupport_c.c
-- Installing: /home/lidia/ros2_ws/src/install/uc1_tactile_images/lib/python3.12/site-packages/uc1_tactile_images/uc1_tactile_images_s__rosidl_typesupport_introspection_c.so
-- Installing: /home/lidia/ros2_ws/src/install/uc1_tactile_images/lib/python3.12/site-packages/uc1_tactile_images/__init__.py
-- Installing: /home/lidia/ros2_ws/src/install/uc1_tactile_images/lib/python3.12/site-packages/uc1_tactile_images/uc1_tactile_images_s__rosidl_typesupport_fastrtps_c.so
-- Up-to-date: /home/lidia/ros2_ws/src/install/uc1_tactile_images/lib/python3.12/site-packages/uc1_tactile_images/msg
-- Up-to-date: /home/lidia/ros2_ws/src/install/uc1_tactile_images/lib/python3.12/site-packages/uc1_tactile_images/msg/__init__.py
-- Up-to-date: /home/lidia/ros2_ws/src/install/uc1_tactile_images/lib/python3.12/site-packages/uc1_tactile_images/msg/_image_array_link.py
-- Up-to-date: /home/lidia/ros2_ws/src/install/uc1_tactile_images/lib/python3.12/site-packages/uc1_tactile_images/msg/_image_array_link_s.c
-- Up-to-date: /home/lidia/ros2_ws/src/install/uc1_tactile_images/lib/python3.12/site-packages/uc1_tactile_images/_uc1_tactile_images_s.ep.rosidl_typesupport_introspection_c.c
Listing '/home/lidia/ros2_ws/src/install/uc1_tactile_images/lib/python3.12/site-packages/uc1_tactile_images'...
Compiling '/home/lidia/ros2_ws/src/install/uc1_tactile_images/lib/python3.12/site-packages/uc1_tactile_images/__init__.py'...
Listing '/home/lidia/ros2_ws/src/install/uc1_tactile_images/lib/python3.12/site-packages/uc1_tactile_images/msg'...
-- Installing: /home/lidia/ros2_ws/src/install/uc1_tactile_images/lib/python3.12/site-packages/uc1_tactile_images/uc1_tactile_images_s__rosidl_typesupport_fastrtps_c.so
-- Set non-toolchain portion of runtime path of "/home/lidia/ros2_ws/src/install/uc1_tactile_images/lib/python3.12/site-packages/uc1_tactile_images/uc1_tactile_images_s__rosidl_typesupport_fastrtps_c.so" to ""
-- Installing: /home/lidia/ros2_ws/src/install/uc1_tactile_images/lib/python3.12/site-packages/uc1_tactile_images/uc1_tactile_images_s__rosidl_typesupport_introspection_c.so
-- Set non-toolchain portion of runtime path of "/home/lidia/ros2_ws/src/install/uc1_tactile_images/lib/python3.12/site-packages/uc1_tactile_images/uc1_tactile_images_s__rosidl_typesupport_introspection_c.so" to ""
-- Installing: /home/lidia/ros2_ws/src/install/uc1_tactile_images/lib/python3.12/site-packages/uc1_tactile_images/uc1_tactile_images_s__rosidl_typesupport_c.so
-- Set non-toolchain portion of runtime path of "/home/lidia/ros2_ws/src/install/uc1_tactile_images/lib/python3.12/site-packages/uc1_tactile_images/uc1_tactile_images_s__rosidl_typesupport_c.so" to ""
-- Installing: /home/lidia/ros2_ws/src/install/uc1_tactile_images/lib/libuc1_tactile_images__rosidl_generator_py.so
-- Set non-toolchain portion of runtime path of "/home/lidia/ros2_ws/src/install/uc1_tactile_images/lib/libuc1_tactile_images__rosidl_generator_py.so" to ""
-- Up-to-date: /home/lidia/ros2_ws/src/install/uc1_tactile_images/share/uc1_tactile_images/msg/ImageArrayLink.idl
-- Up-to-date: /home/lidia/ros2_ws/src/install/uc1_tactile_images/share/uc1_tactile_images/msg/ImageArrayLink.msg
-- Installing: /home/lidia/ros2_ws/src/install/uc1_tactile_images/lib/uc1_tactile_images/tactile_image_publisher
-- Set non-toolchain portion of runtime path of "/home/lidia/ros2_ws/src/install/uc1_tactile_images/lib/uc1_tactile_images/tactile_image_publisher" to "/home/lidia/PFE/librobotskin/build"
-- Installing: /home/lidia/ros2_ws/src/install/uc1_tactile_images/lib/uc1_tactile_images/tactile_image_publisher_hexagon
-- Set non-toolchain portion of runtime path of "/home/lidia/ros2_ws/src/install/uc1_tactile_images/lib/uc1_tactile_images/tactile_image_publisher_hexagon" to "/home/lidia/PFE/librobotskin/build"
-- Installing: /home/lidia/ros2_ws/src/install/uc1_tactile_images/lib/uc1_tactile_images/tactile_image_publisher_curved_gesture
-- Set non-toolchain portion of runtime path of "/home/lidia/ros2_ws/src/install/uc1_tactile_images/lib/uc1_tactile_images/tactile_image_publisher_curved_gesture" to "/home/lidia/PFE/librobotskin/build"
-- Up-to-date: /home/lidia/ros2_ws/src/install/uc1_tactile_images/share/uc1_tactile_images/
-- Up-to-date: /home/lidia/ros2_ws/src/install/uc1_tactile_images/share/uc1_tactile_images//resources
-- Up-to-date: /home/lidia/ros2_ws/src/install/uc1_tactile_images/share/uc1_tactile_images//resources/stl
-- Up-to-date: /home/lidia/ros2_ws/src/install/uc1_tactile_images/share/uc1_tactile_images//resources/stl/wrist1.stl
-- Up-to-date: /home/lidia/ros2_ws/src/install/uc1_tactile_images/share/uc1_tactile_images//resources/stl/shoulder.stl
-- Up-to-date: /home/lidia/ros2_ws/src/install/uc1_tactile_images/share/uc1_tactile_images//resources/stl/base.stl
-- Up-to-date: /home/lidia/ros2_ws/src/install/uc1_tactile_images/share/uc1_tactile_images//resources/stl/upperarm.stl
-- Up-to-date: /home/lidia/ros2_ws/src/install/uc1_tactile_images/share/uc1_tactile_images//resources/stl/forearm.stl
-- Up-to-date: /home/lidia/ros2_ws/src/install/uc1_tactile_images/share/uc1_tactile_images//resources/stl/wrist2.stl
-- Up-to-date: /home/lidia/ros2_ws/src/install/uc1_tactile_images/share/uc1_tactile_images//resources/stl/wrist3.stl
-- Up-to-date: /home/lidia/ros2_ws/src/install/uc1_tactile_images/share/uc1_tactile_images//resources/ply
-- Up-to-date: /home/lidia/ros2_ws/src/install/uc1_tactile_images/share/uc1_tactile_images//resources/ply/forearm.ply
-- Up-to-date: /home/lidia/ros2_ws/src/install/uc1_tactile_images/share/uc1_tactile_images//resources/ply/shoulder.ply
-- Up-to-date: /home/lidia/ros2_ws/src/install/uc1_tactile_images/share/uc1_tactile_images//resources/ply/base.ply
-- Up-to-date: /home/lidia/ros2_ws/src/install/uc1_tactile_images/share/uc1_tactile_images//resources/ply/wrist3.ply
-- Up-to-date: /home/lidia/ros2_ws/src/install/uc1_tactile_images/share/uc1_tactile_images//resources/ply/upperarm.ply
-- Up-to-date: /home/lidia/ros2_ws/src/install/uc1_tactile_images/share/uc1_tactile_images//resources/ply/wrist2.ply
-- Up-to-date: /home/lidia/ros2_ws/src/install/uc1_tactile_images/share/uc1_tactile_images//resources/ply/wrist1.ply
-- Up-to-date: /home/lidia/ros2_ws/src/install/uc1_tactile_images/share/uc1_tactile_images/skin_ids
-- Up-to-date: /home/lidia/ros2_ws/src/install/uc1_tactile_images/share/uc1_tactile_images/skin_ids/IDs_UR10_link1_patch2.txt
-- Up-to-date: /home/lidia/ros2_ws/src/install/uc1_tactile_images/share/uc1_tactile_images/skin_ids/IDs_UR10_link2_patch3.txt
-- Up-to-date: /home/lidia/ros2_ws/src/install/uc1_tactile_images/share/uc1_tactile_images/skin_ids/IDs_UR10_link1_patch1.txt
-- Up-to-date: /home/lidia/ros2_ws/src/install/uc1_tactile_images/share/uc1_tactile_images/skin_ids/old
-- Up-to-date: /home/lidia/ros2_ws/src/install/uc1_tactile_images/share/uc1_tactile_images/skin_ids/old/IDs_UR10_link1_patch2.txt
-- Up-to-date: /home/lidia/ros2_ws/src/install/uc1_tactile_images/share/uc1_tactile_images/skin_ids/old/IDs_UR10_link2_patch3.txt
-- Up-to-date: /home/lidia/ros2_ws/src/install/uc1_tactile_images/share/uc1_tactile_images/skin_ids/old/IDs_UR10_link1_patch1.txt
-- Up-to-date: /home/lidia/ros2_ws/src/install/uc1_tactile_images/share/uc1_tactile_images/skin_ids/old/IDs_UR10_link2_patch1.txt
-- Up-to-date: /home/lidia/ros2_ws/src/install/uc1_tactile_images/share/uc1_tactile_images/skin_ids/old/IDs_UR10_link2_patch2.txt
-- Up-to-date: /home/lidia/ros2_ws/src/install/uc1_tactile_images/share/uc1_tactile_images/skin_ids/old/IDs_UR10_link2_patch4_old.txt
-- Up-to-date: /home/lidia/ros2_ws/src/install/uc1_tactile_images/share/uc1_tactile_images/skin_ids/old/IDs_UR10_link2_patch4.txt
-- Up-to-date: /home/lidia/ros2_ws/src/install/uc1_tactile_images/share/uc1_tactile_images/skin_ids/old/IDs_UR10_link1_patch4.txt
-- Up-to-date: /home/lidia/ros2_ws/src/install/uc1_tactile_images/share/uc1_tactile_images/skin_ids/old/IDs_UR10_link1_patch3.txt
-- Up-to-date: /home/lidia/ros2_ws/src/install/uc1_tactile_images/share/uc1_tactile_images/skin_ids/IDs_UR10_link2_patch1.txt
-- Up-to-date: /home/lidia/ros2_ws/src/install/uc1_tactile_images/share/uc1_tactile_images/skin_ids/IDs_UR10_link2_patch2.txt
-- Up-to-date: /home/lidia/ros2_ws/src/install/uc1_tactile_images/share/uc1_tactile_images/skin_ids/IDs_UR10_link2_patch4.txt
-- Up-to-date: /home/lidia/ros2_ws/src/install/uc1_tactile_images/share/uc1_tactile_images/skin_ids/IDs_UR10_link1_patch4.txt
-- Up-to-date: /home/lidia/ros2_ws/src/install/uc1_tactile_images/share/uc1_tactile_images/skin_ids/IDs_UR10_link1_patch3.txt
-- Up-to-date: /home/lidia/ros2_ws/src/install/uc1_tactile_images/share/uc1_tactile_images/models_onnx
-- Up-to-date: /home/lidia/ros2_ws/src/install/uc1_tactile_images/share/uc1_tactile_images/models_onnx/example_trt_from_net.m
-- Up-to-date: /home/lidia/ros2_ws/src/install/uc1_tactile_images/share/uc1_tactile_images/models_onnx/onnx_checker.m
-- Up-to-date: /home/lidia/ros2_ws/src/install/uc1_tactile_images/share/uc1_tactile_images/models_onnx/codegen
-- Up-to-date: /home/lidia/ros2_ws/src/install/uc1_tactile_images/share/uc1_tactile_images/models_onnx/codegen/mex
-- Up-to-date: /home/lidia/ros2_ws/src/install/uc1_tactile_images/share/uc1_tactile_images/models_onnx/codegen/mex/googlenet_predict
-- Up-to-date: /home/lidia/ros2_ws/src/install/uc1_tactile_images/share/uc1_tactile_images/models_onnx/codegen/mex/googlenet_predict/interface
-- Up-to-date: /home/lidia/ros2_ws/src/install/uc1_tactile_images/share/uc1_tactile_images/models_onnx/codegen/mex/googlenet_predict/interface/_coder_googlenet_predict_mex.cu
-- Up-to-date: /home/lidia/ros2_ws/src/install/uc1_tactile_images/share/uc1_tactile_images/models_onnx/codegen/mex/googlenet_predict/interface/_coder_googlenet_predict_mex.h
-- Up-to-date: /home/lidia/ros2_ws/src/install/uc1_tactile_images/share/uc1_tactile_images/models_onnx/codegen/mex/googlenet_predict/interface/_coder_googlenet_predict_api.cu
-- Up-to-date: /home/lidia/ros2_ws/src/install/uc1_tactile_images/share/uc1_tactile_images/models_onnx/codegen/mex/googlenet_predict/interface/_coder_googlenet_predict_info.h
-- Up-to-date: /home/lidia/ros2_ws/src/install/uc1_tactile_images/share/uc1_tactile_images/models_onnx/codegen/mex/googlenet_predict/interface/_coder_googlenet_predict_api.h
-- Up-to-date: /home/lidia/ros2_ws/src/install/uc1_tactile_images/share/uc1_tactile_images/models_onnx/codegen/mex/googlenet_predict/interface/_coder_googlenet_predict_info.cpp
-- Up-to-date: /home/lidia/ros2_ws/src/install/uc1_tactile_images/share/uc1_tactile_images/models_onnx/codegen/mex/googlenet_predict/googlenet_predict_initialize.cu
-- Up-to-date: /home/lidia/ros2_ws/src/install/uc1_tactile_images/share/uc1_tactile_images/models_onnx/codegen/mex/googlenet_predict/cnn_googlenet0_0_inception_4d-1x1_w.bin
-- Up-to-date: /home/lidia/ros2_ws/src/install/uc1_tactile_images/share/uc1_tactile_images/models_onnx/codegen/mex/googlenet_predict/cnn_googlenet0_0_inception_5a-pool_proj_b.bin
-- Up-to-date: /home/lidia/ros2_ws/src/install/uc1_tactile_images/share/uc1_tactile_images/models_onnx/codegen/mex/googlenet_predict/cnn_googlenet0_0_inception_3b-1x1_w.bin
-- Up-to-date: /home/lidia/ros2_ws/src/install/uc1_tactile_images/share/uc1_tactile_images/models_onnx/codegen/mex/googlenet_predict/cnn_googlenet0_0_inception_5a-3x3_b.bin
-- Up-to-date: /home/lidia/ros2_ws/src/install/uc1_tactile_images/share/uc1_tactile_images/models_onnx/codegen/mex/googlenet_predict/cnn_googlenet0_0_inception_4a-1x1_b.bin
-- Up-to-date: /home/lidia/ros2_ws/src/install/uc1_tactile_images/share/uc1_tactile_images/models_onnx/codegen/mex/googlenet_predict/cpp_mexapi_version.cpp
-- Up-to-date: /home/lidia/ros2_ws/src/install/uc1_tactile_images/share/uc1_tactile_images/models_onnx/codegen/mex/googlenet_predict/cnn_googlenet0_0_conv2-3x3_reduce_w.bin
-- Up-to-date: /home/lidia/ros2_ws/src/install/uc1_tactile_images/share/uc1_tactile_images/models_onnx/codegen/mex/googlenet_predict/predict.h
-- Up-to-date: /home/lidia/ros2_ws/src/install/uc1_tactile_images/share/uc1_tactile_images/models_onnx/codegen/mex/googlenet_predict/cnn_googlenet0_0_inception_4a-3x3_w.bin
-- Up-to-date: /home/lidia/ros2_ws/src/install/uc1_tactile_images/share/uc1_tactile_images/models_onnx/codegen/mex/googlenet_predict/cnn_googlenet0_0_inception_4a-5x5_w.bin
-- Up-to-date: /home/lidia/ros2_ws/src/install/uc1_tactile_images/share/uc1_tactile_images/models_onnx/codegen/mex/googlenet_predict/cnn_googlenet0_0_inception_5b-3x3_w.bin
-- Up-to-date: /home/lidia/ros2_ws/src/install/uc1_tactile_images/share/uc1_tactile_images/models_onnx/codegen/mex/googlenet_predict/cnn_googlenet0_0_inception_4a-3x3_b.bin
-- Up-to-date: /home/lidia/ros2_ws/src/install/uc1_tactile_images/share/uc1_tactile_images/models_onnx/codegen/mex/googlenet_predict/cnn_googlenet0_0_inception_5a-5x5_reduce_b.bin
-- Up-to-date: /home/lidia/ros2_ws/src/install/uc1_tactile_images/share/uc1_tactile_images/models_onnx/codegen/mex/googlenet_predict/cnn_googlenet0_0_inception_5a-5x5_b.bin
-- Up-to-date: /home/lidia/ros2_ws/src/install/uc1_tactile_images/share/uc1_tactile_images/models_onnx/codegen/mex/googlenet_predict/googlenet_predict_mex.sh
-- Up-to-date: /home/lidia/ros2_ws/src/install/uc1_tactile_images/share/uc1_tactile_images/models_onnx/codegen/mex/googlenet_predict/cnn_googlenet0_0_inception_5a-3x3_reduce_b.bin
-- Up-to-date: /home/lidia/ros2_ws/src/install/uc1_tactile_images/share/uc1_tactile_images/models_onnx/codegen/mex/googlenet_predict/cnn_googlenet0_0_inception_4c-3x3_w.bin
-- Up-to-date: /home/lidia/ros2_ws/src/install/uc1_tactile_images/share/uc1_tactile_images/models_onnx/codegen/mex/googlenet_predict/cnn_googlenet0_0_inception_4d-5x5_b.bin
-- Up-to-date: /home/lidia/ros2_ws/src/install/uc1_tactile_images/share/uc1_tactile_images/models_onnx/codegen/mex/googlenet_predict/_clang-format
-- Up-to-date: /home/lidia/ros2_ws/src/install/uc1_tactile_images/share/uc1_tactile_images/models_onnx/codegen/mex/googlenet_predict/cnn_googlenet0_0_inception_4c-pool_proj_b.bin
-- Up-to-date: /home/lidia/ros2_ws/src/install/uc1_tactile_images/share/uc1_tactile_images/models_onnx/codegen/mex/googlenet_predict/DeepLearningNetwork.cu
-- Up-to-date: /home/lidia/ros2_ws/src/install/uc1_tactile_images/share/uc1_tactile_images/models_onnx/codegen/mex/googlenet_predict/cnn_googlenet0_0_inception_4b-5x5_b.bin
-- Up-to-date: /home/lidia/ros2_ws/src/install/uc1_tactile_images/share/uc1_tactile_images/models_onnx/codegen/mex/googlenet_predict/cnn_googlenet0_0_inception_3b-pool_proj_w.bin
-- Up-to-date: /home/lidia/ros2_ws/src/install/uc1_tactile_images/share/uc1_tactile_images/models_onnx/codegen/mex/googlenet_predict/cnn_googlenet0_0_inception_4a-pool_proj_w.bin
-- Up-to-date: /home/lidia/ros2_ws/src/install/uc1_tactile_images/share/uc1_tactile_images/models_onnx/codegen/mex/googlenet_predict/cnn_googlenet0_0_inception_4e-3x3_b.bin
-- Up-to-date: /home/lidia/ros2_ws/src/install/uc1_tactile_images/share/uc1_tactile_images/models_onnx/codegen/mex/googlenet_predict/cnn_googlenet0_0_inception_4b-5x5_reduce_w.bin
-- Up-to-date: /home/lidia/ros2_ws/src/install/uc1_tactile_images/share/uc1_tactile_images/models_onnx/codegen/mex/googlenet_predict/cnn_googlenet0_0_inception_4a-5x5_reduce_b.bin
-- Up-to-date: /home/lidia/ros2_ws/src/install/uc1_tactile_images/share/uc1_tactile_images/models_onnx/codegen/mex/googlenet_predict/cnn_googlenet0_0_loss3-classifier_b.bin
-- Up-to-date: /home/lidia/ros2_ws/src/install/uc1_tactile_images/share/uc1_tactile_images/models_onnx/codegen/mex/googlenet_predict/cnn_googlenet0_0_inception_4e-pool_proj_b.bin
-- Up-to-date: /home/lidia/ros2_ws/src/install/uc1_tactile_images/share/uc1_tactile_images/models_onnx/codegen/mex/googlenet_predict/cnn_googlenet0_0_data_scale.bin
-- Up-to-date: /home/lidia/ros2_ws/src/install/uc1_tactile_images/share/uc1_tactile_images/models_onnx/codegen/mex/googlenet_predict/cnn_googlenet0_0_inception_4c-5x5_b.bin
-- Up-to-date: /home/lidia/ros2_ws/src/install/uc1_tactile_images/share/uc1_tactile_images/models_onnx/codegen/mex/googlenet_predict/cnn_googlenet0_0_inception_4e-3x3_reduce_w.bin
-- Up-to-date: /home/lidia/ros2_ws/src/install/uc1_tactile_images/share/uc1_tactile_images/models_onnx/codegen/mex/googlenet_predict/cnn_googlenet0_0_inception_4d-pool_proj_b.bin
-- Up-to-date: /home/lidia/ros2_ws/src/install/uc1_tactile_images/share/uc1_tactile_images/models_onnx/codegen/mex/googlenet_predict/build.ninja
-- Up-to-date: /home/lidia/ros2_ws/src/install/uc1_tactile_images/share/uc1_tactile_images/models_onnx/codegen/mex/googlenet_predict/rt_nonfinite.cu
-- Up-to-date: /home/lidia/ros2_ws/src/install/uc1_tactile_images/share/uc1_tactile_images/models_onnx/codegen/mex/googlenet_predict/cnn_googlenet0_0_inception_3a-1x1_w.bin
-- Up-to-date: /home/lidia/ros2_ws/src/install/uc1_tactile_images/share/uc1_tactile_images/models_onnx/codegen/mex/googlenet_predict/cnn_googlenet0_0_inception_5b-5x5_reduce_w.bin
-- Up-to-date: /home/lidia/ros2_ws/src/install/uc1_tactile_images/share/uc1_tactile_images/models_onnx/codegen/mex/googlenet_predict/cnn_googlenet0_0_inception_4b-1x1_w.bin
-- Up-to-date: /home/lidia/ros2_ws/src/install/uc1_tactile_images/share/uc1_tactile_images/models_onnx/codegen/mex/googlenet_predict/cnn_googlenet0_0_inception_4c-1x1_b.bin
-- Up-to-date: /home/lidia/ros2_ws/src/install/uc1_tactile_images/share/uc1_tactile_images/models_onnx/codegen/mex/googlenet_predict/cnn_googlenet0_0_inception_3b-3x3_reduce_w.bin
-- Up-to-date: /home/lidia/ros2_ws/src/install/uc1_tactile_images/share/uc1_tactile_images/models_onnx/codegen/mex/googlenet_predict/cnn_googlenet0_0_inception_5b-5x5_w.bin
-- Up-to-date: /home/lidia/ros2_ws/src/install/uc1_tactile_images/share/uc1_tactile_images/models_onnx/codegen/mex/googlenet_predict/cnn_googlenet0_0_inception_4e-5x5_w.bin
-- Up-to-date: /home/lidia/ros2_ws/src/install/uc1_tactile_images/share/uc1_tactile_images/models_onnx/codegen/mex/googlenet_predict/cnn_googlenet0_0_inception_5a-1x1_w.bin
-- Up-to-date: /home/lidia/ros2_ws/src/install/uc1_tactile_images/share/uc1_tactile_images/models_onnx/codegen/mex/googlenet_predict/cnn_googlenet0_0_inception_4c-5x5_reduce_w.bin
-- Up-to-date: /home/lidia/ros2_ws/src/install/uc1_tactile_images/share/uc1_tactile_images/models_onnx/codegen/mex/googlenet_predict/build
-- Up-to-date: /home/lidia/ros2_ws/src/install/uc1_tactile_images/share/uc1_tactile_images/models_onnx/codegen/mex/googlenet_predict/build/glnxa64
-- Up-to-date: /home/lidia/ros2_ws/src/install/uc1_tactile_images/share/uc1_tactile_images/models_onnx/codegen/mex/googlenet_predict/build/glnxa64/.ninja_log
-- Up-to-date: /home/lidia/ros2_ws/src/install/uc1_tactile_images/share/uc1_tactile_images/models_onnx/codegen/mex/googlenet_predict/build/glnxa64/buildLog.log
-- Up-to-date: /home/lidia/ros2_ws/src/install/uc1_tactile_images/share/uc1_tactile_images/models_onnx/codegen/mex/googlenet_predict/build/glnxa64/_coder_googlenet_predict_info.o
-- Up-to-date: /home/lidia/ros2_ws/src/install/uc1_tactile_images/share/uc1_tactile_images/models_onnx/codegen/mex/googlenet_predict/cnn_googlenet0_0_inception_5a-1x1_b.bin
-- Up-to-date: /home/lidia/ros2_ws/src/install/uc1_tactile_images/share/uc1_tactile_images/models_onnx/codegen/mex/googlenet_predict/cnn_googlenet0_0_loss3-classifier_w.bin
-- Up-to-date: /home/lidia/ros2_ws/src/install/uc1_tactile_images/share/uc1_tactile_images/models_onnx/codegen/mex/googlenet_predict/googlenet_predict.h
-- Up-to-date: /home/lidia/ros2_ws/src/install/uc1_tactile_images/share/uc1_tactile_images/models_onnx/codegen/mex/googlenet_predict/googlenet_predict_mexutil.cu
-- Up-to-date: /home/lidia/ros2_ws/src/install/uc1_tactile_images/share/uc1_tactile_images/models_onnx/codegen/mex/googlenet_predict/cnn_googlenet0_0_inception_3a-1x1_b.bin
-- Up-to-date: /home/lidia/ros2_ws/src/install/uc1_tactile_images/share/uc1_tactile_images/models_onnx/codegen/mex/googlenet_predict/cnn_googlenet0_0_conv2-3x3_reduce_b.bin
-- Up-to-date: /home/lidia/ros2_ws/src/install/uc1_tactile_images/share/uc1_tactile_images/models_onnx/codegen/mex/googlenet_predict/cnn_googlenet0_0_inception_4e-3x3_w.bin
-- Up-to-date: /home/lidia/ros2_ws/src/install/uc1_tactile_images/share/uc1_tactile_images/models_onnx/codegen/mex/googlenet_predict/cnn_googlenet0_0_inception_4e-1x1_w.bin
-- Up-to-date: /home/lidia/ros2_ws/src/install/uc1_tactile_images/share/uc1_tactile_images/models_onnx/codegen/mex/googlenet_predict/cnn_googlenet0_0_inception_5a-5x5_reduce_w.bin
-- Up-to-date: /home/lidia/ros2_ws/src/install/uc1_tactile_images/share/uc1_tactile_images/models_onnx/codegen/mex/googlenet_predict/googlenet_predict_terminate.cu
-- Up-to-date: /home/lidia/ros2_ws/src/install/uc1_tactile_images/share/uc1_tactile_images/models_onnx/codegen/mex/googlenet_predict/googlenet_predict_types.h
-- Up-to-date: /home/lidia/ros2_ws/src/install/uc1_tactile_images/share/uc1_tactile_images/models_onnx/codegen/mex/googlenet_predict/cnn_googlenet0_0_inception_5b-5x5_reduce_b.bin
-- Up-to-date: /home/lidia/ros2_ws/src/install/uc1_tactile_images/share/uc1_tactile_images/models_onnx/codegen/mex/googlenet_predict/cnn_googlenet0_0_inception_4c-3x3_b.bin
-- Up-to-date: /home/lidia/ros2_ws/src/install/uc1_tactile_images/share/uc1_tactile_images/models_onnx/codegen/mex/googlenet_predict/cnn_googlenet0_0_inception_4e-1x1_b.bin
-- Up-to-date: /home/lidia/ros2_ws/src/install/uc1_tactile_images/share/uc1_tactile_images/models_onnx/codegen/mex/googlenet_predict/cnn_googlenet0_0_conv1-7x7_s2_w.bin
-- Up-to-date: /home/lidia/ros2_ws/src/install/uc1_tactile_images/share/uc1_tactile_images/models_onnx/codegen/mex/googlenet_predict/gpu_codegen_info.mat
-- Up-to-date: /home/lidia/ros2_ws/src/install/uc1_tactile_images/share/uc1_tactile_images/models_onnx/codegen/mex/googlenet_predict/cnn_googlenet0_0_inception_4b-3x3_b.bin
-- Up-to-date: /home/lidia/ros2_ws/src/install/uc1_tactile_images/share/uc1_tactile_images/models_onnx/codegen/mex/googlenet_predict/cnn_googlenet0_0_conv2-3x3_b.bin
-- Up-to-date: /home/lidia/ros2_ws/src/install/uc1_tactile_images/share/uc1_tactile_images/models_onnx/codegen/mex/googlenet_predict/cnn_googlenet0_0_outputlabels.txt
-- Up-to-date: /home/lidia/ros2_ws/src/install/uc1_tactile_images/share/uc1_tactile_images/models_onnx/codegen/mex/googlenet_predict/cnn_googlenet0_0_inception_4b-1x1_b.bin
-- Up-to-date: /home/lidia/ros2_ws/src/install/uc1_tactile_images/share/uc1_tactile_images/models_onnx/codegen/mex/googlenet_predict/cnn_googlenet0_0_inception_4b-3x3_reduce_w.bin
-- Up-to-date: /home/lidia/ros2_ws/src/install/uc1_tactile_images/share/uc1_tactile_images/models_onnx/codegen/mex/googlenet_predict/googlenet_predict.cu
-- Up-to-date: /home/lidia/ros2_ws/src/install/uc1_tactile_images/share/uc1_tactile_images/models_onnx/codegen/mex/googlenet_predict/cnn_googlenet0_0_inception_4e-pool_proj_w.bin
-- Up-to-date: /home/lidia/ros2_ws/src/install/uc1_tactile_images/share/uc1_tactile_images/models_onnx/codegen/mex/googlenet_predict/cnn_googlenet0_0_inception_5a-pool_proj_w.bin
-- Up-to-date: /home/lidia/ros2_ws/src/install/uc1_tactile_images/share/uc1_tactile_images/models_onnx/codegen/mex/googlenet_predict/cnn_googlenet0_0_inception_3b-3x3_reduce_b.bin
-- Up-to-date: /home/lidia/ros2_ws/src/install/uc1_tactile_images/share/uc1_tactile_images/models_onnx/codegen/mex/googlenet_predict/cnn_googlenet0_0_inception_3b-5x5_w.bin
-- Up-to-date: /home/lidia/ros2_ws/src/install/uc1_tactile_images/share/uc1_tactile_images/models_onnx/codegen/mex/googlenet_predict/cnn_googlenet0_0_inception_4b-pool_proj_b.bin
-- Up-to-date: /home/lidia/ros2_ws/src/install/uc1_tactile_images/share/uc1_tactile_images/models_onnx/codegen/mex/googlenet_predict/googlenet_predict_data.cu
-- Up-to-date: /home/lidia/ros2_ws/src/install/uc1_tactile_images/share/uc1_tactile_images/models_onnx/codegen/mex/googlenet_predict/googlenet_predict_data.h
-- Up-to-date: /home/lidia/ros2_ws/src/install/uc1_tactile_images/share/uc1_tactile_images/models_onnx/codegen/mex/googlenet_predict/cnn_googlenet0_0_inception_4b-3x3_reduce_b.bin
-- Up-to-date: /home/lidia/ros2_ws/src/install/uc1_tactile_images/share/uc1_tactile_images/models_onnx/codegen/mex/googlenet_predict/cnn_googlenet0_0_inception_4e-5x5_reduce_w.bin
-- Up-to-date: /home/lidia/ros2_ws/src/install/uc1_tactile_images/share/uc1_tactile_images/models_onnx/codegen/mex/googlenet_predict/cnn_googlenet0_0_inception_3a-3x3_reduce_b.bin
-- Up-to-date: /home/lidia/ros2_ws/src/install/uc1_tactile_images/share/uc1_tactile_images/models_onnx/codegen/mex/googlenet_predict/cnn_googlenet0_0_inception_3a-5x5_w.bin
-- Up-to-date: /home/lidia/ros2_ws/src/install/uc1_tactile_images/share/uc1_tactile_images/models_onnx/codegen/mex/googlenet_predict/cnn_googlenet0_0_inception_4e-5x5_b.bin
-- Up-to-date: /home/lidia/ros2_ws/src/install/uc1_tactile_images/share/uc1_tactile_images/models_onnx/codegen/mex/googlenet_predict/cnn_googlenet0_0_inception_4a-3x3_reduce_b.bin
-- Up-to-date: /home/lidia/ros2_ws/src/install/uc1_tactile_images/share/uc1_tactile_images/models_onnx/codegen/mex/googlenet_predict/cnn_googlenet0_0_conv1-7x7_s2_b.bin
-- Up-to-date: /home/lidia/ros2_ws/src/install/uc1_tactile_images/share/uc1_tactile_images/models_onnx/codegen/mex/googlenet_predict/cnn_googlenet0_0_inception_5a-3x3_w.bin
-- Up-to-date: /home/lidia/ros2_ws/src/install/uc1_tactile_images/share/uc1_tactile_images/models_onnx/codegen/mex/googlenet_predict/cnn_googlenet0_0_conv2-3x3_w.bin
-- Up-to-date: /home/lidia/ros2_ws/src/install/uc1_tactile_images/share/uc1_tactile_images/models_onnx/codegen/mex/googlenet_predict/cnn_googlenet0_0_inception_5b-3x3_b.bin
-- Up-to-date: /home/lidia/ros2_ws/src/install/uc1_tactile_images/share/uc1_tactile_images/models_onnx/codegen/mex/googlenet_predict/cnn_googlenet0_0_inception_4b-3x3_w.bin
-- Up-to-date: /home/lidia/ros2_ws/src/install/uc1_tactile_images/share/uc1_tactile_images/models_onnx/codegen/mex/googlenet_predict/cnn_googlenet0_0_inception_3b-3x3_b.bin
-- Up-to-date: /home/lidia/ros2_ws/src/install/uc1_tactile_images/share/uc1_tactile_images/models_onnx/codegen/mex/googlenet_predict/cnn_googlenet0_0_inception_3b-pool_proj_b.bin
-- Up-to-date: /home/lidia/ros2_ws/src/install/uc1_tactile_images/share/uc1_tactile_images/models_onnx/codegen/mex/googlenet_predict/cnn_googlenet0_0_inception_4b-5x5_reduce_b.bin
-- Up-to-date: /home/lidia/ros2_ws/src/install/uc1_tactile_images/share/uc1_tactile_images/models_onnx/codegen/mex/googlenet_predict/cnn_googlenet0_0_inception_4a-1x1_w.bin
-- Up-to-date: /home/lidia/ros2_ws/src/install/uc1_tactile_images/share/uc1_tactile_images/models_onnx/codegen/mex/googlenet_predict/cnn_googlenet0_0_inception_4a-5x5_b.bin
-- Up-to-date: /home/lidia/ros2_ws/src/install/uc1_tactile_images/share/uc1_tactile_images/models_onnx/codegen/mex/googlenet_predict/cnn_googlenet0_0_inception_3b-5x5_reduce_b.bin
-- Up-to-date: /home/lidia/ros2_ws/src/install/uc1_tactile_images/share/uc1_tactile_images/models_onnx/codegen/mex/googlenet_predict/cnn_googlenet0_0_inception_5b-pool_proj_b.bin
-- Up-to-date: /home/lidia/ros2_ws/src/install/uc1_tactile_images/share/uc1_tactile_images/models_onnx/codegen/mex/googlenet_predict/cnn_googlenet0_0_inception_3a-3x3_b.bin
-- Up-to-date: /home/lidia/ros2_ws/src/install/uc1_tactile_images/share/uc1_tactile_images/models_onnx/codegen/mex/googlenet_predict/cnn_googlenet0_0_inception_4d-5x5_reduce_b.bin
-- Up-to-date: /home/lidia/ros2_ws/src/install/uc1_tactile_images/share/uc1_tactile_images/models_onnx/codegen/mex/googlenet_predict/cnn_googlenet0_0_inception_3b-5x5_reduce_w.bin
-- Up-to-date: /home/lidia/ros2_ws/src/install/uc1_tactile_images/share/uc1_tactile_images/models_onnx/codegen/mex/googlenet_predict/cnn_googlenet0_0_inception_4c-3x3_reduce_b.bin
-- Up-to-date: /home/lidia/ros2_ws/src/install/uc1_tactile_images/share/uc1_tactile_images/models_onnx/codegen/mex/googlenet_predict/cnn_googlenet0_0_inception_4d-3x3_reduce_b.bin
-- Up-to-date: /home/lidia/ros2_ws/src/install/uc1_tactile_images/share/uc1_tactile_images/models_onnx/codegen/mex/googlenet_predict/cnn_googlenet0_0_inception_5b-3x3_reduce_b.bin
-- Up-to-date: /home/lidia/ros2_ws/src/install/uc1_tactile_images/share/uc1_tactile_images/models_onnx/codegen/mex/googlenet_predict/cnn_googlenet0_0_inception_4b-pool_proj_w.bin
-- Up-to-date: /home/lidia/ros2_ws/src/install/uc1_tactile_images/share/uc1_tactile_images/models_onnx/codegen/mex/googlenet_predict/cnn_googlenet0_0_inception_4d-1x1_b.bin
-- Up-to-date: /home/lidia/ros2_ws/src/install/uc1_tactile_images/share/uc1_tactile_images/models_onnx/codegen/mex/googlenet_predict/MWCudaDimUtility.hpp
-- Up-to-date: /home/lidia/ros2_ws/src/install/uc1_tactile_images/share/uc1_tactile_images/models_onnx/codegen/mex/googlenet_predict/cnn_googlenet0_0_inception_4d-3x3_b.bin
-- Up-to-date: /home/lidia/ros2_ws/src/install/uc1_tactile_images/share/uc1_tactile_images/models_onnx/codegen/mex/googlenet_predict/html
-- Up-to-date: /home/lidia/ros2_ws/src/install/uc1_tactile_images/share/uc1_tactile_images/models_onnx/codegen/mex/googlenet_predict/html/report.mldatx
-- Up-to-date: /home/lidia/ros2_ws/src/install/uc1_tactile_images/share/uc1_tactile_images/models_onnx/codegen/mex/googlenet_predict/predict.cu
-- Up-to-date: /home/lidia/ros2_ws/src/install/uc1_tactile_images/share/uc1_tactile_images/models_onnx/codegen/mex/googlenet_predict/cnn_googlenet0_0_inception_5b-1x1_b.bin
-- Up-to-date: /home/lidia/ros2_ws/src/install/uc1_tactile_images/share/uc1_tactile_images/models_onnx/codegen/mex/googlenet_predict/DeepLearningNetwork.h
-- Up-to-date: /home/lidia/ros2_ws/src/install/uc1_tactile_images/share/uc1_tactile_images/models_onnx/codegen/mex/googlenet_predict/cnn_googlenet0_0_inception_4a-5x5_reduce_w.bin
-- Up-to-date: /home/lidia/ros2_ws/src/install/uc1_tactile_images/share/uc1_tactile_images/models_onnx/codegen/mex/googlenet_predict/cnn_googlenet0_0_inception_4c-5x5_reduce_b.bin
-- Up-to-date: /home/lidia/ros2_ws/src/install/uc1_tactile_images/share/uc1_tactile_images/models_onnx/codegen/mex/googlenet_predict/cnn_googlenet0_0_inception_3a-5x5_reduce_w.bin
-- Up-to-date: /home/lidia/ros2_ws/src/install/uc1_tactile_images/share/uc1_tactile_images/models_onnx/codegen/mex/googlenet_predict/cnn_googlenet0_0_inception_5b-5x5_b.bin
-- Up-to-date: /home/lidia/ros2_ws/src/install/uc1_tactile_images/share/uc1_tactile_images/models_onnx/codegen/mex/googlenet_predict/cnn_googlenet0_0_inception_4e-5x5_reduce_b.bin
-- Up-to-date: /home/lidia/ros2_ws/src/install/uc1_tactile_images/share/uc1_tactile_images/models_onnx/codegen/mex/googlenet_predict/cnn_googlenet0_0_inception_4d-5x5_reduce_w.bin
-- Up-to-date: /home/lidia/ros2_ws/src/install/uc1_tactile_images/share/uc1_tactile_images/models_onnx/codegen/mex/googlenet_predict/cnn_googlenet0_0_inception_5b-1x1_w.bin
-- Up-to-date: /home/lidia/ros2_ws/src/install/uc1_tactile_images/share/uc1_tactile_images/models_onnx/codegen/mex/googlenet_predict/cnn_googlenet0_0_inception_4d-pool_proj_w.bin
-- Up-to-date: /home/lidia/ros2_ws/src/install/uc1_tactile_images/share/uc1_tactile_images/models_onnx/codegen/mex/googlenet_predict/cnn_googlenet0_0_inception_4e-3x3_reduce_b.bin
-- Up-to-date: /home/lidia/ros2_ws/src/install/uc1_tactile_images/share/uc1_tactile_images/models_onnx/codegen/mex/googlenet_predict/cnn_googlenet0_0_inception_5a-5x5_w.bin
-- Up-to-date: /home/lidia/ros2_ws/src/install/uc1_tactile_images/share/uc1_tactile_images/models_onnx/codegen/mex/googlenet_predict/cnn_googlenet0_0_inception_3a-3x3_reduce_w.bin
-- Up-to-date: /home/lidia/ros2_ws/src/install/uc1_tactile_images/share/uc1_tactile_images/models_onnx/codegen/mex/googlenet_predict/cnn_googlenet0_0_data_offset.bin
-- Up-to-date: /home/lidia/ros2_ws/src/install/uc1_tactile_images/share/uc1_tactile_images/models_onnx/codegen/mex/googlenet_predict/cnn_googlenet0_0_inception_4d-3x3_w.bin
-- Up-to-date: /home/lidia/ros2_ws/src/install/uc1_tactile_images/share/uc1_tactile_images/models_onnx/codegen/mex/googlenet_predict/cnn_googlenet0_0_inception_4a-3x3_reduce_w.bin
-- Up-to-date: /home/lidia/ros2_ws/src/install/uc1_tactile_images/share/uc1_tactile_images/models_onnx/codegen/mex/googlenet_predict/googlenet_predict_initialize.h
-- Up-to-date: /home/lidia/ros2_ws/src/install/uc1_tactile_images/share/uc1_tactile_images/models_onnx/codegen/mex/googlenet_predict/cnn_googlenet0_0_inception_4c-3x3_reduce_w.bin
-- Up-to-date: /home/lidia/ros2_ws/src/install/uc1_tactile_images/share/uc1_tactile_images/models_onnx/codegen/mex/googlenet_predict/cnn_googlenet0_0_inception_3a-pool_proj_b.bin
-- Up-to-date: /home/lidia/ros2_ws/src/install/uc1_tactile_images/share/uc1_tactile_images/models_onnx/codegen/mex/googlenet_predict/cnn_googlenet0_0_inception_3a-pool_proj_w.bin
-- Up-to-date: /home/lidia/ros2_ws/src/install/uc1_tactile_images/share/uc1_tactile_images/models_onnx/codegen/mex/googlenet_predict/cnn_googlenet0_0_inception_5b-pool_proj_w.bin
-- Up-to-date: /home/lidia/ros2_ws/src/install/uc1_tactile_images/share/uc1_tactile_images/models_onnx/codegen/mex/googlenet_predict/cnn_googlenet0_0_inception_3a-3x3_w.bin
-- Up-to-date: /home/lidia/ros2_ws/src/install/uc1_tactile_images/share/uc1_tactile_images/models_onnx/codegen/mex/googlenet_predict/cnn_googlenet0_0_inception_4c-pool_proj_w.bin
-- Up-to-date: /home/lidia/ros2_ws/src/install/uc1_tactile_images/share/uc1_tactile_images/models_onnx/codegen/mex/googlenet_predict/googlenet_predict_mexutil.h
-- Up-to-date: /home/lidia/ros2_ws/src/install/uc1_tactile_images/share/uc1_tactile_images/models_onnx/codegen/mex/googlenet_predict/cnn_googlenet0_0_inception_3a-5x5_b.bin
-- Up-to-date: /home/lidia/ros2_ws/src/install/uc1_tactile_images/share/uc1_tactile_images/models_onnx/codegen/mex/googlenet_predict/cnn_googlenet0_0_inception_4b-5x5_w.bin
-- Up-to-date: /home/lidia/ros2_ws/src/install/uc1_tactile_images/share/uc1_tactile_images/models_onnx/codegen/mex/googlenet_predict/rt_nonfinite.h
-- Up-to-date: /home/lidia/ros2_ws/src/install/uc1_tactile_images/share/uc1_tactile_images/models_onnx/codegen/mex/googlenet_predict/cnn_googlenet0_0_inception_3a-5x5_reduce_b.bin
-- Up-to-date: /home/lidia/ros2_ws/src/install/uc1_tactile_images/share/uc1_tactile_images/models_onnx/codegen/mex/googlenet_predict/googlenet_predict_terminate.h
-- Up-to-date: /home/lidia/ros2_ws/src/install/uc1_tactile_images/share/uc1_tactile_images/models_onnx/codegen/mex/googlenet_predict/rtwtypes.h
-- Up-to-date: /home/lidia/ros2_ws/src/install/uc1_tactile_images/share/uc1_tactile_images/models_onnx/codegen/mex/googlenet_predict/cnn_googlenet0_0_inception_5b-3x3_reduce_w.bin
-- Up-to-date: /home/lidia/ros2_ws/src/install/uc1_tactile_images/share/uc1_tactile_images/models_onnx/codegen/mex/googlenet_predict/cnn_googlenet0_0_inception_4c-5x5_w.bin
-- Up-to-date: /home/lidia/ros2_ws/src/install/uc1_tactile_images/share/uc1_tactile_images/models_onnx/codegen/mex/googlenet_predict/buildInfo.mat
-- Up-to-date: /home/lidia/ros2_ws/src/install/uc1_tactile_images/share/uc1_tactile_images/models_onnx/codegen/mex/googlenet_predict/cnn_googlenet0_0_inception_5a-3x3_reduce_w.bin
-- Up-to-date: /home/lidia/ros2_ws/src/install/uc1_tactile_images/share/uc1_tactile_images/models_onnx/codegen/mex/googlenet_predict/cnn_googlenet0_0_inception_3b-3x3_w.bin
-- Up-to-date: /home/lidia/ros2_ws/src/install/uc1_tactile_images/share/uc1_tactile_images/models_onnx/codegen/mex/googlenet_predict/cnn_googlenet0_0_inception_4c-1x1_w.bin
-- Up-to-date: /home/lidia/ros2_ws/src/install/uc1_tactile_images/share/uc1_tactile_images/models_onnx/codegen/mex/googlenet_predict/cnn_googlenet0_0_inception_4a-pool_proj_b.bin
-- Up-to-date: /home/lidia/ros2_ws/src/install/uc1_tactile_images/share/uc1_tactile_images/models_onnx/codegen/mex/googlenet_predict/cnn_googlenet0_0_inception_4d-3x3_reduce_w.bin
-- Up-to-date: /home/lidia/ros2_ws/src/install/uc1_tactile_images/share/uc1_tactile_images/models_onnx/codegen/mex/googlenet_predict/networkParamsInfo_googlenet0_0.bin
-- Up-to-date: /home/lidia/ros2_ws/src/install/uc1_tactile_images/share/uc1_tactile_images/models_onnx/codegen/mex/googlenet_predict/cnn_googlenet0_0_inception_3b-5x5_b.bin
-- Up-to-date: /home/lidia/ros2_ws/src/install/uc1_tactile_images/share/uc1_tactile_images/models_onnx/codegen/mex/googlenet_predict/cnn_googlenet0_0_inception_4d-5x5_w.bin
-- Up-to-date: /home/lidia/ros2_ws/src/install/uc1_tactile_images/share/uc1_tactile_images/models_onnx/codegen/mex/googlenet_predict/googlenet_predict_internal_types.h
-- Up-to-date: /home/lidia/ros2_ws/src/install/uc1_tactile_images/share/uc1_tactile_images/models_onnx/codegen/mex/googlenet_predict/cnn_googlenet0_0_inception_3b-1x1_b.bin
-- Up-to-date: /home/lidia/ros2_ws/src/install/uc1_tactile_images/share/uc1_tactile_images/models_onnx/HandsNet_handles_finetuned.onnx
-- Up-to-date: /home/lidia/ros2_ws/src/install/uc1_tactile_images/share/uc1_tactile_images/models_onnx/googlenet_predict.m
-- Up-to-date: /home/lidia/ros2_ws/src/install/uc1_tactile_images/share/uc1_tactile_images/models_onnx/handsnet_finetuned.onnx
-- Up-to-date: /home/lidia/ros2_ws/src/install/uc1_tactile_images/share/uc1_tactile_images/models_onnx/HandsNetFcn.m
-- Up-to-date: /home/lidia/ros2_ws/src/install/uc1_tactile_images/share/uc1_tactile_images/package.xml
-- Up-to-date: /home/lidia/ros2_ws/src/install/uc1_tactile_images/share/uc1_tactile_images/calibration_files
-- Up-to-date: /home/lidia/ros2_ws/src/install/uc1_tactile_images/share/uc1_tactile_images/calibration_files/old
-- Up-to-date: /home/lidia/ros2_ws/src/install/uc1_tactile_images/share/uc1_tactile_images/calibration_files/old/UR10_link2_patch1.json
-- Up-to-date: /home/lidia/ros2_ws/src/install/uc1_tactile_images/share/uc1_tactile_images/calibration_files/old/UR10_link1_patch3_4.json
-- Up-to-date: /home/lidia/ros2_ws/src/install/uc1_tactile_images/share/uc1_tactile_images/calibration_files/old/hexagon_patch_zwick.json
-- Up-to-date: /home/lidia/ros2_ws/src/install/uc1_tactile_images/share/uc1_tactile_images/calibration_files/old/UR10_link1_patch4.json
-- Up-to-date: /home/lidia/ros2_ws/src/install/uc1_tactile_images/share/uc1_tactile_images/calibration_files/old/BUDAPEST_link2_patches1e3.json
-- Up-to-date: /home/lidia/ros2_ws/src/install/uc1_tactile_images/share/uc1_tactile_images/calibration_files/old/CASE_patch2.json
-- Up-to-date: /home/lidia/ros2_ws/src/install/uc1_tactile_images/share/uc1_tactile_images/calibration_files/old/BUDAPEST_link2_patches1e2_tmap.json
-- Up-to-date: /home/lidia/ros2_ws/src/install/uc1_tactile_images/share/uc1_tactile_images/calibration_files/old/CASE_patch3.json
-- Up-to-date: /home/lidia/ros2_ws/src/install/uc1_tactile_images/share/uc1_tactile_images/calibration_files/old/BUDAPEST_link2_patches1e3_tmap.json
-- Up-to-date: /home/lidia/ros2_ws/src/install/uc1_tactile_images/share/uc1_tactile_images/calibration_files/old/UR10_link1_patch2.json
-- Up-to-date: /home/lidia/ros2_ws/src/install/uc1_tactile_images/share/uc1_tactile_images/calibration_files/old/CASE_patch1.json
-- Up-to-date: /home/lidia/ros2_ws/src/install/uc1_tactile_images/share/uc1_tactile_images/calibration_files/old/DEMO_patch_3.json
-- Up-to-date: /home/lidia/ros2_ws/src/install/uc1_tactile_images/share/uc1_tactile_images/calibration_files/old/UR10_link2_patch4.json
-- Up-to-date: /home/lidia/ros2_ws/src/install/uc1_tactile_images/share/uc1_tactile_images/calibration_files/old/CASE_patch4.json
-- Up-to-date: /home/lidia/ros2_ws/src/install/uc1_tactile_images/share/uc1_tactile_images/calibration_files/old/UR10_link2_patch3.json
-- Up-to-date: /home/lidia/ros2_ws/src/install/uc1_tactile_images/share/uc1_tactile_images/calibration_files/old/UR10_link2_patch2.json
-- Up-to-date: /home/lidia/ros2_ws/src/install/uc1_tactile_images/share/uc1_tactile_images/calibration_files/old/UR10_link1_patch1_2.json
-- Up-to-date: /home/lidia/ros2_ws/src/install/uc1_tactile_images/share/uc1_tactile_images/calibration_files/old/UR10_link1_patch1.json
-- Up-to-date: /home/lidia/ros2_ws/src/install/uc1_tactile_images/share/uc1_tactile_images/calibration_files/old/BUDAPEST_link2_patches1e2.json
-- Up-to-date: /home/lidia/ros2_ws/src/install/uc1_tactile_images/share/uc1_tactile_images/calibration_files/old/UR10_link1_patch3.json
-- Up-to-date: /home/lidia/ros2_ws/src/install/uc1_tactile_images/share/uc1_tactile_images/calibration_files/old/UR10_link2_patch4_old.json
-- Up-to-date: /home/lidia/ros2_ws/src/install/uc1_tactile_images/share/uc1_tactile_images/calibration_files/old/DEMO_link2_patches1e3_full.json
-- Up-to-date: /home/lidia/ros2_ws/src/install/uc1_tactile_images/share/uc1_tactile_images/calibration_files/old/curved_gesture_patch.json
-- Up-to-date: /home/lidia/ros2_ws/src/install/uc1_tactile_images/share/uc1_tactile_images/calibration_files/old/DEMO_patch_1.json
-- Up-to-date: /home/lidia/ros2_ws/src/install/uc1_tactile_images/share/uc1_tactile_images/calibration_files/old/BUDAPEST_link2_patches1e3.json.old
-- Up-to-date: /home/lidia/ros2_ws/src/install/uc1_tactile_images/share/uc1_tactile_images/calibration_files/old/DEMO_link2_patches1e3_full.json.old
-- Up-to-date: /home/lidia/ros2_ws/src/install/uc1_tactile_images/share/uc1_tactile_images/calibration_files/hexagon_tpu_1_full_isomap.json
-- Up-to-date: /home/lidia/ros2_ws/src/install/uc1_tactile_images/share/uc1_tactile_images/calibration_files/hexagon_cyskin_full_isomap.json
-- Up-to-date: /home/lidia/ros2_ws/src/install/uc1_tactile_images/share/uc1_tactile_images/calibration_files/curved_gesture_patch_full_isomap.json
-- Up-to-date: /home/lidia/ros2_ws/src/install/uc1_tactile_images/share/uc1_tactile_images/calibration_files/UR10e_SKIN_CALIBRATION_FILES
-- Up-to-date: /home/lidia/ros2_ws/src/install/uc1_tactile_images/share/uc1_tactile_images/calibration_files/UR10e_SKIN_CALIBRATION_FILES/ur10e_link1_patch1_full_isomap.json
-- Up-to-date: /home/lidia/ros2_ws/src/install/uc1_tactile_images/share/uc1_tactile_images/calibration_files/UR10e_SKIN_CALIBRATION_FILES/ur10e_link2_patch4_flatmap.json
-- Up-to-date: /home/lidia/ros2_ws/src/install/uc1_tactile_images/share/uc1_tactile_images/calibration_files/UR10e_SKIN_CALIBRATION_FILES/ur10e_link2_patch3_isomap.json
-- Up-to-date: /home/lidia/ros2_ws/src/install/uc1_tactile_images/share/uc1_tactile_images/calibration_files/UR10e_SKIN_CALIBRATION_FILES/ur10e_link2_patch1_full_isomap.json
-- Up-to-date: /home/lidia/ros2_ws/src/install/uc1_tactile_images/share/uc1_tactile_images/calibration_files/UR10e_SKIN_CALIBRATION_FILES/ur10e_link1_patch3_full_isomap.json
-- Up-to-date: /home/lidia/ros2_ws/src/install/uc1_tactile_images/share/uc1_tactile_images/calibration_files/UR10e_SKIN_CALIBRATION_FILES/ur10e_link1_patch1.json
-- Up-to-date: /home/lidia/ros2_ws/src/install/uc1_tactile_images/share/uc1_tactile_images/calibration_files/UR10e_SKIN_CALIBRATION_FILES/ur10e_link2_patch4_full_isomap.json
-- Up-to-date: /home/lidia/ros2_ws/src/install/uc1_tactile_images/share/uc1_tactile_images/calibration_files/UR10e_SKIN_CALIBRATION_FILES/ur10e_link2_patch3_full_isomap.json
-- Up-to-date: /home/lidia/ros2_ws/src/install/uc1_tactile_images/share/uc1_tactile_images/calibration_files/UR10e_SKIN_CALIBRATION_FILES/ur10e_link1_patch4_flatmap.json
-- Up-to-date: /home/lidia/ros2_ws/src/install/uc1_tactile_images/share/uc1_tactile_images/calibration_files/UR10e_SKIN_CALIBRATION_FILES/ur10e_link1_patch4_isomap.json
-- Up-to-date: /home/lidia/ros2_ws/src/install/uc1_tactile_images/share/uc1_tactile_images/calibration_files/UR10e_SKIN_CALIBRATION_FILES/ur10e_link1_patch4_full_flatmap.json
-- Up-to-date: /home/lidia/ros2_ws/src/install/uc1_tactile_images/share/uc1_tactile_images/calibration_files/UR10e_SKIN_CALIBRATION_FILES/ur10e_link1_patch2_full_isomap.json
-- Up-to-date: /home/lidia/ros2_ws/src/install/uc1_tactile_images/share/uc1_tactile_images/calibration_files/UR10e_SKIN_CALIBRATION_FILES/ur10e_link2_patch2_full_flatmap.json
-- Up-to-date: /home/lidia/ros2_ws/src/install/uc1_tactile_images/share/uc1_tactile_images/calibration_files/UR10e_SKIN_CALIBRATION_FILES/ur10e_link2_patch2_flatmap.json
-- Up-to-date: /home/lidia/ros2_ws/src/install/uc1_tactile_images/share/uc1_tactile_images/calibration_files/UR10e_SKIN_CALIBRATION_FILES/ur10e_link2_patch3.json
-- Up-to-date: /home/lidia/ros2_ws/src/install/uc1_tactile_images/share/uc1_tactile_images/calibration_files/UR10e_SKIN_CALIBRATION_FILES/ur10e_link1_patch3_flatmap.json
-- Up-to-date: /home/lidia/ros2_ws/src/install/uc1_tactile_images/share/uc1_tactile_images/calibration_files/UR10e_SKIN_CALIBRATION_FILES/ur10e_link2_patch3_flatmap.json
-- Up-to-date: /home/lidia/ros2_ws/src/install/uc1_tactile_images/share/uc1_tactile_images/calibration_files/UR10e_SKIN_CALIBRATION_FILES/ur10e_link2_patch2_full_isomap.json
-- Up-to-date: /home/lidia/ros2_ws/src/install/uc1_tactile_images/share/uc1_tactile_images/calibration_files/UR10e_SKIN_CALIBRATION_FILES/ur10e_link2_patch1_flatmap.json
-- Up-to-date: /home/lidia/ros2_ws/src/install/uc1_tactile_images/share/uc1_tactile_images/calibration_files/UR10e_SKIN_CALIBRATION_FILES/ur10e_link2_patch4_full_flatmap.json
-- Up-to-date: /home/lidia/ros2_ws/src/install/uc1_tactile_images/share/uc1_tactile_images/calibration_files/UR10e_SKIN_CALIBRATION_FILES/ur10e_link1_patch3_isomap.json
-- Up-to-date: /home/lidia/ros2_ws/src/install/uc1_tactile_images/share/uc1_tactile_images/calibration_files/UR10e_SKIN_CALIBRATION_FILES/ur10e_link1_patch2_flatmap.json
-- Up-to-date: /home/lidia/ros2_ws/src/install/uc1_tactile_images/share/uc1_tactile_images/calibration_files/UR10e_SKIN_CALIBRATION_FILES/ur10e_link1_patch1_flatmap.json
-- Up-to-date: /home/lidia/ros2_ws/src/install/uc1_tactile_images/share/uc1_tactile_images/calibration_files/UR10e_SKIN_CALIBRATION_FILES/ur10e_link2_patch4_isomap.json
-- Up-to-date: /home/lidia/ros2_ws/src/install/uc1_tactile_images/share/uc1_tactile_images/calibration_files/UR10e_SKIN_CALIBRATION_FILES/ur10e_link1_patch3.json
-- Up-to-date: /home/lidia/ros2_ws/src/install/uc1_tactile_images/share/uc1_tactile_images/calibration_files/UR10e_SKIN_CALIBRATION_FILES/ur10e_link1_patch2_full_flatmap.json
-- Up-to-date: /home/lidia/ros2_ws/src/install/uc1_tactile_images/share/uc1_tactile_images/calibration_files/UR10e_SKIN_CALIBRATION_FILES/ur10e_link1_patch2.json
-- Up-to-date: /home/lidia/ros2_ws/src/install/uc1_tactile_images/share/uc1_tactile_images/calibration_files/UR10e_SKIN_CALIBRATION_FILES/ur10e_link1_patch2_isomap.json
-- Up-to-date: /home/lidia/ros2_ws/src/install/uc1_tactile_images/share/uc1_tactile_images/calibration_files/UR10e_SKIN_CALIBRATION_FILES/ur10e_link2_patch1_full_flatmap.json
-- Up-to-date: /home/lidia/ros2_ws/src/install/uc1_tactile_images/share/uc1_tactile_images/calibration_files/UR10e_SKIN_CALIBRATION_FILES/ur10e_link2_patch1_isomap.json
-- Up-to-date: /home/lidia/ros2_ws/src/install/uc1_tactile_images/share/uc1_tactile_images/calibration_files/UR10e_SKIN_CALIBRATION_FILES/ur10e_link2_patch3_full_flatmap.json
-- Up-to-date: /home/lidia/ros2_ws/src/install/uc1_tactile_images/share/uc1_tactile_images/calibration_files/UR10e_SKIN_CALIBRATION_FILES/ur10e_link2_patch2_isomap.json
-- Up-to-date: /home/lidia/ros2_ws/src/install/uc1_tactile_images/share/uc1_tactile_images/calibration_files/UR10e_SKIN_CALIBRATION_FILES/ur10e_link2_patch1.json
-- Up-to-date: /home/lidia/ros2_ws/src/install/uc1_tactile_images/share/uc1_tactile_images/calibration_files/UR10e_SKIN_CALIBRATION_FILES/ur10e_link1_patch4.json
-- Up-to-date: /home/lidia/ros2_ws/src/install/uc1_tactile_images/share/uc1_tactile_images/calibration_files/UR10e_SKIN_CALIBRATION_FILES/ur10e_link2_patch4.json
-- Up-to-date: /home/lidia/ros2_ws/src/install/uc1_tactile_images/share/uc1_tactile_images/calibration_files/UR10e_SKIN_CALIBRATION_FILES/ur10e_link1_patch1_isomap.json
-- Up-to-date: /home/lidia/ros2_ws/src/install/uc1_tactile_images/share/uc1_tactile_images/calibration_files/UR10e_SKIN_CALIBRATION_FILES/ur10e_link1_patch1_full_flatmap.json
-- Up-to-date: /home/lidia/ros2_ws/src/install/uc1_tactile_images/share/uc1_tactile_images/calibration_files/UR10e_SKIN_CALIBRATION_FILES/ur10e_link2_patch2.json
-- Up-to-date: /home/lidia/ros2_ws/src/install/uc1_tactile_images/share/uc1_tactile_images/calibration_files/UR10e_SKIN_CALIBRATION_FILES/ur10e_link1_patch4_full_isomap.json
-- Up-to-date: /home/lidia/ros2_ws/src/install/uc1_tactile_images/share/uc1_tactile_images/calibration_files/UR10e_SKIN_CALIBRATION_FILES/ur10e_link1_patch3_full_flatmap.json
-- Up-to-date: /home/lidia/ros2_ws/src/install/uc1_tactile_images/share/ament_index/resource_index/package_run_dependencies/uc1_tactile_images
-- Up-to-date: /home/lidia/ros2_ws/src/install/uc1_tactile_images/share/ament_index/resource_index/parent_prefix_path/uc1_tactile_images
-- Up-to-date: /home/lidia/ros2_ws/src/install/uc1_tactile_images/share/uc1_tactile_images/environment/ament_prefix_path.sh
-- Up-to-date: /home/lidia/ros2_ws/src/install/uc1_tactile_images/share/uc1_tactile_images/environment/ament_prefix_path.dsv
-- Up-to-date: /home/lidia/ros2_ws/src/install/uc1_tactile_images/share/uc1_tactile_images/environment/path.sh
-- Up-to-date: /home/lidia/ros2_ws/src/install/uc1_tactile_images/share/uc1_tactile_images/environment/path.dsv
-- Up-to-date: /home/lidia/ros2_ws/src/install/uc1_tactile_images/share/uc1_tactile_images/local_setup.bash
-- Up-to-date: /home/lidia/ros2_ws/src/install/uc1_tactile_images/share/uc1_tactile_images/local_setup.sh
-- Up-to-date: /home/lidia/ros2_ws/src/install/uc1_tactile_images/share/uc1_tactile_images/local_setup.zsh
-- Up-to-date: /home/lidia/ros2_ws/src/install/uc1_tactile_images/share/uc1_tactile_images/local_setup.dsv
-- Installing: /home/lidia/ros2_ws/src/install/uc1_tactile_images/share/uc1_tactile_images/package.dsv
-- Up-to-date: /home/lidia/ros2_ws/src/install/uc1_tactile_images/share/ament_index/resource_index/packages/uc1_tactile_images
-- Up-to-date: /home/lidia/ros2_ws/src/install/uc1_tactile_images/share/uc1_tactile_images/cmake/export_uc1_tactile_images__rosidl_generator_cExport.cmake
-- Up-to-date: /home/lidia/ros2_ws/src/install/uc1_tactile_images/share/uc1_tactile_images/cmake/export_uc1_tactile_images__rosidl_generator_cExport-noconfig.cmake
-- Up-to-date: /home/lidia/ros2_ws/src/install/uc1_tactile_images/share/uc1_tactile_images/cmake/export_uc1_tactile_images__rosidl_typesupport_fastrtps_cExport.cmake
-- Up-to-date: /home/lidia/ros2_ws/src/install/uc1_tactile_images/share/uc1_tactile_images/cmake/export_uc1_tactile_images__rosidl_typesupport_fastrtps_cExport-noconfig.cmake
-- Up-to-date: /home/lidia/ros2_ws/src/install/uc1_tactile_images/share/uc1_tactile_images/cmake/export_uc1_tactile_images__rosidl_generator_cppExport.cmake
-- Up-to-date: /home/lidia/ros2_ws/src/install/uc1_tactile_images/share/uc1_tactile_images/cmake/export_uc1_tactile_images__rosidl_typesupport_fastrtps_cppExport.cmake
-- Up-to-date: /home/lidia/ros2_ws/src/install/uc1_tactile_images/share/uc1_tactile_images/cmake/export_uc1_tactile_images__rosidl_typesupport_fastrtps_cppExport-noconfig.cmake
-- Up-to-date: /home/lidia/ros2_ws/src/install/uc1_tactile_images/share/uc1_tactile_images/cmake/uc1_tactile_images__rosidl_typesupport_introspection_cExport.cmake
-- Up-to-date: /home/lidia/ros2_ws/src/install/uc1_tactile_images/share/uc1_tactile_images/cmake/uc1_tactile_images__rosidl_typesupport_introspection_cExport-noconfig.cmake
-- Up-to-date: /home/lidia/ros2_ws/src/install/uc1_tactile_images/share/uc1_tactile_images/cmake/uc1_tactile_images__rosidl_typesupport_cExport.cmake
-- Up-to-date: /home/lidia/ros2_ws/src/install/uc1_tactile_images/share/uc1_tactile_images/cmake/uc1_tactile_images__rosidl_typesupport_cExport-noconfig.cmake
-- Up-to-date: /home/lidia/ros2_ws/src/install/uc1_tactile_images/share/uc1_tactile_images/cmake/uc1_tactile_images__rosidl_typesupport_introspection_cppExport.cmake
-- Up-to-date: /home/lidia/ros2_ws/src/install/uc1_tactile_images/share/uc1_tactile_images/cmake/uc1_tactile_images__rosidl_typesupport_introspection_cppExport-noconfig.cmake
-- Up-to-date: /home/lidia/ros2_ws/src/install/uc1_tactile_images/share/uc1_tactile_images/cmake/uc1_tactile_images__rosidl_typesupport_cppExport.cmake
-- Up-to-date: /home/lidia/ros2_ws/src/install/uc1_tactile_images/share/uc1_tactile_images/cmake/uc1_tactile_images__rosidl_typesupport_cppExport-noconfig.cmake
-- Up-to-date: /home/lidia/ros2_ws/src/install/uc1_tactile_images/share/uc1_tactile_images/cmake/export_uc1_tactile_images__rosidl_generator_pyExport.cmake
-- Up-to-date: /home/lidia/ros2_ws/src/install/uc1_tactile_images/share/uc1_tactile_images/cmake/export_uc1_tactile_images__rosidl_generator_pyExport-noconfig.cmake
-- Up-to-date: /home/lidia/ros2_ws/src/install/uc1_tactile_images/share/uc1_tactile_images/cmake/rosidl_cmake-extras.cmake
-- Up-to-date: /home/lidia/ros2_ws/src/install/uc1_tactile_images/share/uc1_tactile_images/cmake/ament_cmake_export_dependencies-extras.cmake
-- Up-to-date: /home/lidia/ros2_ws/src/install/uc1_tactile_images/share/uc1_tactile_images/cmake/ament_cmake_export_include_directories-extras.cmake
-- Up-to-date: /home/lidia/ros2_ws/src/install/uc1_tactile_images/share/uc1_tactile_images/cmake/ament_cmake_export_libraries-extras.cmake
-- Up-to-date: /home/lidia/ros2_ws/src/install/uc1_tactile_images/share/uc1_tactile_images/cmake/ament_cmake_export_targets-extras.cmake
-- Up-to-date: /home/lidia/ros2_ws/src/install/uc1_tactile_images/share/uc1_tactile_images/cmake/rosidl_cmake_export_typesupport_targets-extras.cmake
-- Up-to-date: /home/lidia/ros2_ws/src/install/uc1_tactile_images/share/uc1_tactile_images/cmake/rosidl_cmake_export_typesupport_libraries-extras.cmake
-- Up-to-date: /home/lidia/ros2_ws/src/install/uc1_tactile_images/share/uc1_tactile_images/cmake/uc1_tactile_imagesConfig.cmake
-- Up-to-date: /home/lidia/ros2_ws/src/install/uc1_tactile_images/share/uc1_tactile_images/cmake/uc1_tactile_imagesConfig-version.cmake
-- Up-to-date: /home/lidia/ros2_ws/src/install/uc1_tactile_images/share/uc1_tactile_images/package.xml
