-- The C compiler identification is GNU 13.3.0
-- The CXX compiler identification is GNU 13.3.0
-- Detecting C compiler ABI info
-- Detecting C compiler ABI info - done
-- Check for working C compiler: /usr/bin/cc - skipped
-- Detecting C compile features
-- Detecting C compile features - done
-- Detecting CXX compiler ABI info
-- Detecting CXX compiler ABI info - done
-- Check for working CXX compiler: /usr/bin/c++ - skipped
-- Detecting CXX compile features
-- Detecting CXX compile features - done
-- OPTIONS: Hardware support ENABLED
-- OPTIONS: ARM support DISABLED
-- OPTIONS: ROS support DISABLED
-- OPTIONS: ROS2 support ENABLED
-- Found ament_cmake: 2.5.4 (/opt/ros/jazzy/share/ament_cmake/cmake)
-- Found Python3: /usr/bin/python3 (found version "3.12.3") found components: Interpreter 
-- Found rclcpp: 28.1.12 (/opt/ros/jazzy/share/rclcpp/cmake)
-- Found rosidl_generator_c: 4.6.6 (/opt/ros/jazzy/share/rosidl_generator_c/cmake)
-- Found rosidl_generator_cpp: 4.6.6 (/opt/ros/jazzy/share/rosidl_generator_cpp/cmake)
-- Using all available rosidl_typesupport_c: rosidl_typesupport_fastrtps_c;rosidl_typesupport_introspection_c
-- Using all available rosidl_typesupport_cpp: rosidl_typesupport_fastrtps_cpp;rosidl_typesupport_introspection_cpp
-- Found rmw_implementation_cmake: 7.3.2 (/opt/ros/jazzy/share/rmw_implementation_cmake/cmake)
-- Found rmw_fastrtps_cpp: 8.4.3 (/opt/ros/jazzy/share/rmw_fastrtps_cpp/cmake)
-- Found OpenSSL: /usr/lib/x86_64-linux-gnu/libcrypto.so (found version "3.0.13")  
-- Found FastRTPS: /opt/ros/jazzy/include (Required is at least version "2.13") 
-- Using RMW implementation 'rmw_fastrtps_cpp' as default
-- Found std_msgs: 5.3.6 (/opt/ros/jazzy/share/std_msgs/cmake)
-- Configuring done (2.3s)
-- Generating done (0.0s)
-- Build files have been written to: /home/lidia/ros2_ws/build/cyskin_acquisition
[  7%] [32mBuilding CXX object CMakeFiles/cyskin_subscriber.dir/src/subscriber_main.cpp.o[0m
[ 15%] [32mBuilding CXX object CMakeFiles/cyskin_acquisition.dir/src/main.cpp.o[0m
[ 23%] [32mBuilding CXX object CMakeFiles/cyskin_acquisition.dir/src/bash_publisher.cpp.o[0m
[ 30%] [32mBuilding CXX object CMakeFiles/cyskin_acquisition.dir/src/calibrator.cpp.o[0m
[ 38%] [32mBuilding CXX object CMakeFiles/cyskin_acquisition.dir/src/file_publisher.cpp.o[0m
[ 46%] [32mBuilding CXX object CMakeFiles/cyskin_acquisition.dir/src/ros_publisher.cpp.o[0m
[ 53%] [32mBuilding CXX object CMakeFiles/cyskin_subscriber.dir/src/cyskin_subscriber.cpp.o[0m
[ 61%] [32mBuilding CXX object CMakeFiles/cyskin_acquisition.dir/src/shared_memory_publisher.cpp.o[0m
[ 69%] [32mBuilding CXX object CMakeFiles/cyskin_acquisition.dir/src/updater.cpp.o[0m
[ 76%] [32mBuilding CXX object CMakeFiles/cyskin_acquisition.dir/src/updater_fake.cpp.o[0m
[ 84%] [32mBuilding CXX object CMakeFiles/cyskin_acquisition.dir/src/updater_interface.cpp.o[0m
[ 92%] [32m[1mLinking CXX executable cyskin_acquisition[0m
[ 92%] Built target cyskin_acquisition
[100%] [32m[1mLinking CXX executable cyskin_subscriber[0m
[100%] Built target cyskin_subscriber
-- Install configuration: ""
-- Installing: /home/lidia/ros2_ws/install/cyskin_acquisition/lib/cyskin_acquisition/cyskin_acquisition
-- Set non-toolchain portion of runtime path of "/home/lidia/ros2_ws/install/cyskin_acquisition/lib/cyskin_acquisition/cyskin_acquisition" to ""
-- Installing: /home/lidia/ros2_ws/install/cyskin_acquisition/lib/cyskin_acquisition/cyskin_subscriber
-- Set non-toolchain portion of runtime path of "/home/lidia/ros2_ws/install/cyskin_acquisition/lib/cyskin_acquisition/cyskin_subscriber" to ""
-- Installing: /home/lidia/ros2_ws/install/cyskin_acquisition/share/ament_index/resource_index/package_run_dependencies/cyskin_acquisition
-- Installing: /home/lidia/ros2_ws/install/cyskin_acquisition/share/ament_index/resource_index/parent_prefix_path/cyskin_acquisition
-- Installing: /home/lidia/ros2_ws/install/cyskin_acquisition/share/cyskin_acquisition/environment/ament_prefix_path.sh
-- Installing: /home/lidia/ros2_ws/install/cyskin_acquisition/share/cyskin_acquisition/environment/ament_prefix_path.dsv
-- Installing: /home/lidia/ros2_ws/install/cyskin_acquisition/share/cyskin_acquisition/environment/path.sh
-- Installing: /home/lidia/ros2_ws/install/cyskin_acquisition/share/cyskin_acquisition/environment/path.dsv
-- Installing: /home/lidia/ros2_ws/install/cyskin_acquisition/share/cyskin_acquisition/local_setup.bash
-- Installing: /home/lidia/ros2_ws/install/cyskin_acquisition/share/cyskin_acquisition/local_setup.sh
-- Installing: /home/lidia/ros2_ws/install/cyskin_acquisition/share/cyskin_acquisition/local_setup.zsh
-- Installing: /home/lidia/ros2_ws/install/cyskin_acquisition/share/cyskin_acquisition/local_setup.dsv
-- Installing: /home/lidia/ros2_ws/install/cyskin_acquisition/share/cyskin_acquisition/package.dsv
-- Installing: /home/lidia/ros2_ws/install/cyskin_acquisition/share/ament_index/resource_index/packages/cyskin_acquisition
-- Installing: /home/lidia/ros2_ws/install/cyskin_acquisition/share/cyskin_acquisition/cmake/cyskin_acquisitionConfig.cmake
-- Installing: /home/lidia/ros2_ws/install/cyskin_acquisition/share/cyskin_acquisition/cmake/cyskin_acquisitionConfig-version.cmake
-- Installing: /home/lidia/ros2_ws/install/cyskin_acquisition/share/cyskin_acquisition/package.xml
