[0.012s] Invoking command in '/home/lidia/ros2_ws/src/build/uc1_tactile_images': CMAKE_PREFIX_PATH=/home/lidia/ros2_ws/install/uc1_tactile_images:/opt/ros/jazzy:/home/lidia/ros2_ws/install/cyskin_acquisition:/opt/ros/jazzy/opt/gz_math_vendor:/opt/ros/jazzy/opt/gz_utils_vendor:/opt/ros/jazzy/opt/gz_cmake_vendor DEBUGINFOD_URLS=https://debuginfod.ubuntu.com /usr/bin/cmake --build /home/lidia/ros2_ws/src/build/uc1_tactile_images -- -j8 -l8
[0.068s] [  2%] Built target uc1_tactile_images__rosidl_generator_type_description
[0.078s] [  2%] Built target ament_cmake_python_copy_uc1_tactile_images
[0.094s] [ 17%] Built target uc1_tactile_images__cpp
[0.094s] [ 17%] Built target uc1_tactile_images__rosidl_generator_c
[0.133s] [ 25%] Built target uc1_tactile_images__rosidl_typesupport_c
[0.137s] [ 32%] Built target uc1_tactile_images__rosidl_typesupport_fastrtps_cpp
[0.137s] [ 40%] Built target uc1_tactile_images__rosidl_typesupport_fastrtps_c
[0.140s] [ 47%] Built target uc1_tactile_images__rosidl_typesupport_introspection_c
[0.141s] [ 55%] Built target uc1_tactile_images__rosidl_typesupport_introspection_cpp
[0.145s] [ 62%] Built target uc1_tactile_images__rosidl_typesupport_cpp
[0.171s] [ 62%] Built target uc1_tactile_images
[0.199s] [ 65%] Built target uc1_tactile_images__py
[0.226s] [ 70%] Built target tactile_image_publisher_hexagon
[0.230s] [ 75%] Built target tactile_image_publisher_curved_gesture
[0.232s] [ 80%] Built target tactile_image_publisher
[0.233s] [ 85%] Built target uc1_tactile_images__rosidl_generator_py
[0.265s] [ 90%] Built target uc1_tactile_images_s__rosidl_typesupport_c
[0.267s] [ 95%] Built target uc1_tactile_images_s__rosidl_typesupport_introspection_c
[0.267s] [100%] Built target uc1_tactile_images_s__rosidl_typesupport_fastrtps_c
[0.418s] running egg_info
[0.455s] writing uc1_tactile_images.egg-info/PKG-INFO
[0.456s] writing dependency_links to uc1_tactile_images.egg-info/dependency_links.txt
[0.457s] writing top-level names to uc1_tactile_images.egg-info/top_level.txt
[0.543s] reading manifest file 'uc1_tactile_images.egg-info/SOURCES.txt'
[0.544s] writing manifest file 'uc1_tactile_images.egg-info/SOURCES.txt'
[0.573s] [100%] Built target ament_cmake_python_build_uc1_tactile_images_egg
[0.585s] Invoked command in '/home/lidia/ros2_ws/src/build/uc1_tactile_images' returned '0': CMAKE_PREFIX_PATH=/home/lidia/ros2_ws/install/uc1_tactile_images:/opt/ros/jazzy:/home/lidia/ros2_ws/install/cyskin_acquisition:/opt/ros/jazzy/opt/gz_math_vendor:/opt/ros/jazzy/opt/gz_utils_vendor:/opt/ros/jazzy/opt/gz_cmake_vendor DEBUGINFOD_URLS=https://debuginfod.ubuntu.com /usr/bin/cmake --build /home/lidia/ros2_ws/src/build/uc1_tactile_images -- -j8 -l8
[0.595s] Invoking command in '/home/lidia/ros2_ws/src/build/uc1_tactile_images': CMAKE_PREFIX_PATH=/home/lidia/ros2_ws/install/uc1_tactile_images:/opt/ros/jazzy:/home/lidia/ros2_ws/install/cyskin_acquisition:/opt/ros/jazzy/opt/gz_math_vendor:/opt/ros/jazzy/opt/gz_utils_vendor:/opt/ros/jazzy/opt/gz_cmake_vendor DEBUGINFOD_URLS=https://debuginfod.ubuntu.com /usr/bin/cmake --install /home/lidia/ros2_ws/src/build/uc1_tactile_images
[0.604s] -- Install configuration: ""
[0.604s] -- Up-to-date: /home/lidia/ros2_ws/src/install/uc1_tactile_images/share/ament_index/resource_index/rosidl_interfaces/uc1_tactile_images
[0.604s] -- Up-to-date: /home/lidia/ros2_ws/src/install/uc1_tactile_images/share/uc1_tactile_images/msg/ImageArrayLink.json
[0.604s] -- Up-to-date: /home/lidia/ros2_ws/src/install/uc1_tactile_images/include/uc1_tactile_images/uc1_tactile_images
[0.604s] -- Up-to-date: /home/lidia/ros2_ws/src/install/uc1_tactile_images/include/uc1_tactile_images/uc1_tactile_images/msg
[0.604s] -- Up-to-date: /home/lidia/ros2_ws/src/install/uc1_tactile_images/include/uc1_tactile_images/uc1_tactile_images/msg/image_array_link.h
[0.604s] -- Up-to-date: /home/lidia/ros2_ws/src/install/uc1_tactile_images/include/uc1_tactile_images/uc1_tactile_images/msg/detail
[0.604s] -- Up-to-date: /home/lidia/ros2_ws/src/install/uc1_tactile_images/include/uc1_tactile_images/uc1_tactile_images/msg/detail/image_array_link__type_support.h
[0.604s] -- Up-to-date: /home/lidia/ros2_ws/src/install/uc1_tactile_images/include/uc1_tactile_images/uc1_tactile_images/msg/detail/image_array_link__type_support.c
[0.605s] -- Up-to-date: /home/lidia/ros2_ws/src/install/uc1_tactile_images/include/uc1_tactile_images/uc1_tactile_images/msg/detail/image_array_link__description.c
[0.605s] -- Up-to-date: /home/lidia/ros2_ws/src/install/uc1_tactile_images/include/uc1_tactile_images/uc1_tactile_images/msg/detail/image_array_link__functions.c
[0.605s] -- Up-to-date: /home/lidia/ros2_ws/src/install/uc1_tactile_images/include/uc1_tactile_images/uc1_tactile_images/msg/detail/image_array_link__struct.h
[0.605s] -- Up-to-date: /home/lidia/ros2_ws/src/install/uc1_tactile_images/include/uc1_tactile_images/uc1_tactile_images/msg/detail/image_array_link__functions.h
[0.605s] -- Up-to-date: /home/lidia/ros2_ws/src/install/uc1_tactile_images/include/uc1_tactile_images/uc1_tactile_images/msg/rosidl_generator_c__visibility_control.h
[0.605s] -- Up-to-date: /home/lidia/ros2_ws/src/install/uc1_tactile_images/share/uc1_tactile_images/environment/library_path.sh
[0.605s] -- Up-to-date: /home/lidia/ros2_ws/src/install/uc1_tactile_images/share/uc1_tactile_images/environment/library_path.dsv
[0.605s] -- Up-to-date: /home/lidia/ros2_ws/src/install/uc1_tactile_images/lib/libuc1_tactile_images__rosidl_generator_c.so
[0.605s] -- Up-to-date: /home/lidia/ros2_ws/src/install/uc1_tactile_images/include/uc1_tactile_images/uc1_tactile_images
[0.605s] -- Up-to-date: /home/lidia/ros2_ws/src/install/uc1_tactile_images/include/uc1_tactile_images/uc1_tactile_images/msg
[0.605s] -- Up-to-date: /home/lidia/ros2_ws/src/install/uc1_tactile_images/include/uc1_tactile_images/uc1_tactile_images/msg/rosidl_typesupport_fastrtps_c__visibility_control.h
[0.606s] -- Up-to-date: /home/lidia/ros2_ws/src/install/uc1_tactile_images/include/uc1_tactile_images/uc1_tactile_images/msg/detail
[0.606s] -- Up-to-date: /home/lidia/ros2_ws/src/install/uc1_tactile_images/include/uc1_tactile_images/uc1_tactile_images/msg/detail/image_array_link__rosidl_typesupport_fastrtps_c.h
[0.606s] -- Up-to-date: /home/lidia/ros2_ws/src/install/uc1_tactile_images/lib/libuc1_tactile_images__rosidl_typesupport_fastrtps_c.so
[0.606s] -- Up-to-date: /home/lidia/ros2_ws/src/install/uc1_tactile_images/include/uc1_tactile_images/uc1_tactile_images
[0.606s] -- Up-to-date: /home/lidia/ros2_ws/src/install/uc1_tactile_images/include/uc1_tactile_images/uc1_tactile_images/msg
[0.606s] -- Up-to-date: /home/lidia/ros2_ws/src/install/uc1_tactile_images/include/uc1_tactile_images/uc1_tactile_images/msg/detail
[0.606s] -- Up-to-date: /home/lidia/ros2_ws/src/install/uc1_tactile_images/include/uc1_tactile_images/uc1_tactile_images/msg/detail/image_array_link__traits.hpp
[0.606s] -- Up-to-date: /home/lidia/ros2_ws/src/install/uc1_tactile_images/include/uc1_tactile_images/uc1_tactile_images/msg/detail/image_array_link__struct.hpp
[0.606s] -- Up-to-date: /home/lidia/ros2_ws/src/install/uc1_tactile_images/include/uc1_tactile_images/uc1_tactile_images/msg/detail/image_array_link__builder.hpp
[0.606s] -- Up-to-date: /home/lidia/ros2_ws/src/install/uc1_tactile_images/include/uc1_tactile_images/uc1_tactile_images/msg/detail/image_array_link__type_support.hpp
[0.606s] -- Up-to-date: /home/lidia/ros2_ws/src/install/uc1_tactile_images/include/uc1_tactile_images/uc1_tactile_images/msg/rosidl_generator_cpp__visibility_control.hpp
[0.606s] -- Up-to-date: /home/lidia/ros2_ws/src/install/uc1_tactile_images/include/uc1_tactile_images/uc1_tactile_images/msg/image_array_link.hpp
[0.607s] -- Up-to-date: /home/lidia/ros2_ws/src/install/uc1_tactile_images/include/uc1_tactile_images/uc1_tactile_images
[0.607s] -- Up-to-date: /home/lidia/ros2_ws/src/install/uc1_tactile_images/include/uc1_tactile_images/uc1_tactile_images/msg
[0.607s] -- Up-to-date: /home/lidia/ros2_ws/src/install/uc1_tactile_images/include/uc1_tactile_images/uc1_tactile_images/msg/detail
[0.607s] -- Up-to-date: /home/lidia/ros2_ws/src/install/uc1_tactile_images/include/uc1_tactile_images/uc1_tactile_images/msg/detail/dds_fastrtps
[0.607s] -- Up-to-date: /home/lidia/ros2_ws/src/install/uc1_tactile_images/include/uc1_tactile_images/uc1_tactile_images/msg/detail/image_array_link__rosidl_typesupport_fastrtps_cpp.hpp
[0.607s] -- Up-to-date: /home/lidia/ros2_ws/src/install/uc1_tactile_images/include/uc1_tactile_images/uc1_tactile_images/msg/rosidl_typesupport_fastrtps_cpp__visibility_control.h
[0.607s] -- Up-to-date: /home/lidia/ros2_ws/src/install/uc1_tactile_images/lib/libuc1_tactile_images__rosidl_typesupport_fastrtps_cpp.so
[0.607s] -- Up-to-date: /home/lidia/ros2_ws/src/install/uc1_tactile_images/include/uc1_tactile_images/uc1_tactile_images
[0.607s] -- Up-to-date: /home/lidia/ros2_ws/src/install/uc1_tactile_images/include/uc1_tactile_images/uc1_tactile_images/msg
[0.607s] -- Up-to-date: /home/lidia/ros2_ws/src/install/uc1_tactile_images/include/uc1_tactile_images/uc1_tactile_images/msg/detail
[0.608s] -- Up-to-date: /home/lidia/ros2_ws/src/install/uc1_tactile_images/include/uc1_tactile_images/uc1_tactile_images/msg/detail/image_array_link__type_support.c
[0.608s] -- Up-to-date: /home/lidia/ros2_ws/src/install/uc1_tactile_images/include/uc1_tactile_images/uc1_tactile_images/msg/detail/image_array_link__rosidl_typesupport_introspection_c.h
[0.608s] -- Up-to-date: /home/lidia/ros2_ws/src/install/uc1_tactile_images/include/uc1_tactile_images/uc1_tactile_images/msg/rosidl_typesupport_introspection_c__visibility_control.h
[0.608s] -- Up-to-date: /home/lidia/ros2_ws/src/install/uc1_tactile_images/lib/libuc1_tactile_images__rosidl_typesupport_introspection_c.so
[0.608s] -- Up-to-date: /home/lidia/ros2_ws/src/install/uc1_tactile_images/lib/libuc1_tactile_images__rosidl_typesupport_c.so
[0.608s] -- Up-to-date: /home/lidia/ros2_ws/src/install/uc1_tactile_images/include/uc1_tactile_images/uc1_tactile_images
[0.608s] -- Up-to-date: /home/lidia/ros2_ws/src/install/uc1_tactile_images/include/uc1_tactile_images/uc1_tactile_images/msg
[0.608s] -- Up-to-date: /home/lidia/ros2_ws/src/install/uc1_tactile_images/include/uc1_tactile_images/uc1_tactile_images/msg/detail
[0.608s] -- Up-to-date: /home/lidia/ros2_ws/src/install/uc1_tactile_images/include/uc1_tactile_images/uc1_tactile_images/msg/detail/image_array_link__type_support.cpp
[0.609s] -- Up-to-date: /home/lidia/ros2_ws/src/install/uc1_tactile_images/include/uc1_tactile_images/uc1_tactile_images/msg/detail/image_array_link__rosidl_typesupport_introspection_cpp.hpp
[0.609s] -- Up-to-date: /home/lidia/ros2_ws/src/install/uc1_tactile_images/lib/libuc1_tactile_images__rosidl_typesupport_introspection_cpp.so
[0.609s] -- Up-to-date: /home/lidia/ros2_ws/src/install/uc1_tactile_images/lib/libuc1_tactile_images__rosidl_typesupport_cpp.so
[0.609s] -- Up-to-date: /home/lidia/ros2_ws/src/install/uc1_tactile_images/share/uc1_tactile_images/environment/pythonpath.sh
[0.609s] -- Up-to-date: /home/lidia/ros2_ws/src/install/uc1_tactile_images/share/uc1_tactile_images/environment/pythonpath.dsv
[0.609s] -- Up-to-date: /home/lidia/ros2_ws/src/install/uc1_tactile_images/lib/python3.12/site-packages/uc1_tactile_images-0.0.0-py3.12.egg-info
[0.609s] -- Installing: /home/lidia/ros2_ws/src/install/uc1_tactile_images/lib/python3.12/site-packages/uc1_tactile_images-0.0.0-py3.12.egg-info/top_level.txt
[0.609s] -- Installing: /home/lidia/ros2_ws/src/install/uc1_tactile_images/lib/python3.12/site-packages/uc1_tactile_images-0.0.0-py3.12.egg-info/PKG-INFO
[0.609s] -- Installing: /home/lidia/ros2_ws/src/install/uc1_tactile_images/lib/python3.12/site-packages/uc1_tactile_images-0.0.0-py3.12.egg-info/dependency_links.txt
[0.609s] -- Installing: /home/lidia/ros2_ws/src/install/uc1_tactile_images/lib/python3.12/site-packages/uc1_tactile_images-0.0.0-py3.12.egg-info/SOURCES.txt
[0.609s] -- Up-to-date: /home/lidia/ros2_ws/src/install/uc1_tactile_images/lib/python3.12/site-packages/uc1_tactile_images
[0.610s] -- Up-to-date: /home/lidia/ros2_ws/src/install/uc1_tactile_images/lib/python3.12/site-packages/uc1_tactile_images/uc1_tactile_images_s__rosidl_typesupport_c.so
[0.610s] -- Up-to-date: /home/lidia/ros2_ws/src/install/uc1_tactile_images/lib/python3.12/site-packages/uc1_tactile_images/_uc1_tactile_images_s.ep.rosidl_typesupport_fastrtps_c.c
[0.610s] -- Up-to-date: /home/lidia/ros2_ws/src/install/uc1_tactile_images/lib/python3.12/site-packages/uc1_tactile_images/_uc1_tactile_images_s.ep.rosidl_typesupport_c.c
[0.610s] -- Up-to-date: /home/lidia/ros2_ws/src/install/uc1_tactile_images/lib/python3.12/site-packages/uc1_tactile_images/uc1_tactile_images_s__rosidl_typesupport_introspection_c.so
[0.610s] -- Up-to-date: /home/lidia/ros2_ws/src/install/uc1_tactile_images/lib/python3.12/site-packages/uc1_tactile_images/__init__.py
[0.610s] -- Up-to-date: /home/lidia/ros2_ws/src/install/uc1_tactile_images/lib/python3.12/site-packages/uc1_tactile_images/uc1_tactile_images_s__rosidl_typesupport_fastrtps_c.so
[0.610s] -- Up-to-date: /home/lidia/ros2_ws/src/install/uc1_tactile_images/lib/python3.12/site-packages/uc1_tactile_images/msg
[0.610s] -- Up-to-date: /home/lidia/ros2_ws/src/install/uc1_tactile_images/lib/python3.12/site-packages/uc1_tactile_images/msg/__init__.py
[0.610s] -- Up-to-date: /home/lidia/ros2_ws/src/install/uc1_tactile_images/lib/python3.12/site-packages/uc1_tactile_images/msg/_image_array_link.py
[0.610s] -- Up-to-date: /home/lidia/ros2_ws/src/install/uc1_tactile_images/lib/python3.12/site-packages/uc1_tactile_images/msg/_image_array_link_s.c
[0.611s] -- Up-to-date: /home/lidia/ros2_ws/src/install/uc1_tactile_images/lib/python3.12/site-packages/uc1_tactile_images/_uc1_tactile_images_s.ep.rosidl_typesupport_introspection_c.c
[0.650s] Listing '/home/lidia/ros2_ws/src/install/uc1_tactile_images/lib/python3.12/site-packages/uc1_tactile_images'...
[0.651s] Listing '/home/lidia/ros2_ws/src/install/uc1_tactile_images/lib/python3.12/site-packages/uc1_tactile_images/msg'...
[0.657s] -- Up-to-date: /home/lidia/ros2_ws/src/install/uc1_tactile_images/lib/python3.12/site-packages/uc1_tactile_images/uc1_tactile_images_s__rosidl_typesupport_fastrtps_c.so
[0.658s] -- Up-to-date: /home/lidia/ros2_ws/src/install/uc1_tactile_images/lib/python3.12/site-packages/uc1_tactile_images/uc1_tactile_images_s__rosidl_typesupport_introspection_c.so
[0.658s] -- Up-to-date: /home/lidia/ros2_ws/src/install/uc1_tactile_images/lib/python3.12/site-packages/uc1_tactile_images/uc1_tactile_images_s__rosidl_typesupport_c.so
[0.658s] -- Up-to-date: /home/lidia/ros2_ws/src/install/uc1_tactile_images/lib/libuc1_tactile_images__rosidl_generator_py.so
[0.658s] -- Up-to-date: /home/lidia/ros2_ws/src/install/uc1_tactile_images/share/uc1_tactile_images/msg/ImageArrayLink.idl
[0.659s] -- Up-to-date: /home/lidia/ros2_ws/src/install/uc1_tactile_images/share/uc1_tactile_images/msg/ImageArrayLink.msg
[0.659s] -- Up-to-date: /home/lidia/ros2_ws/src/install/uc1_tactile_images/lib/uc1_tactile_images/tactile_image_publisher
[0.660s] -- Up-to-date: /home/lidia/ros2_ws/src/install/uc1_tactile_images/lib/uc1_tactile_images/tactile_image_publisher_hexagon
[0.660s] -- Up-to-date: /home/lidia/ros2_ws/src/install/uc1_tactile_images/lib/uc1_tactile_images/tactile_image_publisher_curved_gesture
[0.661s] -- Up-to-date: /home/lidia/ros2_ws/src/install/uc1_tactile_images/share/uc1_tactile_images/
[0.661s] -- Up-to-date: /home/lidia/ros2_ws/src/install/uc1_tactile_images/share/uc1_tactile_images//resources
[0.661s] -- Up-to-date: /home/lidia/ros2_ws/src/install/uc1_tactile_images/share/uc1_tactile_images//resources/stl
[0.661s] -- Up-to-date: /home/lidia/ros2_ws/src/install/uc1_tactile_images/share/uc1_tactile_images//resources/stl/wrist1.stl
[0.661s] -- Up-to-date: /home/lidia/ros2_ws/src/install/uc1_tactile_images/share/uc1_tactile_images//resources/stl/shoulder.stl
[0.662s] -- Up-to-date: /home/lidia/ros2_ws/src/install/uc1_tactile_images/share/uc1_tactile_images//resources/stl/base.stl
[0.662s] -- Up-to-date: /home/lidia/ros2_ws/src/install/uc1_tactile_images/share/uc1_tactile_images//resources/stl/upperarm.stl
[0.662s] -- Up-to-date: /home/lidia/ros2_ws/src/install/uc1_tactile_images/share/uc1_tactile_images//resources/stl/forearm.stl
[0.662s] -- Up-to-date: /home/lidia/ros2_ws/src/install/uc1_tactile_images/share/uc1_tactile_images//resources/stl/wrist2.stl
[0.662s] -- Up-to-date: /home/lidia/ros2_ws/src/install/uc1_tactile_images/share/uc1_tactile_images//resources/stl/wrist3.stl
[0.662s] -- Up-to-date: /home/lidia/ros2_ws/src/install/uc1_tactile_images/share/uc1_tactile_images//resources/ply
[0.663s] -- Up-to-date: /home/lidia/ros2_ws/src/install/uc1_tactile_images/share/uc1_tactile_images//resources/ply/forearm.ply
[0.663s] -- Up-to-date: /home/lidia/ros2_ws/src/install/uc1_tactile_images/share/uc1_tactile_images//resources/ply/shoulder.ply
[0.663s] -- Up-to-date: /home/lidia/ros2_ws/src/install/uc1_tactile_images/share/uc1_tactile_images//resources/ply/base.ply
[0.663s] -- Up-to-date: /home/lidia/ros2_ws/src/install/uc1_tactile_images/share/uc1_tactile_images//resources/ply/wrist3.ply
[0.663s] -- Up-to-date: /home/lidia/ros2_ws/src/install/uc1_tactile_images/share/uc1_tactile_images//resources/ply/upperarm.ply
[0.663s] -- Up-to-date: /home/lidia/ros2_ws/src/install/uc1_tactile_images/share/uc1_tactile_images//resources/ply/wrist2.ply
[0.664s] -- Up-to-date: /home/lidia/ros2_ws/src/install/uc1_tactile_images/share/uc1_tactile_images//resources/ply/wrist1.ply
[0.664s] -- Up-to-date: /home/lidia/ros2_ws/src/install/uc1_tactile_images/share/uc1_tactile_images/skin_ids
[0.664s] -- Up-to-date: /home/lidia/ros2_ws/src/install/uc1_tactile_images/share/uc1_tactile_images/skin_ids/IDs_UR10_link1_patch2.txt
[0.664s] -- Up-to-date: /home/lidia/ros2_ws/src/install/uc1_tactile_images/share/uc1_tactile_images/skin_ids/IDs_UR10_link2_patch3.txt
[0.664s] -- Up-to-date: /home/lidia/ros2_ws/src/install/uc1_tactile_images/share/uc1_tactile_images/skin_ids/IDs_UR10_link1_patch1.txt
[0.664s] -- Up-to-date: /home/lidia/ros2_ws/src/install/uc1_tactile_images/share/uc1_tactile_images/skin_ids/old
[0.664s] -- Up-to-date: /home/lidia/ros2_ws/src/install/uc1_tactile_images/share/uc1_tactile_images/skin_ids/old/IDs_UR10_link1_patch2.txt
[0.664s] -- Up-to-date: /home/lidia/ros2_ws/src/install/uc1_tactile_images/share/uc1_tactile_images/skin_ids/old/IDs_UR10_link2_patch3.txt
[0.665s] -- Up-to-date: /home/lidia/ros2_ws/src/install/uc1_tactile_images/share/uc1_tactile_images/skin_ids/old/IDs_UR10_link1_patch1.txt
[0.665s] -- Up-to-date: /home/lidia/ros2_ws/src/install/uc1_tactile_images/share/uc1_tactile_images/skin_ids/old/IDs_UR10_link2_patch1.txt
[0.665s] -- Up-to-date: /home/lidia/ros2_ws/src/install/uc1_tactile_images/share/uc1_tactile_images/skin_ids/old/IDs_UR10_link2_patch2.txt
[0.665s] -- Up-to-date: /home/lidia/ros2_ws/src/install/uc1_tactile_images/share/uc1_tactile_images/skin_ids/old/IDs_UR10_link2_patch4_old.txt
[0.665s] -- Up-to-date: /home/lidia/ros2_ws/src/install/uc1_tactile_images/share/uc1_tactile_images/skin_ids/old/IDs_UR10_link2_patch4.txt
[0.665s] -- Up-to-date: /home/lidia/ros2_ws/src/install/uc1_tactile_images/share/uc1_tactile_images/skin_ids/old/IDs_UR10_link1_patch4.txt
[0.666s] -- Up-to-date: /home/lidia/ros2_ws/src/install/uc1_tactile_images/share/uc1_tactile_images/skin_ids/old/IDs_UR10_link1_patch3.txt
[0.666s] -- Up-to-date: /home/lidia/ros2_ws/src/install/uc1_tactile_images/share/uc1_tactile_images/skin_ids/IDs_UR10_link2_patch1.txt
[0.666s] -- Up-to-date: /home/lidia/ros2_ws/src/install/uc1_tactile_images/share/uc1_tactile_images/skin_ids/IDs_UR10_link2_patch2.txt
[0.666s] -- Up-to-date: /home/lidia/ros2_ws/src/install/uc1_tactile_images/share/uc1_tactile_images/skin_ids/IDs_UR10_link2_patch4.txt
[0.666s] -- Up-to-date: /home/lidia/ros2_ws/src/install/uc1_tactile_images/share/uc1_tactile_images/skin_ids/IDs_UR10_link1_patch4.txt
[0.666s] -- Up-to-date: /home/lidia/ros2_ws/src/install/uc1_tactile_images/share/uc1_tactile_images/skin_ids/IDs_UR10_link1_patch3.txt
[0.666s] -- Up-to-date: /home/lidia/ros2_ws/src/install/uc1_tactile_images/share/uc1_tactile_images/models_onnx
[0.666s] -- Up-to-date: /home/lidia/ros2_ws/src/install/uc1_tactile_images/share/uc1_tactile_images/models_onnx/example_trt_from_net.m
[0.666s] -- Up-to-date: /home/lidia/ros2_ws/src/install/uc1_tactile_images/share/uc1_tactile_images/models_onnx/onnx_checker.m
[0.667s] -- Up-to-date: /home/lidia/ros2_ws/src/install/uc1_tactile_images/share/uc1_tactile_images/models_onnx/codegen
[0.667s] -- Up-to-date: /home/lidia/ros2_ws/src/install/uc1_tactile_images/share/uc1_tactile_images/models_onnx/codegen/mex
[0.667s] -- Up-to-date: /home/lidia/ros2_ws/src/install/uc1_tactile_images/share/uc1_tactile_images/models_onnx/codegen/mex/googlenet_predict
[0.667s] -- Up-to-date: /home/lidia/ros2_ws/src/install/uc1_tactile_images/share/uc1_tactile_images/models_onnx/codegen/mex/googlenet_predict/interface
[0.667s] -- Up-to-date: /home/lidia/ros2_ws/src/install/uc1_tactile_images/share/uc1_tactile_images/models_onnx/codegen/mex/googlenet_predict/interface/_coder_googlenet_predict_mex.cu
[0.667s] -- Up-to-date: /home/lidia/ros2_ws/src/install/uc1_tactile_images/share/uc1_tactile_images/models_onnx/codegen/mex/googlenet_predict/interface/_coder_googlenet_predict_mex.h
[0.667s] -- Up-to-date: /home/lidia/ros2_ws/src/install/uc1_tactile_images/share/uc1_tactile_images/models_onnx/codegen/mex/googlenet_predict/interface/_coder_googlenet_predict_api.cu
[0.667s] -- Up-to-date: /home/lidia/ros2_ws/src/install/uc1_tactile_images/share/uc1_tactile_images/models_onnx/codegen/mex/googlenet_predict/interface/_coder_googlenet_predict_info.h
[0.667s] -- Up-to-date: /home/lidia/ros2_ws/src/install/uc1_tactile_images/share/uc1_tactile_images/models_onnx/codegen/mex/googlenet_predict/interface/_coder_googlenet_predict_api.h
[0.668s] -- Up-to-date: /home/lidia/ros2_ws/src/install/uc1_tactile_images/share/uc1_tactile_images/models_onnx/codegen/mex/googlenet_predict/interface/_coder_googlenet_predict_info.cpp
[0.668s] -- Up-to-date: /home/lidia/ros2_ws/src/install/uc1_tactile_images/share/uc1_tactile_images/models_onnx/codegen/mex/googlenet_predict/googlenet_predict_initialize.cu
[0.668s] -- Up-to-date: /home/lidia/ros2_ws/src/install/uc1_tactile_images/share/uc1_tactile_images/models_onnx/codegen/mex/googlenet_predict/cnn_googlenet0_0_inception_4d-1x1_w.bin
[0.668s] -- Up-to-date: /home/lidia/ros2_ws/src/install/uc1_tactile_images/share/uc1_tactile_images/models_onnx/codegen/mex/googlenet_predict/cnn_googlenet0_0_inception_5a-pool_proj_b.bin
[0.668s] -- Up-to-date: /home/lidia/ros2_ws/src/install/uc1_tactile_images/share/uc1_tactile_images/models_onnx/codegen/mex/googlenet_predict/cnn_googlenet0_0_inception_3b-1x1_w.bin
[0.668s] -- Up-to-date: /home/lidia/ros2_ws/src/install/uc1_tactile_images/share/uc1_tactile_images/models_onnx/codegen/mex/googlenet_predict/cnn_googlenet0_0_inception_5a-3x3_b.bin
[0.668s] -- Up-to-date: /home/lidia/ros2_ws/src/install/uc1_tactile_images/share/uc1_tactile_images/models_onnx/codegen/mex/googlenet_predict/cnn_googlenet0_0_inception_4a-1x1_b.bin
[0.669s] -- Up-to-date: /home/lidia/ros2_ws/src/install/uc1_tactile_images/share/uc1_tactile_images/models_onnx/codegen/mex/googlenet_predict/cpp_mexapi_version.cpp
[0.669s] -- Up-to-date: /home/lidia/ros2_ws/src/install/uc1_tactile_images/share/uc1_tactile_images/models_onnx/codegen/mex/googlenet_predict/cnn_googlenet0_0_conv2-3x3_reduce_w.bin
[0.669s] -- Up-to-date: /home/lidia/ros2_ws/src/install/uc1_tactile_images/share/uc1_tactile_images/models_onnx/codegen/mex/googlenet_predict/predict.h
[0.669s] -- Up-to-date: /home/lidia/ros2_ws/src/install/uc1_tactile_images/share/uc1_tactile_images/models_onnx/codegen/mex/googlenet_predict/cnn_googlenet0_0_inception_4a-3x3_w.bin
[0.669s] -- Up-to-date: /home/lidia/ros2_ws/src/install/uc1_tactile_images/share/uc1_tactile_images/models_onnx/codegen/mex/googlenet_predict/cnn_googlenet0_0_inception_4a-5x5_w.bin
[0.669s] -- Up-to-date: /home/lidia/ros2_ws/src/install/uc1_tactile_images/share/uc1_tactile_images/models_onnx/codegen/mex/googlenet_predict/cnn_googlenet0_0_inception_5b-3x3_w.bin
[0.669s] -- Up-to-date: /home/lidia/ros2_ws/src/install/uc1_tactile_images/share/uc1_tactile_images/models_onnx/codegen/mex/googlenet_predict/cnn_googlenet0_0_inception_4a-3x3_b.bin
[0.670s] -- Up-to-date: /home/lidia/ros2_ws/src/install/uc1_tactile_images/share/uc1_tactile_images/models_onnx/codegen/mex/googlenet_predict/cnn_googlenet0_0_inception_5a-5x5_reduce_b.bin
[0.670s] -- Up-to-date: /home/lidia/ros2_ws/src/install/uc1_tactile_images/share/uc1_tactile_images/models_onnx/codegen/mex/googlenet_predict/cnn_googlenet0_0_inception_5a-5x5_b.bin
[0.670s] -- Up-to-date: /home/lidia/ros2_ws/src/install/uc1_tactile_images/share/uc1_tactile_images/models_onnx/codegen/mex/googlenet_predict/googlenet_predict_mex.sh
[0.670s] -- Up-to-date: /home/lidia/ros2_ws/src/install/uc1_tactile_images/share/uc1_tactile_images/models_onnx/codegen/mex/googlenet_predict/cnn_googlenet0_0_inception_5a-3x3_reduce_b.bin
[0.670s] -- Up-to-date: /home/lidia/ros2_ws/src/install/uc1_tactile_images/share/uc1_tactile_images/models_onnx/codegen/mex/googlenet_predict/cnn_googlenet0_0_inception_4c-3x3_w.bin
[0.670s] -- Up-to-date: /home/lidia/ros2_ws/src/install/uc1_tactile_images/share/uc1_tactile_images/models_onnx/codegen/mex/googlenet_predict/cnn_googlenet0_0_inception_4d-5x5_b.bin
[0.670s] -- Up-to-date: /home/lidia/ros2_ws/src/install/uc1_tactile_images/share/uc1_tactile_images/models_onnx/codegen/mex/googlenet_predict/_clang-format
[0.670s] -- Up-to-date: /home/lidia/ros2_ws/src/install/uc1_tactile_images/share/uc1_tactile_images/models_onnx/codegen/mex/googlenet_predict/cnn_googlenet0_0_inception_4c-pool_proj_b.bin
[0.670s] -- Up-to-date: /home/lidia/ros2_ws/src/install/uc1_tactile_images/share/uc1_tactile_images/models_onnx/codegen/mex/googlenet_predict/DeepLearningNetwork.cu
[0.670s] -- Up-to-date: /home/lidia/ros2_ws/src/install/uc1_tactile_images/share/uc1_tactile_images/models_onnx/codegen/mex/googlenet_predict/cnn_googlenet0_0_inception_4b-5x5_b.bin
[0.670s] -- Up-to-date: /home/lidia/ros2_ws/src/install/uc1_tactile_images/share/uc1_tactile_images/models_onnx/codegen/mex/googlenet_predict/cnn_googlenet0_0_inception_3b-pool_proj_w.bin
[0.671s] -- Up-to-date: /home/lidia/ros2_ws/src/install/uc1_tactile_images/share/uc1_tactile_images/models_onnx/codegen/mex/googlenet_predict/cnn_googlenet0_0_inception_4a-pool_proj_w.bin
[0.671s] -- Up-to-date: /home/lidia/ros2_ws/src/install/uc1_tactile_images/share/uc1_tactile_images/models_onnx/codegen/mex/googlenet_predict/cnn_googlenet0_0_inception_4e-3x3_b.bin
[0.671s] -- Up-to-date: /home/lidia/ros2_ws/src/install/uc1_tactile_images/share/uc1_tactile_images/models_onnx/codegen/mex/googlenet_predict/cnn_googlenet0_0_inception_4b-5x5_reduce_w.bin
[0.671s] -- Up-to-date: /home/lidia/ros2_ws/src/install/uc1_tactile_images/share/uc1_tactile_images/models_onnx/codegen/mex/googlenet_predict/cnn_googlenet0_0_inception_4a-5x5_reduce_b.bin
[0.671s] -- Up-to-date: /home/lidia/ros2_ws/src/install/uc1_tactile_images/share/uc1_tactile_images/models_onnx/codegen/mex/googlenet_predict/cnn_googlenet0_0_loss3-classifier_b.bin
[0.671s] -- Up-to-date: /home/lidia/ros2_ws/src/install/uc1_tactile_images/share/uc1_tactile_images/models_onnx/codegen/mex/googlenet_predict/cnn_googlenet0_0_inception_4e-pool_proj_b.bin
[0.671s] -- Up-to-date: /home/lidia/ros2_ws/src/install/uc1_tactile_images/share/uc1_tactile_images/models_onnx/codegen/mex/googlenet_predict/cnn_googlenet0_0_data_scale.bin
[0.671s] -- Up-to-date: /home/lidia/ros2_ws/src/install/uc1_tactile_images/share/uc1_tactile_images/models_onnx/codegen/mex/googlenet_predict/cnn_googlenet0_0_inception_4c-5x5_b.bin
[0.671s] -- Up-to-date: /home/lidia/ros2_ws/src/install/uc1_tactile_images/share/uc1_tactile_images/models_onnx/codegen/mex/googlenet_predict/cnn_googlenet0_0_inception_4e-3x3_reduce_w.bin
[0.671s] -- Up-to-date: /home/lidia/ros2_ws/src/install/uc1_tactile_images/share/uc1_tactile_images/models_onnx/codegen/mex/googlenet_predict/cnn_googlenet0_0_inception_4d-pool_proj_b.bin
[0.671s] -- Up-to-date: /home/lidia/ros2_ws/src/install/uc1_tactile_images/share/uc1_tactile_images/models_onnx/codegen/mex/googlenet_predict/build.ninja
[0.671s] -- Up-to-date: /home/lidia/ros2_ws/src/install/uc1_tactile_images/share/uc1_tactile_images/models_onnx/codegen/mex/googlenet_predict/rt_nonfinite.cu
[0.672s] -- Up-to-date: /home/lidia/ros2_ws/src/install/uc1_tactile_images/share/uc1_tactile_images/models_onnx/codegen/mex/googlenet_predict/cnn_googlenet0_0_inception_3a-1x1_w.bin
[0.672s] -- Up-to-date: /home/lidia/ros2_ws/src/install/uc1_tactile_images/share/uc1_tactile_images/models_onnx/codegen/mex/googlenet_predict/cnn_googlenet0_0_inception_5b-5x5_reduce_w.bin
[0.672s] -- Up-to-date: /home/lidia/ros2_ws/src/install/uc1_tactile_images/share/uc1_tactile_images/models_onnx/codegen/mex/googlenet_predict/cnn_googlenet0_0_inception_4b-1x1_w.bin
[0.672s] -- Up-to-date: /home/lidia/ros2_ws/src/install/uc1_tactile_images/share/uc1_tactile_images/models_onnx/codegen/mex/googlenet_predict/cnn_googlenet0_0_inception_4c-1x1_b.bin
[0.672s] -- Up-to-date: /home/lidia/ros2_ws/src/install/uc1_tactile_images/share/uc1_tactile_images/models_onnx/codegen/mex/googlenet_predict/cnn_googlenet0_0_inception_3b-3x3_reduce_w.bin
[0.672s] -- Up-to-date: /home/lidia/ros2_ws/src/install/uc1_tactile_images/share/uc1_tactile_images/models_onnx/codegen/mex/googlenet_predict/cnn_googlenet0_0_inception_5b-5x5_w.bin
[0.672s] -- Up-to-date: /home/lidia/ros2_ws/src/install/uc1_tactile_images/share/uc1_tactile_images/models_onnx/codegen/mex/googlenet_predict/cnn_googlenet0_0_inception_4e-5x5_w.bin
[0.672s] -- Up-to-date: /home/lidia/ros2_ws/src/install/uc1_tactile_images/share/uc1_tactile_images/models_onnx/codegen/mex/googlenet_predict/cnn_googlenet0_0_inception_5a-1x1_w.bin
[0.672s] -- Up-to-date: /home/lidia/ros2_ws/src/install/uc1_tactile_images/share/uc1_tactile_images/models_onnx/codegen/mex/googlenet_predict/cnn_googlenet0_0_inception_4c-5x5_reduce_w.bin
[0.672s] -- Up-to-date: /home/lidia/ros2_ws/src/install/uc1_tactile_images/share/uc1_tactile_images/models_onnx/codegen/mex/googlenet_predict/build
[0.672s] -- Up-to-date: /home/lidia/ros2_ws/src/install/uc1_tactile_images/share/uc1_tactile_images/models_onnx/codegen/mex/googlenet_predict/build/glnxa64
[0.672s] -- Up-to-date: /home/lidia/ros2_ws/src/install/uc1_tactile_images/share/uc1_tactile_images/models_onnx/codegen/mex/googlenet_predict/build/glnxa64/.ninja_log
[0.673s] -- Up-to-date: /home/lidia/ros2_ws/src/install/uc1_tactile_images/share/uc1_tactile_images/models_onnx/codegen/mex/googlenet_predict/build/glnxa64/buildLog.log
[0.673s] -- Up-to-date: /home/lidia/ros2_ws/src/install/uc1_tactile_images/share/uc1_tactile_images/models_onnx/codegen/mex/googlenet_predict/build/glnxa64/_coder_googlenet_predict_info.o
[0.673s] -- Up-to-date: /home/lidia/ros2_ws/src/install/uc1_tactile_images/share/uc1_tactile_images/models_onnx/codegen/mex/googlenet_predict/cnn_googlenet0_0_inception_5a-1x1_b.bin
[0.673s] -- Up-to-date: /home/lidia/ros2_ws/src/install/uc1_tactile_images/share/uc1_tactile_images/models_onnx/codegen/mex/googlenet_predict/cnn_googlenet0_0_loss3-classifier_w.bin
[0.673s] -- Up-to-date: /home/lidia/ros2_ws/src/install/uc1_tactile_images/share/uc1_tactile_images/models_onnx/codegen/mex/googlenet_predict/googlenet_predict.h
[0.673s] -- Up-to-date: /home/lidia/ros2_ws/src/install/uc1_tactile_images/share/uc1_tactile_images/models_onnx/codegen/mex/googlenet_predict/googlenet_predict_mexutil.cu
[0.673s] -- Up-to-date: /home/lidia/ros2_ws/src/install/uc1_tactile_images/share/uc1_tactile_images/models_onnx/codegen/mex/googlenet_predict/cnn_googlenet0_0_inception_3a-1x1_b.bin
[0.673s] -- Up-to-date: /home/lidia/ros2_ws/src/install/uc1_tactile_images/share/uc1_tactile_images/models_onnx/codegen/mex/googlenet_predict/cnn_googlenet0_0_conv2-3x3_reduce_b.bin
[0.673s] -- Up-to-date: /home/lidia/ros2_ws/src/install/uc1_tactile_images/share/uc1_tactile_images/models_onnx/codegen/mex/googlenet_predict/cnn_googlenet0_0_inception_4e-3x3_w.bin
[0.673s] -- Up-to-date: /home/lidia/ros2_ws/src/install/uc1_tactile_images/share/uc1_tactile_images/models_onnx/codegen/mex/googlenet_predict/cnn_googlenet0_0_inception_4e-1x1_w.bin
[0.673s] -- Up-to-date: /home/lidia/ros2_ws/src/install/uc1_tactile_images/share/uc1_tactile_images/models_onnx/codegen/mex/googlenet_predict/cnn_googlenet0_0_inception_5a-5x5_reduce_w.bin
[0.674s] -- Up-to-date: /home/lidia/ros2_ws/src/install/uc1_tactile_images/share/uc1_tactile_images/models_onnx/codegen/mex/googlenet_predict/googlenet_predict_terminate.cu
[0.674s] -- Up-to-date: /home/lidia/ros2_ws/src/install/uc1_tactile_images/share/uc1_tactile_images/models_onnx/codegen/mex/googlenet_predict/googlenet_predict_types.h
[0.674s] -- Up-to-date: /home/lidia/ros2_ws/src/install/uc1_tactile_images/share/uc1_tactile_images/models_onnx/codegen/mex/googlenet_predict/cnn_googlenet0_0_inception_5b-5x5_reduce_b.bin
[0.674s] -- Up-to-date: /home/lidia/ros2_ws/src/install/uc1_tactile_images/share/uc1_tactile_images/models_onnx/codegen/mex/googlenet_predict/cnn_googlenet0_0_inception_4c-3x3_b.bin
[0.674s] -- Up-to-date: /home/lidia/ros2_ws/src/install/uc1_tactile_images/share/uc1_tactile_images/models_onnx/codegen/mex/googlenet_predict/cnn_googlenet0_0_inception_4e-1x1_b.bin
[0.674s] -- Up-to-date: /home/lidia/ros2_ws/src/install/uc1_tactile_images/share/uc1_tactile_images/models_onnx/codegen/mex/googlenet_predict/cnn_googlenet0_0_conv1-7x7_s2_w.bin
[0.674s] -- Up-to-date: /home/lidia/ros2_ws/src/install/uc1_tactile_images/share/uc1_tactile_images/models_onnx/codegen/mex/googlenet_predict/gpu_codegen_info.mat
[0.674s] -- Up-to-date: /home/lidia/ros2_ws/src/install/uc1_tactile_images/share/uc1_tactile_images/models_onnx/codegen/mex/googlenet_predict/cnn_googlenet0_0_inception_4b-3x3_b.bin
[0.674s] -- Up-to-date: /home/lidia/ros2_ws/src/install/uc1_tactile_images/share/uc1_tactile_images/models_onnx/codegen/mex/googlenet_predict/cnn_googlenet0_0_conv2-3x3_b.bin
[0.674s] -- Up-to-date: /home/lidia/ros2_ws/src/install/uc1_tactile_images/share/uc1_tactile_images/models_onnx/codegen/mex/googlenet_predict/cnn_googlenet0_0_outputlabels.txt
[0.674s] -- Up-to-date: /home/lidia/ros2_ws/src/install/uc1_tactile_images/share/uc1_tactile_images/models_onnx/codegen/mex/googlenet_predict/cnn_googlenet0_0_inception_4b-1x1_b.bin
[0.674s] -- Up-to-date: /home/lidia/ros2_ws/src/install/uc1_tactile_images/share/uc1_tactile_images/models_onnx/codegen/mex/googlenet_predict/cnn_googlenet0_0_inception_4b-3x3_reduce_w.bin
[0.674s] -- Up-to-date: /home/lidia/ros2_ws/src/install/uc1_tactile_images/share/uc1_tactile_images/models_onnx/codegen/mex/googlenet_predict/googlenet_predict.cu
[0.675s] -- Up-to-date: /home/lidia/ros2_ws/src/install/uc1_tactile_images/share/uc1_tactile_images/models_onnx/codegen/mex/googlenet_predict/cnn_googlenet0_0_inception_4e-pool_proj_w.bin
[0.675s] -- Up-to-date: /home/lidia/ros2_ws/src/install/uc1_tactile_images/share/uc1_tactile_images/models_onnx/codegen/mex/googlenet_predict/cnn_googlenet0_0_inception_5a-pool_proj_w.bin
[0.675s] -- Up-to-date: /home/lidia/ros2_ws/src/install/uc1_tactile_images/share/uc1_tactile_images/models_onnx/codegen/mex/googlenet_predict/cnn_googlenet0_0_inception_3b-3x3_reduce_b.bin
[0.675s] -- Up-to-date: /home/lidia/ros2_ws/src/install/uc1_tactile_images/share/uc1_tactile_images/models_onnx/codegen/mex/googlenet_predict/cnn_googlenet0_0_inception_3b-5x5_w.bin
[0.675s] -- Up-to-date: /home/lidia/ros2_ws/src/install/uc1_tactile_images/share/uc1_tactile_images/models_onnx/codegen/mex/googlenet_predict/cnn_googlenet0_0_inception_4b-pool_proj_b.bin
[0.675s] -- Up-to-date: /home/lidia/ros2_ws/src/install/uc1_tactile_images/share/uc1_tactile_images/models_onnx/codegen/mex/googlenet_predict/googlenet_predict_data.cu
[0.675s] -- Up-to-date: /home/lidia/ros2_ws/src/install/uc1_tactile_images/share/uc1_tactile_images/models_onnx/codegen/mex/googlenet_predict/googlenet_predict_data.h
[0.675s] -- Up-to-date: /home/lidia/ros2_ws/src/install/uc1_tactile_images/share/uc1_tactile_images/models_onnx/codegen/mex/googlenet_predict/cnn_googlenet0_0_inception_4b-3x3_reduce_b.bin
[0.675s] -- Up-to-date: /home/lidia/ros2_ws/src/install/uc1_tactile_images/share/uc1_tactile_images/models_onnx/codegen/mex/googlenet_predict/cnn_googlenet0_0_inception_4e-5x5_reduce_w.bin
[0.675s] -- Up-to-date: /home/lidia/ros2_ws/src/install/uc1_tactile_images/share/uc1_tactile_images/models_onnx/codegen/mex/googlenet_predict/cnn_googlenet0_0_inception_3a-3x3_reduce_b.bin
[0.676s] -- Up-to-date: /home/lidia/ros2_ws/src/install/uc1_tactile_images/share/uc1_tactile_images/models_onnx/codegen/mex/googlenet_predict/cnn_googlenet0_0_inception_3a-5x5_w.bin
[0.676s] -- Up-to-date: /home/lidia/ros2_ws/src/install/uc1_tactile_images/share/uc1_tactile_images/models_onnx/codegen/mex/googlenet_predict/cnn_googlenet0_0_inception_4e-5x5_b.bin
[0.676s] -- Up-to-date: /home/lidia/ros2_ws/src/install/uc1_tactile_images/share/uc1_tactile_images/models_onnx/codegen/mex/googlenet_predict/cnn_googlenet0_0_inception_4a-3x3_reduce_b.bin
[0.676s] -- Up-to-date: /home/lidia/ros2_ws/src/install/uc1_tactile_images/share/uc1_tactile_images/models_onnx/codegen/mex/googlenet_predict/cnn_googlenet0_0_conv1-7x7_s2_b.bin
[0.676s] -- Up-to-date: /home/lidia/ros2_ws/src/install/uc1_tactile_images/share/uc1_tactile_images/models_onnx/codegen/mex/googlenet_predict/cnn_googlenet0_0_inception_5a-3x3_w.bin
[0.676s] -- Up-to-date: /home/lidia/ros2_ws/src/install/uc1_tactile_images/share/uc1_tactile_images/models_onnx/codegen/mex/googlenet_predict/cnn_googlenet0_0_conv2-3x3_w.bin
[0.677s] -- Up-to-date: /home/lidia/ros2_ws/src/install/uc1_tactile_images/share/uc1_tactile_images/models_onnx/codegen/mex/googlenet_predict/cnn_googlenet0_0_inception_5b-3x3_b.bin
[0.677s] -- Up-to-date: /home/lidia/ros2_ws/src/install/uc1_tactile_images/share/uc1_tactile_images/models_onnx/codegen/mex/googlenet_predict/cnn_googlenet0_0_inception_4b-3x3_w.bin
[0.677s] -- Up-to-date: /home/lidia/ros2_ws/src/install/uc1_tactile_images/share/uc1_tactile_images/models_onnx/codegen/mex/googlenet_predict/cnn_googlenet0_0_inception_3b-3x3_b.bin
[0.677s] -- Up-to-date: /home/lidia/ros2_ws/src/install/uc1_tactile_images/share/uc1_tactile_images/models_onnx/codegen/mex/googlenet_predict/cnn_googlenet0_0_inception_3b-pool_proj_b.bin
[0.677s] -- Up-to-date: /home/lidia/ros2_ws/src/install/uc1_tactile_images/share/uc1_tactile_images/models_onnx/codegen/mex/googlenet_predict/cnn_googlenet0_0_inception_4b-5x5_reduce_b.bin
[0.677s] -- Up-to-date: /home/lidia/ros2_ws/src/install/uc1_tactile_images/share/uc1_tactile_images/models_onnx/codegen/mex/googlenet_predict/cnn_googlenet0_0_inception_4a-1x1_w.bin
[0.677s] -- Up-to-date: /home/lidia/ros2_ws/src/install/uc1_tactile_images/share/uc1_tactile_images/models_onnx/codegen/mex/googlenet_predict/cnn_googlenet0_0_inception_4a-5x5_b.bin
[0.677s] -- Up-to-date: /home/lidia/ros2_ws/src/install/uc1_tactile_images/share/uc1_tactile_images/models_onnx/codegen/mex/googlenet_predict/cnn_googlenet0_0_inception_3b-5x5_reduce_b.bin
[0.677s] -- Up-to-date: /home/lidia/ros2_ws/src/install/uc1_tactile_images/share/uc1_tactile_images/models_onnx/codegen/mex/googlenet_predict/cnn_googlenet0_0_inception_5b-pool_proj_b.bin
[0.677s] -- Up-to-date: /home/lidia/ros2_ws/src/install/uc1_tactile_images/share/uc1_tactile_images/models_onnx/codegen/mex/googlenet_predict/cnn_googlenet0_0_inception_3a-3x3_b.bin
[0.678s] -- Up-to-date: /home/lidia/ros2_ws/src/install/uc1_tactile_images/share/uc1_tactile_images/models_onnx/codegen/mex/googlenet_predict/cnn_googlenet0_0_inception_4d-5x5_reduce_b.bin
[0.678s] -- Up-to-date: /home/lidia/ros2_ws/src/install/uc1_tactile_images/share/uc1_tactile_images/models_onnx/codegen/mex/googlenet_predict/cnn_googlenet0_0_inception_3b-5x5_reduce_w.bin
[0.678s] -- Up-to-date: /home/lidia/ros2_ws/src/install/uc1_tactile_images/share/uc1_tactile_images/models_onnx/codegen/mex/googlenet_predict/cnn_googlenet0_0_inception_4c-3x3_reduce_b.bin
[0.678s] -- Up-to-date: /home/lidia/ros2_ws/src/install/uc1_tactile_images/share/uc1_tactile_images/models_onnx/codegen/mex/googlenet_predict/cnn_googlenet0_0_inception_4d-3x3_reduce_b.bin
[0.678s] -- Up-to-date: /home/lidia/ros2_ws/src/install/uc1_tactile_images/share/uc1_tactile_images/models_onnx/codegen/mex/googlenet_predict/cnn_googlenet0_0_inception_5b-3x3_reduce_b.bin
[0.678s] -- Up-to-date: /home/lidia/ros2_ws/src/install/uc1_tactile_images/share/uc1_tactile_images/models_onnx/codegen/mex/googlenet_predict/cnn_googlenet0_0_inception_4b-pool_proj_w.bin
[0.678s] -- Up-to-date: /home/lidia/ros2_ws/src/install/uc1_tactile_images/share/uc1_tactile_images/models_onnx/codegen/mex/googlenet_predict/cnn_googlenet0_0_inception_4d-1x1_b.bin
[0.678s] -- Up-to-date: /home/lidia/ros2_ws/src/install/uc1_tactile_images/share/uc1_tactile_images/models_onnx/codegen/mex/googlenet_predict/MWCudaDimUtility.hpp
[0.678s] -- Up-to-date: /home/lidia/ros2_ws/src/install/uc1_tactile_images/share/uc1_tactile_images/models_onnx/codegen/mex/googlenet_predict/cnn_googlenet0_0_inception_4d-3x3_b.bin
[0.678s] -- Up-to-date: /home/lidia/ros2_ws/src/install/uc1_tactile_images/share/uc1_tactile_images/models_onnx/codegen/mex/googlenet_predict/html
[0.678s] -- Up-to-date: /home/lidia/ros2_ws/src/install/uc1_tactile_images/share/uc1_tactile_images/models_onnx/codegen/mex/googlenet_predict/html/report.mldatx
[0.679s] -- Up-to-date: /home/lidia/ros2_ws/src/install/uc1_tactile_images/share/uc1_tactile_images/models_onnx/codegen/mex/googlenet_predict/predict.cu
[0.679s] -- Up-to-date: /home/lidia/ros2_ws/src/install/uc1_tactile_images/share/uc1_tactile_images/models_onnx/codegen/mex/googlenet_predict/cnn_googlenet0_0_inception_5b-1x1_b.bin
[0.679s] -- Up-to-date: /home/lidia/ros2_ws/src/install/uc1_tactile_images/share/uc1_tactile_images/models_onnx/codegen/mex/googlenet_predict/DeepLearningNetwork.h
[0.679s] -- Up-to-date: /home/lidia/ros2_ws/src/install/uc1_tactile_images/share/uc1_tactile_images/models_onnx/codegen/mex/googlenet_predict/cnn_googlenet0_0_inception_4a-5x5_reduce_w.bin
[0.679s] -- Up-to-date: /home/lidia/ros2_ws/src/install/uc1_tactile_images/share/uc1_tactile_images/models_onnx/codegen/mex/googlenet_predict/cnn_googlenet0_0_inception_4c-5x5_reduce_b.bin
[0.679s] -- Up-to-date: /home/lidia/ros2_ws/src/install/uc1_tactile_images/share/uc1_tactile_images/models_onnx/codegen/mex/googlenet_predict/cnn_googlenet0_0_inception_3a-5x5_reduce_w.bin
[0.679s] -- Up-to-date: /home/lidia/ros2_ws/src/install/uc1_tactile_images/share/uc1_tactile_images/models_onnx/codegen/mex/googlenet_predict/cnn_googlenet0_0_inception_5b-5x5_b.bin
[0.680s] -- Up-to-date: /home/lidia/ros2_ws/src/install/uc1_tactile_images/share/uc1_tactile_images/models_onnx/codegen/mex/googlenet_predict/cnn_googlenet0_0_inception_4e-5x5_reduce_b.bin
[0.680s] -- Up-to-date: /home/lidia/ros2_ws/src/install/uc1_tactile_images/share/uc1_tactile_images/models_onnx/codegen/mex/googlenet_predict/cnn_googlenet0_0_inception_4d-5x5_reduce_w.bin
[0.680s] -- Up-to-date: /home/lidia/ros2_ws/src/install/uc1_tactile_images/share/uc1_tactile_images/models_onnx/codegen/mex/googlenet_predict/cnn_googlenet0_0_inception_5b-1x1_w.bin
[0.680s] -- Up-to-date: /home/lidia/ros2_ws/src/install/uc1_tactile_images/share/uc1_tactile_images/models_onnx/codegen/mex/googlenet_predict/cnn_googlenet0_0_inception_4d-pool_proj_w.bin
[0.680s] -- Up-to-date: /home/lidia/ros2_ws/src/install/uc1_tactile_images/share/uc1_tactile_images/models_onnx/codegen/mex/googlenet_predict/cnn_googlenet0_0_inception_4e-3x3_reduce_b.bin
[0.680s] -- Up-to-date: /home/lidia/ros2_ws/src/install/uc1_tactile_images/share/uc1_tactile_images/models_onnx/codegen/mex/googlenet_predict/cnn_googlenet0_0_inception_5a-5x5_w.bin
[0.680s] -- Up-to-date: /home/lidia/ros2_ws/src/install/uc1_tactile_images/share/uc1_tactile_images/models_onnx/codegen/mex/googlenet_predict/cnn_googlenet0_0_inception_3a-3x3_reduce_w.bin
[0.680s] -- Up-to-date: /home/lidia/ros2_ws/src/install/uc1_tactile_images/share/uc1_tactile_images/models_onnx/codegen/mex/googlenet_predict/cnn_googlenet0_0_data_offset.bin
[0.681s] -- Up-to-date: /home/lidia/ros2_ws/src/install/uc1_tactile_images/share/uc1_tactile_images/models_onnx/codegen/mex/googlenet_predict/cnn_googlenet0_0_inception_4d-3x3_w.bin
[0.681s] -- Up-to-date: /home/lidia/ros2_ws/src/install/uc1_tactile_images/share/uc1_tactile_images/models_onnx/codegen/mex/googlenet_predict/cnn_googlenet0_0_inception_4a-3x3_reduce_w.bin
[0.681s] -- Up-to-date: /home/lidia/ros2_ws/src/install/uc1_tactile_images/share/uc1_tactile_images/models_onnx/codegen/mex/googlenet_predict/googlenet_predict_initialize.h
[0.681s] -- Up-to-date: /home/lidia/ros2_ws/src/install/uc1_tactile_images/share/uc1_tactile_images/models_onnx/codegen/mex/googlenet_predict/cnn_googlenet0_0_inception_4c-3x3_reduce_w.bin
[0.681s] -- Up-to-date: /home/lidia/ros2_ws/src/install/uc1_tactile_images/share/uc1_tactile_images/models_onnx/codegen/mex/googlenet_predict/cnn_googlenet0_0_inception_3a-pool_proj_b.bin
[0.681s] -- Up-to-date: /home/lidia/ros2_ws/src/install/uc1_tactile_images/share/uc1_tactile_images/models_onnx/codegen/mex/googlenet_predict/cnn_googlenet0_0_inception_3a-pool_proj_w.bin
[0.681s] -- Up-to-date: /home/lidia/ros2_ws/src/install/uc1_tactile_images/share/uc1_tactile_images/models_onnx/codegen/mex/googlenet_predict/cnn_googlenet0_0_inception_5b-pool_proj_w.bin
[0.681s] -- Up-to-date: /home/lidia/ros2_ws/src/install/uc1_tactile_images/share/uc1_tactile_images/models_onnx/codegen/mex/googlenet_predict/cnn_googlenet0_0_inception_3a-3x3_w.bin
[0.681s] -- Up-to-date: /home/lidia/ros2_ws/src/install/uc1_tactile_images/share/uc1_tactile_images/models_onnx/codegen/mex/googlenet_predict/cnn_googlenet0_0_inception_4c-pool_proj_w.bin
[0.682s] -- Up-to-date: /home/lidia/ros2_ws/src/install/uc1_tactile_images/share/uc1_tactile_images/models_onnx/codegen/mex/googlenet_predict/googlenet_predict_mexutil.h
[0.682s] -- Up-to-date: /home/lidia/ros2_ws/src/install/uc1_tactile_images/share/uc1_tactile_images/models_onnx/codegen/mex/googlenet_predict/cnn_googlenet0_0_inception_3a-5x5_b.bin
[0.682s] -- Up-to-date: /home/lidia/ros2_ws/src/install/uc1_tactile_images/share/uc1_tactile_images/models_onnx/codegen/mex/googlenet_predict/cnn_googlenet0_0_inception_4b-5x5_w.bin
[0.682s] -- Up-to-date: /home/lidia/ros2_ws/src/install/uc1_tactile_images/share/uc1_tactile_images/models_onnx/codegen/mex/googlenet_predict/rt_nonfinite.h
[0.682s] -- Up-to-date: /home/lidia/ros2_ws/src/install/uc1_tactile_images/share/uc1_tactile_images/models_onnx/codegen/mex/googlenet_predict/cnn_googlenet0_0_inception_3a-5x5_reduce_b.bin
[0.682s] -- Up-to-date: /home/lidia/ros2_ws/src/install/uc1_tactile_images/share/uc1_tactile_images/models_onnx/codegen/mex/googlenet_predict/googlenet_predict_terminate.h
[0.682s] -- Up-to-date: /home/lidia/ros2_ws/src/install/uc1_tactile_images/share/uc1_tactile_images/models_onnx/codegen/mex/googlenet_predict/rtwtypes.h
[0.682s] -- Up-to-date: /home/lidia/ros2_ws/src/install/uc1_tactile_images/share/uc1_tactile_images/models_onnx/codegen/mex/googlenet_predict/cnn_googlenet0_0_inception_5b-3x3_reduce_w.bin
[0.682s] -- Up-to-date: /home/lidia/ros2_ws/src/install/uc1_tactile_images/share/uc1_tactile_images/models_onnx/codegen/mex/googlenet_predict/cnn_googlenet0_0_inception_4c-5x5_w.bin
[0.683s] -- Up-to-date: /home/lidia/ros2_ws/src/install/uc1_tactile_images/share/uc1_tactile_images/models_onnx/codegen/mex/googlenet_predict/buildInfo.mat
[0.683s] -- Up-to-date: /home/lidia/ros2_ws/src/install/uc1_tactile_images/share/uc1_tactile_images/models_onnx/codegen/mex/googlenet_predict/cnn_googlenet0_0_inception_5a-3x3_reduce_w.bin
[0.683s] -- Up-to-date: /home/lidia/ros2_ws/src/install/uc1_tactile_images/share/uc1_tactile_images/models_onnx/codegen/mex/googlenet_predict/cnn_googlenet0_0_inception_3b-3x3_w.bin
[0.683s] -- Up-to-date: /home/lidia/ros2_ws/src/install/uc1_tactile_images/share/uc1_tactile_images/models_onnx/codegen/mex/googlenet_predict/cnn_googlenet0_0_inception_4c-1x1_w.bin
[0.683s] -- Up-to-date: /home/lidia/ros2_ws/src/install/uc1_tactile_images/share/uc1_tactile_images/models_onnx/codegen/mex/googlenet_predict/cnn_googlenet0_0_inception_4a-pool_proj_b.bin
[0.683s] -- Up-to-date: /home/lidia/ros2_ws/src/install/uc1_tactile_images/share/uc1_tactile_images/models_onnx/codegen/mex/googlenet_predict/cnn_googlenet0_0_inception_4d-3x3_reduce_w.bin
[0.683s] -- Up-to-date: /home/lidia/ros2_ws/src/install/uc1_tactile_images/share/uc1_tactile_images/models_onnx/codegen/mex/googlenet_predict/networkParamsInfo_googlenet0_0.bin
[0.683s] -- Up-to-date: /home/lidia/ros2_ws/src/install/uc1_tactile_images/share/uc1_tactile_images/models_onnx/codegen/mex/googlenet_predict/cnn_googlenet0_0_inception_3b-5x5_b.bin
[0.684s] -- Up-to-date: /home/lidia/ros2_ws/src/install/uc1_tactile_images/share/uc1_tactile_images/models_onnx/codegen/mex/googlenet_predict/cnn_googlenet0_0_inception_4d-5x5_w.bin
[0.684s] -- Up-to-date: /home/lidia/ros2_ws/src/install/uc1_tactile_images/share/uc1_tactile_images/models_onnx/codegen/mex/googlenet_predict/googlenet_predict_internal_types.h
[0.684s] -- Up-to-date: /home/lidia/ros2_ws/src/install/uc1_tactile_images/share/uc1_tactile_images/models_onnx/codegen/mex/googlenet_predict/cnn_googlenet0_0_inception_3b-1x1_b.bin
[0.684s] -- Up-to-date: /home/lidia/ros2_ws/src/install/uc1_tactile_images/share/uc1_tactile_images/models_onnx/HandsNet_handles_finetuned.onnx
[0.684s] -- Up-to-date: /home/lidia/ros2_ws/src/install/uc1_tactile_images/share/uc1_tactile_images/models_onnx/googlenet_predict.m
[0.684s] -- Up-to-date: /home/lidia/ros2_ws/src/install/uc1_tactile_images/share/uc1_tactile_images/models_onnx/handsnet_finetuned.onnx
[0.684s] -- Up-to-date: /home/lidia/ros2_ws/src/install/uc1_tactile_images/share/uc1_tactile_images/models_onnx/HandsNetFcn.m
[0.684s] -- Up-to-date: /home/lidia/ros2_ws/src/install/uc1_tactile_images/share/uc1_tactile_images/package.xml
[0.685s] -- Up-to-date: /home/lidia/ros2_ws/src/install/uc1_tactile_images/share/uc1_tactile_images/calibration_files
[0.685s] -- Up-to-date: /home/lidia/ros2_ws/src/install/uc1_tactile_images/share/uc1_tactile_images/calibration_files/old
[0.685s] -- Up-to-date: /home/lidia/ros2_ws/src/install/uc1_tactile_images/share/uc1_tactile_images/calibration_files/old/UR10_link2_patch1.json
[0.685s] -- Up-to-date: /home/lidia/ros2_ws/src/install/uc1_tactile_images/share/uc1_tactile_images/calibration_files/old/UR10_link1_patch3_4.json
[0.685s] -- Up-to-date: /home/lidia/ros2_ws/src/install/uc1_tactile_images/share/uc1_tactile_images/calibration_files/old/hexagon_patch_zwick.json
[0.685s] -- Up-to-date: /home/lidia/ros2_ws/src/install/uc1_tactile_images/share/uc1_tactile_images/calibration_files/old/UR10_link1_patch4.json
[0.685s] -- Up-to-date: /home/lidia/ros2_ws/src/install/uc1_tactile_images/share/uc1_tactile_images/calibration_files/old/BUDAPEST_link2_patches1e3.json
[0.685s] -- Up-to-date: /home/lidia/ros2_ws/src/install/uc1_tactile_images/share/uc1_tactile_images/calibration_files/old/CASE_patch2.json
[0.685s] -- Up-to-date: /home/lidia/ros2_ws/src/install/uc1_tactile_images/share/uc1_tactile_images/calibration_files/old/BUDAPEST_link2_patches1e2_tmap.json
[0.685s] -- Up-to-date: /home/lidia/ros2_ws/src/install/uc1_tactile_images/share/uc1_tactile_images/calibration_files/old/CASE_patch3.json
[0.686s] -- Up-to-date: /home/lidia/ros2_ws/src/install/uc1_tactile_images/share/uc1_tactile_images/calibration_files/old/BUDAPEST_link2_patches1e3_tmap.json
[0.686s] -- Up-to-date: /home/lidia/ros2_ws/src/install/uc1_tactile_images/share/uc1_tactile_images/calibration_files/old/UR10_link1_patch2.json
[0.686s] -- Up-to-date: /home/lidia/ros2_ws/src/install/uc1_tactile_images/share/uc1_tactile_images/calibration_files/old/CASE_patch1.json
[0.686s] -- Up-to-date: /home/lidia/ros2_ws/src/install/uc1_tactile_images/share/uc1_tactile_images/calibration_files/old/DEMO_patch_3.json
[0.686s] -- Up-to-date: /home/lidia/ros2_ws/src/install/uc1_tactile_images/share/uc1_tactile_images/calibration_files/old/UR10_link2_patch4.json
[0.686s] -- Up-to-date: /home/lidia/ros2_ws/src/install/uc1_tactile_images/share/uc1_tactile_images/calibration_files/old/CASE_patch4.json
[0.686s] -- Up-to-date: /home/lidia/ros2_ws/src/install/uc1_tactile_images/share/uc1_tactile_images/calibration_files/old/UR10_link2_patch3.json
[0.686s] -- Up-to-date: /home/lidia/ros2_ws/src/install/uc1_tactile_images/share/uc1_tactile_images/calibration_files/old/UR10_link2_patch2.json
[0.686s] -- Up-to-date: /home/lidia/ros2_ws/src/install/uc1_tactile_images/share/uc1_tactile_images/calibration_files/old/UR10_link1_patch1_2.json
[0.686s] -- Up-to-date: /home/lidia/ros2_ws/src/install/uc1_tactile_images/share/uc1_tactile_images/calibration_files/old/UR10_link1_patch1.json
[0.687s] -- Up-to-date: /home/lidia/ros2_ws/src/install/uc1_tactile_images/share/uc1_tactile_images/calibration_files/old/BUDAPEST_link2_patches1e2.json
[0.687s] -- Up-to-date: /home/lidia/ros2_ws/src/install/uc1_tactile_images/share/uc1_tactile_images/calibration_files/old/UR10_link1_patch3.json
[0.687s] -- Up-to-date: /home/lidia/ros2_ws/src/install/uc1_tactile_images/share/uc1_tactile_images/calibration_files/old/UR10_link2_patch4_old.json
[0.687s] -- Up-to-date: /home/lidia/ros2_ws/src/install/uc1_tactile_images/share/uc1_tactile_images/calibration_files/old/DEMO_link2_patches1e3_full.json
[0.687s] -- Up-to-date: /home/lidia/ros2_ws/src/install/uc1_tactile_images/share/uc1_tactile_images/calibration_files/old/curved_gesture_patch.json
[0.687s] -- Up-to-date: /home/lidia/ros2_ws/src/install/uc1_tactile_images/share/uc1_tactile_images/calibration_files/old/DEMO_patch_1.json
[0.687s] -- Up-to-date: /home/lidia/ros2_ws/src/install/uc1_tactile_images/share/uc1_tactile_images/calibration_files/old/BUDAPEST_link2_patches1e3.json.old
[0.687s] -- Up-to-date: /home/lidia/ros2_ws/src/install/uc1_tactile_images/share/uc1_tactile_images/calibration_files/old/DEMO_link2_patches1e3_full.json.old
[0.687s] -- Up-to-date: /home/lidia/ros2_ws/src/install/uc1_tactile_images/share/uc1_tactile_images/calibration_files/hexagon_tpu_1_full_isomap.json
[0.687s] -- Up-to-date: /home/lidia/ros2_ws/src/install/uc1_tactile_images/share/uc1_tactile_images/calibration_files/hexagon_cyskin_full_isomap.json
[0.688s] -- Up-to-date: /home/lidia/ros2_ws/src/install/uc1_tactile_images/share/uc1_tactile_images/calibration_files/curved_gesture_patch_full_isomap.json
[0.688s] -- Up-to-date: /home/lidia/ros2_ws/src/install/uc1_tactile_images/share/uc1_tactile_images/calibration_files/UR10e_SKIN_CALIBRATION_FILES
[0.688s] -- Up-to-date: /home/lidia/ros2_ws/src/install/uc1_tactile_images/share/uc1_tactile_images/calibration_files/UR10e_SKIN_CALIBRATION_FILES/ur10e_link1_patch1_full_isomap.json
[0.688s] -- Up-to-date: /home/lidia/ros2_ws/src/install/uc1_tactile_images/share/uc1_tactile_images/calibration_files/UR10e_SKIN_CALIBRATION_FILES/ur10e_link2_patch4_flatmap.json
[0.688s] -- Up-to-date: /home/lidia/ros2_ws/src/install/uc1_tactile_images/share/uc1_tactile_images/calibration_files/UR10e_SKIN_CALIBRATION_FILES/ur10e_link2_patch3_isomap.json
[0.688s] -- Up-to-date: /home/lidia/ros2_ws/src/install/uc1_tactile_images/share/uc1_tactile_images/calibration_files/UR10e_SKIN_CALIBRATION_FILES/ur10e_link2_patch1_full_isomap.json
[0.688s] -- Up-to-date: /home/lidia/ros2_ws/src/install/uc1_tactile_images/share/uc1_tactile_images/calibration_files/UR10e_SKIN_CALIBRATION_FILES/ur10e_link1_patch3_full_isomap.json
[0.688s] -- Up-to-date: /home/lidia/ros2_ws/src/install/uc1_tactile_images/share/uc1_tactile_images/calibration_files/UR10e_SKIN_CALIBRATION_FILES/ur10e_link1_patch1.json
[0.688s] -- Up-to-date: /home/lidia/ros2_ws/src/install/uc1_tactile_images/share/uc1_tactile_images/calibration_files/UR10e_SKIN_CALIBRATION_FILES/ur10e_link2_patch4_full_isomap.json
[0.688s] -- Up-to-date: /home/lidia/ros2_ws/src/install/uc1_tactile_images/share/uc1_tactile_images/calibration_files/UR10e_SKIN_CALIBRATION_FILES/ur10e_link2_patch3_full_isomap.json
[0.689s] -- Up-to-date: /home/lidia/ros2_ws/src/install/uc1_tactile_images/share/uc1_tactile_images/calibration_files/UR10e_SKIN_CALIBRATION_FILES/ur10e_link1_patch4_flatmap.json
[0.689s] -- Up-to-date: /home/lidia/ros2_ws/src/install/uc1_tactile_images/share/uc1_tactile_images/calibration_files/UR10e_SKIN_CALIBRATION_FILES/ur10e_link1_patch4_isomap.json
[0.689s] -- Up-to-date: /home/lidia/ros2_ws/src/install/uc1_tactile_images/share/uc1_tactile_images/calibration_files/UR10e_SKIN_CALIBRATION_FILES/ur10e_link1_patch4_full_flatmap.json
[0.689s] -- Up-to-date: /home/lidia/ros2_ws/src/install/uc1_tactile_images/share/uc1_tactile_images/calibration_files/UR10e_SKIN_CALIBRATION_FILES/ur10e_link1_patch2_full_isomap.json
[0.689s] -- Up-to-date: /home/lidia/ros2_ws/src/install/uc1_tactile_images/share/uc1_tactile_images/calibration_files/UR10e_SKIN_CALIBRATION_FILES/ur10e_link2_patch2_full_flatmap.json
[0.689s] -- Up-to-date: /home/lidia/ros2_ws/src/install/uc1_tactile_images/share/uc1_tactile_images/calibration_files/UR10e_SKIN_CALIBRATION_FILES/ur10e_link2_patch2_flatmap.json
[0.689s] -- Up-to-date: /home/lidia/ros2_ws/src/install/uc1_tactile_images/share/uc1_tactile_images/calibration_files/UR10e_SKIN_CALIBRATION_FILES/ur10e_link2_patch3.json
[0.689s] -- Up-to-date: /home/lidia/ros2_ws/src/install/uc1_tactile_images/share/uc1_tactile_images/calibration_files/UR10e_SKIN_CALIBRATION_FILES/ur10e_link1_patch3_flatmap.json
[0.690s] -- Up-to-date: /home/lidia/ros2_ws/src/install/uc1_tactile_images/share/uc1_tactile_images/calibration_files/UR10e_SKIN_CALIBRATION_FILES/ur10e_link2_patch3_flatmap.json
[0.690s] -- Up-to-date: /home/lidia/ros2_ws/src/install/uc1_tactile_images/share/uc1_tactile_images/calibration_files/UR10e_SKIN_CALIBRATION_FILES/ur10e_link2_patch2_full_isomap.json
[0.690s] -- Up-to-date: /home/lidia/ros2_ws/src/install/uc1_tactile_images/share/uc1_tactile_images/calibration_files/UR10e_SKIN_CALIBRATION_FILES/ur10e_link2_patch1_flatmap.json
[0.690s] -- Up-to-date: /home/lidia/ros2_ws/src/install/uc1_tactile_images/share/uc1_tactile_images/calibration_files/UR10e_SKIN_CALIBRATION_FILES/ur10e_link2_patch4_full_flatmap.json
[0.690s] -- Up-to-date: /home/lidia/ros2_ws/src/install/uc1_tactile_images/share/uc1_tactile_images/calibration_files/UR10e_SKIN_CALIBRATION_FILES/ur10e_link1_patch3_isomap.json
[0.690s] -- Up-to-date: /home/lidia/ros2_ws/src/install/uc1_tactile_images/share/uc1_tactile_images/calibration_files/UR10e_SKIN_CALIBRATION_FILES/ur10e_link1_patch2_flatmap.json
[0.690s] -- Up-to-date: /home/lidia/ros2_ws/src/install/uc1_tactile_images/share/uc1_tactile_images/calibration_files/UR10e_SKIN_CALIBRATION_FILES/ur10e_link1_patch1_flatmap.json
[0.690s] -- Up-to-date: /home/lidia/ros2_ws/src/install/uc1_tactile_images/share/uc1_tactile_images/calibration_files/UR10e_SKIN_CALIBRATION_FILES/ur10e_link2_patch4_isomap.json
[0.690s] -- Up-to-date: /home/lidia/ros2_ws/src/install/uc1_tactile_images/share/uc1_tactile_images/calibration_files/UR10e_SKIN_CALIBRATION_FILES/ur10e_link1_patch3.json
[0.691s] -- Up-to-date: /home/lidia/ros2_ws/src/install/uc1_tactile_images/share/uc1_tactile_images/calibration_files/UR10e_SKIN_CALIBRATION_FILES/ur10e_link1_patch2_full_flatmap.json
[0.691s] -- Up-to-date: /home/lidia/ros2_ws/src/install/uc1_tactile_images/share/uc1_tactile_images/calibration_files/UR10e_SKIN_CALIBRATION_FILES/ur10e_link1_patch2.json
[0.691s] -- Up-to-date: /home/lidia/ros2_ws/src/install/uc1_tactile_images/share/uc1_tactile_images/calibration_files/UR10e_SKIN_CALIBRATION_FILES/ur10e_link1_patch2_isomap.json
[0.691s] -- Up-to-date: /home/lidia/ros2_ws/src/install/uc1_tactile_images/share/uc1_tactile_images/calibration_files/UR10e_SKIN_CALIBRATION_FILES/ur10e_link2_patch1_full_flatmap.json
[0.691s] -- Up-to-date: /home/lidia/ros2_ws/src/install/uc1_tactile_images/share/uc1_tactile_images/calibration_files/UR10e_SKIN_CALIBRATION_FILES/ur10e_link2_patch1_isomap.json
[0.691s] -- Up-to-date: /home/lidia/ros2_ws/src/install/uc1_tactile_images/share/uc1_tactile_images/calibration_files/UR10e_SKIN_CALIBRATION_FILES/ur10e_link2_patch3_full_flatmap.json
[0.691s] -- Up-to-date: /home/lidia/ros2_ws/src/install/uc1_tactile_images/share/uc1_tactile_images/calibration_files/UR10e_SKIN_CALIBRATION_FILES/ur10e_link2_patch2_isomap.json
[0.691s] -- Up-to-date: /home/lidia/ros2_ws/src/install/uc1_tactile_images/share/uc1_tactile_images/calibration_files/UR10e_SKIN_CALIBRATION_FILES/ur10e_link2_patch1.json
[0.691s] -- Up-to-date: /home/lidia/ros2_ws/src/install/uc1_tactile_images/share/uc1_tactile_images/calibration_files/UR10e_SKIN_CALIBRATION_FILES/ur10e_link1_patch4.json
[0.691s] -- Up-to-date: /home/lidia/ros2_ws/src/install/uc1_tactile_images/share/uc1_tactile_images/calibration_files/UR10e_SKIN_CALIBRATION_FILES/ur10e_link2_patch4.json
[0.692s] -- Up-to-date: /home/lidia/ros2_ws/src/install/uc1_tactile_images/share/uc1_tactile_images/calibration_files/UR10e_SKIN_CALIBRATION_FILES/ur10e_link1_patch1_isomap.json
[0.692s] -- Up-to-date: /home/lidia/ros2_ws/src/install/uc1_tactile_images/share/uc1_tactile_images/calibration_files/UR10e_SKIN_CALIBRATION_FILES/ur10e_link1_patch1_full_flatmap.json
[0.692s] -- Up-to-date: /home/lidia/ros2_ws/src/install/uc1_tactile_images/share/uc1_tactile_images/calibration_files/UR10e_SKIN_CALIBRATION_FILES/ur10e_link2_patch2.json
[0.692s] -- Up-to-date: /home/lidia/ros2_ws/src/install/uc1_tactile_images/share/uc1_tactile_images/calibration_files/UR10e_SKIN_CALIBRATION_FILES/ur10e_link1_patch4_full_isomap.json
[0.692s] -- Up-to-date: /home/lidia/ros2_ws/src/install/uc1_tactile_images/share/uc1_tactile_images/calibration_files/UR10e_SKIN_CALIBRATION_FILES/ur10e_link1_patch3_full_flatmap.json
[0.692s] -- Up-to-date: /home/lidia/ros2_ws/src/install/uc1_tactile_images/share/ament_index/resource_index/package_run_dependencies/uc1_tactile_images
[0.692s] -- Up-to-date: /home/lidia/ros2_ws/src/install/uc1_tactile_images/share/ament_index/resource_index/parent_prefix_path/uc1_tactile_images
[0.692s] -- Up-to-date: /home/lidia/ros2_ws/src/install/uc1_tactile_images/share/uc1_tactile_images/environment/ament_prefix_path.sh
[0.693s] -- Up-to-date: /home/lidia/ros2_ws/src/install/uc1_tactile_images/share/uc1_tactile_images/environment/ament_prefix_path.dsv
[0.693s] -- Up-to-date: /home/lidia/ros2_ws/src/install/uc1_tactile_images/share/uc1_tactile_images/environment/path.sh
[0.693s] -- Up-to-date: /home/lidia/ros2_ws/src/install/uc1_tactile_images/share/uc1_tactile_images/environment/path.dsv
[0.693s] -- Up-to-date: /home/lidia/ros2_ws/src/install/uc1_tactile_images/share/uc1_tactile_images/local_setup.bash
[0.693s] -- Up-to-date: /home/lidia/ros2_ws/src/install/uc1_tactile_images/share/uc1_tactile_images/local_setup.sh
[0.693s] -- Up-to-date: /home/lidia/ros2_ws/src/install/uc1_tactile_images/share/uc1_tactile_images/local_setup.zsh
[0.693s] -- Up-to-date: /home/lidia/ros2_ws/src/install/uc1_tactile_images/share/uc1_tactile_images/local_setup.dsv
[0.693s] -- Installing: /home/lidia/ros2_ws/src/install/uc1_tactile_images/share/uc1_tactile_images/package.dsv
[0.693s] -- Up-to-date: /home/lidia/ros2_ws/src/install/uc1_tactile_images/share/ament_index/resource_index/packages/uc1_tactile_images
[0.693s] -- Up-to-date: /home/lidia/ros2_ws/src/install/uc1_tactile_images/share/uc1_tactile_images/cmake/export_uc1_tactile_images__rosidl_generator_cExport.cmake
[0.694s] -- Up-to-date: /home/lidia/ros2_ws/src/install/uc1_tactile_images/share/uc1_tactile_images/cmake/export_uc1_tactile_images__rosidl_generator_cExport-noconfig.cmake
[0.694s] -- Up-to-date: /home/lidia/ros2_ws/src/install/uc1_tactile_images/share/uc1_tactile_images/cmake/export_uc1_tactile_images__rosidl_typesupport_fastrtps_cExport.cmake
[0.694s] -- Up-to-date: /home/lidia/ros2_ws/src/install/uc1_tactile_images/share/uc1_tactile_images/cmake/export_uc1_tactile_images__rosidl_typesupport_fastrtps_cExport-noconfig.cmake
[0.694s] -- Up-to-date: /home/lidia/ros2_ws/src/install/uc1_tactile_images/share/uc1_tactile_images/cmake/export_uc1_tactile_images__rosidl_generator_cppExport.cmake
[0.694s] -- Up-to-date: /home/lidia/ros2_ws/src/install/uc1_tactile_images/share/uc1_tactile_images/cmake/export_uc1_tactile_images__rosidl_typesupport_fastrtps_cppExport.cmake
[0.694s] -- Up-to-date: /home/lidia/ros2_ws/src/install/uc1_tactile_images/share/uc1_tactile_images/cmake/export_uc1_tactile_images__rosidl_typesupport_fastrtps_cppExport-noconfig.cmake
[0.694s] -- Up-to-date: /home/lidia/ros2_ws/src/install/uc1_tactile_images/share/uc1_tactile_images/cmake/uc1_tactile_images__rosidl_typesupport_introspection_cExport.cmake
[0.694s] -- Up-to-date: /home/lidia/ros2_ws/src/install/uc1_tactile_images/share/uc1_tactile_images/cmake/uc1_tactile_images__rosidl_typesupport_introspection_cExport-noconfig.cmake
[0.695s] -- Up-to-date: /home/lidia/ros2_ws/src/install/uc1_tactile_images/share/uc1_tactile_images/cmake/uc1_tactile_images__rosidl_typesupport_cExport.cmake
[0.695s] -- Up-to-date: /home/lidia/ros2_ws/src/install/uc1_tactile_images/share/uc1_tactile_images/cmake/uc1_tactile_images__rosidl_typesupport_cExport-noconfig.cmake
[0.695s] -- Up-to-date: /home/lidia/ros2_ws/src/install/uc1_tactile_images/share/uc1_tactile_images/cmake/uc1_tactile_images__rosidl_typesupport_introspection_cppExport.cmake
[0.695s] -- Up-to-date: /home/lidia/ros2_ws/src/install/uc1_tactile_images/share/uc1_tactile_images/cmake/uc1_tactile_images__rosidl_typesupport_introspection_cppExport-noconfig.cmake
[0.695s] -- Up-to-date: /home/lidia/ros2_ws/src/install/uc1_tactile_images/share/uc1_tactile_images/cmake/uc1_tactile_images__rosidl_typesupport_cppExport.cmake
[0.696s] -- Up-to-date: /home/lidia/ros2_ws/src/install/uc1_tactile_images/share/uc1_tactile_images/cmake/uc1_tactile_images__rosidl_typesupport_cppExport-noconfig.cmake
[0.696s] -- Up-to-date: /home/lidia/ros2_ws/src/install/uc1_tactile_images/share/uc1_tactile_images/cmake/export_uc1_tactile_images__rosidl_generator_pyExport.cmake
[0.696s] -- Up-to-date: /home/lidia/ros2_ws/src/install/uc1_tactile_images/share/uc1_tactile_images/cmake/export_uc1_tactile_images__rosidl_generator_pyExport-noconfig.cmake
[0.696s] -- Up-to-date: /home/lidia/ros2_ws/src/install/uc1_tactile_images/share/uc1_tactile_images/cmake/rosidl_cmake-extras.cmake
[0.696s] -- Up-to-date: /home/lidia/ros2_ws/src/install/uc1_tactile_images/share/uc1_tactile_images/cmake/ament_cmake_export_dependencies-extras.cmake
[0.696s] -- Up-to-date: /home/lidia/ros2_ws/src/install/uc1_tactile_images/share/uc1_tactile_images/cmake/ament_cmake_export_include_directories-extras.cmake
[0.696s] -- Up-to-date: /home/lidia/ros2_ws/src/install/uc1_tactile_images/share/uc1_tactile_images/cmake/ament_cmake_export_libraries-extras.cmake
[0.696s] -- Up-to-date: /home/lidia/ros2_ws/src/install/uc1_tactile_images/share/uc1_tactile_images/cmake/ament_cmake_export_targets-extras.cmake
[0.696s] -- Up-to-date: /home/lidia/ros2_ws/src/install/uc1_tactile_images/share/uc1_tactile_images/cmake/rosidl_cmake_export_typesupport_targets-extras.cmake
[0.696s] -- Up-to-date: /home/lidia/ros2_ws/src/install/uc1_tactile_images/share/uc1_tactile_images/cmake/rosidl_cmake_export_typesupport_libraries-extras.cmake
[0.696s] -- Up-to-date: /home/lidia/ros2_ws/src/install/uc1_tactile_images/share/uc1_tactile_images/cmake/uc1_tactile_imagesConfig.cmake
[0.697s] -- Up-to-date: /home/lidia/ros2_ws/src/install/uc1_tactile_images/share/uc1_tactile_images/cmake/uc1_tactile_imagesConfig-version.cmake
[0.697s] -- Up-to-date: /home/lidia/ros2_ws/src/install/uc1_tactile_images/share/uc1_tactile_images/package.xml
[0.697s] Invoked command in '/home/lidia/ros2_ws/src/build/uc1_tactile_images' returned '0': CMAKE_PREFIX_PATH=/home/lidia/ros2_ws/install/uc1_tactile_images:/opt/ros/jazzy:/home/lidia/ros2_ws/install/cyskin_acquisition:/opt/ros/jazzy/opt/gz_math_vendor:/opt/ros/jazzy/opt/gz_utils_vendor:/opt/ros/jazzy/opt/gz_cmake_vendor DEBUGINFOD_URLS=https://debuginfod.ubuntu.com /usr/bin/cmake --install /home/lidia/ros2_ws/src/build/uc1_tactile_images
