-- OPTIONS: Hardware support ENABLED
-- OPTIONS: ARM support DISABLED
-- OPTIONS: ROS support DISABLED
-- OPTIONS: ROS2 support ENABLED
-- Found ament_cmake: 2.5.4 (/opt/ros/jazzy/share/ament_cmake/cmake)
-- Found rclcpp: 28.1.12 (/opt/ros/jazzy/share/rclcpp/cmake)
-- Found rosidl_generator_c: 4.6.6 (/opt/ros/jazzy/share/rosidl_generator_c/cmake)
-- Found rosidl_generator_cpp: 4.6.6 (/opt/ros/jazzy/share/rosidl_generator_cpp/cmake)
-- Using all available rosidl_typesupport_c: rosidl_typesupport_fastrtps_c;rosidl_typesupport_introspection_c
-- Using all available rosidl_typesupport_cpp: rosidl_typesupport_fastrtps_cpp;rosidl_typesupport_introspection_cpp
-- Found rmw_implementation_cmake: 7.3.2 (/opt/ros/jazzy/share/rmw_implementation_cmake/cmake)
-- Found rmw_fastrtps_cpp: 8.4.3 (/opt/ros/jazzy/share/rmw_fastrtps_cpp/cmake)
-- Using RMW implementation 'rmw_fastrtps_cpp' as default
-- Found std_msgs: 5.3.6 (/opt/ros/jazzy/share/std_msgs/cmake)
-- Configuring done (1.4s)
-- Generating done (0.0s)
-- Build files have been written to: /home/lidia/ros2_ws/src/build/cyskin_acquisition
[ 15%] [32mBuilding CXX object CMakeFiles/cyskin_subscriber.dir/src/cyskin_subscriber.cpp.o[0m
[ 15%] [32mBuilding CXX object CMakeFiles/cyskin_subscriber.dir/src/subscriber_main.cpp.o[0m
[ 23%] [32mBuilding CXX object CMakeFiles/cyskin_acquisition.dir/src/updater.cpp.o[0m
[ 30%] [32mBuilding CXX object CMakeFiles/cyskin_acquisition.dir/src/file_publisher.cpp.o[0m
[ 38%] [32mBuilding CXX object CMakeFiles/cyskin_acquisition.dir/src/ros_publisher.cpp.o[0m
[ 46%] [32m[1mLinking CXX executable cyskin_acquisition[0m
[ 92%] Built target cyskin_acquisition
[100%] [32m[1mLinking CXX executable cyskin_subscriber[0m
[100%] Built target cyskin_subscriber
