[0.022s] Invoking command in '/home/lidia/ros2_ws/build/cyskin_acquisition': CMAKE_PREFIX_PATH=${CMAKE_PREFIX_PATH}:/opt/ros/jazzy DEBUGINFOD_URLS=https://debuginfod.ubuntu.com /usr/bin/cmake --build /home/lidia/ros2_ws/build/cyskin_acquisition -- -j8 -l8
[0.164s] [ 23%] Built target cyskin_subscriber
[0.170s] [100%] Built target cyskin_acquisition
[0.196s] Invoked command in '/home/lidia/ros2_ws/build/cyskin_acquisition' returned '0': CMAKE_PREFIX_PATH=${CMAKE_PREFIX_PATH}:/opt/ros/jazzy DEBUGINFOD_URLS=https://debuginfod.ubuntu.com /usr/bin/cmake --build /home/lidia/ros2_ws/build/cyskin_acquisition -- -j8 -l8
[0.228s] Invoking command in '/home/lidia/ros2_ws/build/cyskin_acquisition': CMAKE_PREFIX_PATH=${CMAKE_PREFIX_PATH}:/opt/ros/jazzy DEBUGINFOD_URLS=https://debuginfod.ubuntu.com /usr/bin/cmake --install /home/lidia/ros2_ws/build/cyskin_acquisition
[0.250s] -- Install configuration: ""
[0.254s] -- Up-to-date: /home/lidia/ros2_ws/install/cyskin_acquisition/lib/cyskin_acquisition/cyskin_acquisition
[0.255s] -- Up-to-date: /home/lidia/ros2_ws/install/cyskin_acquisition/lib/cyskin_acquisition/cyskin_subscriber
[0.256s] -- Up-to-date: /home/lidia/ros2_ws/install/cyskin_acquisition/share/ament_index/resource_index/package_run_dependencies/cyskin_acquisition
[0.258s] -- Up-to-date: /home/lidia/ros2_ws/install/cyskin_acquisition/share/ament_index/resource_index/parent_prefix_path/cyskin_acquisition
[0.258s] -- Up-to-date: /home/lidia/ros2_ws/install/cyskin_acquisition/share/cyskin_acquisition/environment/ament_prefix_path.sh
[0.259s] -- Up-to-date: /home/lidia/ros2_ws/install/cyskin_acquisition/share/cyskin_acquisition/environment/ament_prefix_path.dsv
[0.259s] -- Up-to-date: /home/lidia/ros2_ws/install/cyskin_acquisition/share/cyskin_acquisition/environment/path.sh
[0.260s] -- Up-to-date: /home/lidia/ros2_ws/install/cyskin_acquisition/share/cyskin_acquisition/environment/path.dsv
[0.261s] -- Up-to-date: /home/lidia/ros2_ws/install/cyskin_acquisition/share/cyskin_acquisition/local_setup.bash
[0.261s] -- Up-to-date: /home/lidia/ros2_ws/install/cyskin_acquisition/share/cyskin_acquisition/local_setup.sh
[0.261s] -- Up-to-date: /home/lidia/ros2_ws/install/cyskin_acquisition/share/cyskin_acquisition/local_setup.zsh
[0.262s] -- Up-to-date: /home/lidia/ros2_ws/install/cyskin_acquisition/share/cyskin_acquisition/local_setup.dsv
[0.262s] -- Installing: /home/lidia/ros2_ws/install/cyskin_acquisition/share/cyskin_acquisition/package.dsv
[0.264s] -- Up-to-date: /home/lidia/ros2_ws/install/cyskin_acquisition/share/ament_index/resource_index/packages/cyskin_acquisition
[0.265s] -- Up-to-date: /home/lidia/ros2_ws/install/cyskin_acquisition/share/cyskin_acquisition/cmake/cyskin_acquisitionConfig.cmake
[0.265s] -- Up-to-date: /home/lidia/ros2_ws/install/cyskin_acquisition/share/cyskin_acquisition/cmake/cyskin_acquisitionConfig-version.cmake
[0.265s] -- Up-to-date: /home/lidia/ros2_ws/install/cyskin_acquisition/share/cyskin_acquisition/package.xml
[0.272s] Invoked command in '/home/lidia/ros2_ws/build/cyskin_acquisition' returned '0': CMAKE_PREFIX_PATH=${CMAKE_PREFIX_PATH}:/opt/ros/jazzy DEBUGINFOD_URLS=https://debuginfod.ubuntu.com /usr/bin/cmake --install /home/lidia/ros2_ws/build/cyskin_acquisition
