[0.027s] Invoking command in '/home/lidia/ros2_ws/src/build/uc1_tactile_images': CMAKE_PREFIX_PATH=/home/lidia/ros2_ws/install/uc1_tactile_images:/opt/ros/jazzy:/home/lidia/ros2_ws/install/cyskin_acquisition:/opt/ros/jazzy/opt/gz_math_vendor:/opt/ros/jazzy/opt/gz_utils_vendor:/opt/ros/jazzy/opt/gz_cmake_vendor DEBUGINFOD_URLS=https://debuginfod.ubuntu.com /usr/bin/cmake --build /home/lidia/ros2_ws/src/build/uc1_tactile_images -- -j8 -l8
[0.206s] [  2%] Built target uc1_tactile_images__rosidl_generator_type_description
[0.224s] [  2%] Built target ament_cmake_python_copy_uc1_tactile_images
[0.247s] [  5%] Built target uc1_tactile_images__cpp
[0.267s] [ 17%] Built target uc1_tactile_images__rosidl_generator_c
[0.333s] [ 25%] Built target uc1_tactile_images__rosidl_typesupport_introspection_c
[0.338s] [ 32%] Built target uc1_tactile_images__rosidl_typesupport_c
[0.342s] [ 40%] Built target uc1_tactile_images__rosidl_typesupport_fastrtps_c
[0.344s] [ 47%] Built target uc1_tactile_images__rosidl_typesupport_introspection_cpp
[0.344s] [ 55%] Built target uc1_tactile_images__rosidl_typesupport_fastrtps_cpp
[0.346s] [ 62%] Built target uc1_tactile_images__rosidl_typesupport_cpp
[0.384s] [ 62%] Built target uc1_tactile_images
[0.441s] [ 65%] Built target uc1_tactile_images__py
[0.484s] [ 70%] Built target tactile_image_publisher_hexagon
[0.484s] [ 75%] Built target tactile_image_publisher_curved_gesture
[0.487s] [ 80%] Built target tactile_image_publisher
[0.497s] [ 85%] Built target uc1_tactile_images__rosidl_generator_py
[0.543s] [ 90%] Built target uc1_tactile_images_s__rosidl_typesupport_introspection_c
[0.549s] [ 95%] Built target uc1_tactile_images_s__rosidl_typesupport_fastrtps_c
[0.555s] [100%] Built target uc1_tactile_images_s__rosidl_typesupport_c
[0.798s] running egg_info
[0.851s] writing uc1_tactile_images.egg-info/PKG-INFO
[0.852s] writing dependency_links to uc1_tactile_images.egg-info/dependency_links.txt
[0.852s] writing top-level names to uc1_tactile_images.egg-info/top_level.txt
[1.004s] reading manifest file 'uc1_tactile_images.egg-info/SOURCES.txt'
[1.006s] writing manifest file 'uc1_tactile_images.egg-info/SOURCES.txt'
[1.059s] [100%] Built target ament_cmake_python_build_uc1_tactile_images_egg
[1.080s] Invoked command in '/home/lidia/ros2_ws/src/build/uc1_tactile_images' returned '0': CMAKE_PREFIX_PATH=/home/lidia/ros2_ws/install/uc1_tactile_images:/opt/ros/jazzy:/home/lidia/ros2_ws/install/cyskin_acquisition:/opt/ros/jazzy/opt/gz_math_vendor:/opt/ros/jazzy/opt/gz_utils_vendor:/opt/ros/jazzy/opt/gz_cmake_vendor DEBUGINFOD_URLS=https://debuginfod.ubuntu.com /usr/bin/cmake --build /home/lidia/ros2_ws/src/build/uc1_tactile_images -- -j8 -l8
[1.100s] Invoking command in '/home/lidia/ros2_ws/src/build/uc1_tactile_images': CMAKE_PREFIX_PATH=/home/lidia/ros2_ws/install/uc1_tactile_images:/opt/ros/jazzy:/home/lidia/ros2_ws/install/cyskin_acquisition:/opt/ros/jazzy/opt/gz_math_vendor:/opt/ros/jazzy/opt/gz_utils_vendor:/opt/ros/jazzy/opt/gz_cmake_vendor DEBUGINFOD_URLS=https://debuginfod.ubuntu.com /usr/bin/cmake --install /home/lidia/ros2_ws/src/build/uc1_tactile_images
[1.122s] -- Install configuration: ""
[1.123s] -- Up-to-date: /home/lidia/ros2_ws/src/install/uc1_tactile_images/share/ament_index/resource_index/rosidl_interfaces/uc1_tactile_images
[1.123s] -- Up-to-date: /home/lidia/ros2_ws/src/install/uc1_tactile_images/share/uc1_tactile_images/msg/ImageArrayLink.json
[1.124s] -- Up-to-date: /home/lidia/ros2_ws/src/install/uc1_tactile_images/include/uc1_tactile_images/uc1_tactile_images
[1.124s] -- Up-to-date: /home/lidia/ros2_ws/src/install/uc1_tactile_images/include/uc1_tactile_images/uc1_tactile_images/msg
[1.125s] -- Up-to-date: /home/lidia/ros2_ws/src/install/uc1_tactile_images/include/uc1_tactile_images/uc1_tactile_images/msg/image_array_link.h
[1.125s] -- Up-to-date: /home/lidia/ros2_ws/src/install/uc1_tactile_images/include/uc1_tactile_images/uc1_tactile_images/msg/detail
[1.125s] -- Up-to-date: /home/lidia/ros2_ws/src/install/uc1_tactile_images/include/uc1_tactile_images/uc1_tactile_images/msg/detail/image_array_link__type_support.h
[1.126s] -- Up-to-date: /home/lidia/ros2_ws/src/install/uc1_tactile_images/include/uc1_tactile_images/uc1_tactile_images/msg/detail/image_array_link__type_support.c
[1.126s] -- Up-to-date: /home/lidia/ros2_ws/src/install/uc1_tactile_images/include/uc1_tactile_images/uc1_tactile_images/msg/detail/image_array_link__description.c
[1.126s] -- Up-to-date: /home/lidia/ros2_ws/src/install/uc1_tactile_images/include/uc1_tactile_images/uc1_tactile_images/msg/detail/image_array_link__functions.c
[1.126s] -- Up-to-date: /home/lidia/ros2_ws/src/install/uc1_tactile_images/include/uc1_tactile_images/uc1_tactile_images/msg/detail/image_array_link__struct.h
[1.127s] -- Up-to-date: /home/lidia/ros2_ws/src/install/uc1_tactile_images/include/uc1_tactile_images/uc1_tactile_images/msg/detail/image_array_link__functions.h
[1.128s] -- Up-to-date: /home/lidia/ros2_ws/src/install/uc1_tactile_images/include/uc1_tactile_images/uc1_tactile_images/msg/rosidl_generator_c__visibility_control.h
[1.128s] -- Up-to-date: /home/lidia/ros2_ws/src/install/uc1_tactile_images/share/uc1_tactile_images/environment/library_path.sh
[1.128s] -- Up-to-date: /home/lidia/ros2_ws/src/install/uc1_tactile_images/share/uc1_tactile_images/environment/library_path.dsv
[1.129s] -- Up-to-date: /home/lidia/ros2_ws/src/install/uc1_tactile_images/lib/libuc1_tactile_images__rosidl_generator_c.so
[1.129s] -- Up-to-date: /home/lidia/ros2_ws/src/install/uc1_tactile_images/include/uc1_tactile_images/uc1_tactile_images
[1.129s] -- Up-to-date: /home/lidia/ros2_ws/src/install/uc1_tactile_images/include/uc1_tactile_images/uc1_tactile_images/msg
[1.130s] -- Up-to-date: /home/lidia/ros2_ws/src/install/uc1_tactile_images/include/uc1_tactile_images/uc1_tactile_images/msg/rosidl_typesupport_fastrtps_c__visibility_control.h
[1.130s] -- Up-to-date: /home/lidia/ros2_ws/src/install/uc1_tactile_images/include/uc1_tactile_images/uc1_tactile_images/msg/detail
[1.131s] -- Up-to-date: /home/lidia/ros2_ws/src/install/uc1_tactile_images/include/uc1_tactile_images/uc1_tactile_images/msg/detail/image_array_link__rosidl_typesupport_fastrtps_c.h
[1.131s] -- Up-to-date: /home/lidia/ros2_ws/src/install/uc1_tactile_images/lib/libuc1_tactile_images__rosidl_typesupport_fastrtps_c.so
[1.131s] -- Up-to-date: /home/lidia/ros2_ws/src/install/uc1_tactile_images/include/uc1_tactile_images/uc1_tactile_images
[1.132s] -- Up-to-date: /home/lidia/ros2_ws/src/install/uc1_tactile_images/include/uc1_tactile_images/uc1_tactile_images/msg
[1.132s] -- Up-to-date: /home/lidia/ros2_ws/src/install/uc1_tactile_images/include/uc1_tactile_images/uc1_tactile_images/msg/detail
[1.133s] -- Up-to-date: /home/lidia/ros2_ws/src/install/uc1_tactile_images/include/uc1_tactile_images/uc1_tactile_images/msg/detail/image_array_link__traits.hpp
[1.133s] -- Up-to-date: /home/lidia/ros2_ws/src/install/uc1_tactile_images/include/uc1_tactile_images/uc1_tactile_images/msg/detail/image_array_link__struct.hpp
[1.133s] -- Up-to-date: /home/lidia/ros2_ws/src/install/uc1_tactile_images/include/uc1_tactile_images/uc1_tactile_images/msg/detail/image_array_link__builder.hpp
[1.134s] -- Up-to-date: /home/lidia/ros2_ws/src/install/uc1_tactile_images/include/uc1_tactile_images/uc1_tactile_images/msg/detail/image_array_link__type_support.hpp
[1.134s] -- Up-to-date: /home/lidia/ros2_ws/src/install/uc1_tactile_images/include/uc1_tactile_images/uc1_tactile_images/msg/rosidl_generator_cpp__visibility_control.hpp
[1.134s] -- Up-to-date: /home/lidia/ros2_ws/src/install/uc1_tactile_images/include/uc1_tactile_images/uc1_tactile_images/msg/image_array_link.hpp
[1.135s] -- Up-to-date: /home/lidia/ros2_ws/src/install/uc1_tactile_images/include/uc1_tactile_images/uc1_tactile_images
[1.135s] -- Up-to-date: /home/lidia/ros2_ws/src/install/uc1_tactile_images/include/uc1_tactile_images/uc1_tactile_images/msg
[1.135s] -- Up-to-date: /home/lidia/ros2_ws/src/install/uc1_tactile_images/include/uc1_tactile_images/uc1_tactile_images/msg/detail
[1.136s] -- Up-to-date: /home/lidia/ros2_ws/src/install/uc1_tactile_images/include/uc1_tactile_images/uc1_tactile_images/msg/detail/dds_fastrtps
[1.136s] -- Up-to-date: /home/lidia/ros2_ws/src/install/uc1_tactile_images/include/uc1_tactile_images/uc1_tactile_images/msg/detail/image_array_link__rosidl_typesupport_fastrtps_cpp.hpp
[1.136s] -- Up-to-date: /home/lidia/ros2_ws/src/install/uc1_tactile_images/include/uc1_tactile_images/uc1_tactile_images/msg/rosidl_typesupport_fastrtps_cpp__visibility_control.h
[1.136s] -- Up-to-date: /home/lidia/ros2_ws/src/install/uc1_tactile_images/lib/libuc1_tactile_images__rosidl_typesupport_fastrtps_cpp.so
[1.136s] -- Up-to-date: /home/lidia/ros2_ws/src/install/uc1_tactile_images/include/uc1_tactile_images/uc1_tactile_images
[1.136s] -- Up-to-date: /home/lidia/ros2_ws/src/install/uc1_tactile_images/include/uc1_tactile_images/uc1_tactile_images/msg
[1.137s] -- Up-to-date: /home/lidia/ros2_ws/src/install/uc1_tactile_images/include/uc1_tactile_images/uc1_tactile_images/msg/detail
[1.137s] -- Up-to-date: /home/lidia/ros2_ws/src/install/uc1_tactile_images/include/uc1_tactile_images/uc1_tactile_images/msg/detail/image_array_link__type_support.c
[1.137s] -- Up-to-date: /home/lidia/ros2_ws/src/install/uc1_tactile_images/include/uc1_tactile_images/uc1_tactile_images/msg/detail/image_array_link__rosidl_typesupport_introspection_c.h
[1.137s] -- Up-to-date: /home/lidia/ros2_ws/src/install/uc1_tactile_images/include/uc1_tactile_images/uc1_tactile_images/msg/rosidl_typesupport_introspection_c__visibility_control.h
[1.137s] -- Up-to-date: /home/lidia/ros2_ws/src/install/uc1_tactile_images/lib/libuc1_tactile_images__rosidl_typesupport_introspection_c.so
[1.138s] -- Up-to-date: /home/lidia/ros2_ws/src/install/uc1_tactile_images/lib/libuc1_tactile_images__rosidl_typesupport_c.so
[1.138s] -- Up-to-date: /home/lidia/ros2_ws/src/install/uc1_tactile_images/include/uc1_tactile_images/uc1_tactile_images
[1.138s] -- Up-to-date: /home/lidia/ros2_ws/src/install/uc1_tactile_images/include/uc1_tactile_images/uc1_tactile_images/msg
[1.138s] -- Up-to-date: /home/lidia/ros2_ws/src/install/uc1_tactile_images/include/uc1_tactile_images/uc1_tactile_images/msg/detail
[1.138s] -- Up-to-date: /home/lidia/ros2_ws/src/install/uc1_tactile_images/include/uc1_tactile_images/uc1_tactile_images/msg/detail/image_array_link__type_support.cpp
[1.138s] -- Up-to-date: /home/lidia/ros2_ws/src/install/uc1_tactile_images/include/uc1_tactile_images/uc1_tactile_images/msg/detail/image_array_link__rosidl_typesupport_introspection_cpp.hpp
[1.139s] -- Up-to-date: /home/lidia/ros2_ws/src/install/uc1_tactile_images/lib/libuc1_tactile_images__rosidl_typesupport_introspection_cpp.so
[1.139s] -- Up-to-date: /home/lidia/ros2_ws/src/install/uc1_tactile_images/lib/libuc1_tactile_images__rosidl_typesupport_cpp.so
[1.139s] -- Up-to-date: /home/lidia/ros2_ws/src/install/uc1_tactile_images/share/uc1_tactile_images/environment/pythonpath.sh
[1.139s] -- Up-to-date: /home/lidia/ros2_ws/src/install/uc1_tactile_images/share/uc1_tactile_images/environment/pythonpath.dsv
[1.139s] -- Up-to-date: /home/lidia/ros2_ws/src/install/uc1_tactile_images/lib/python3.12/site-packages/uc1_tactile_images-0.0.0-py3.12.egg-info
[1.139s] -- Installing: /home/lidia/ros2_ws/src/install/uc1_tactile_images/lib/python3.12/site-packages/uc1_tactile_images-0.0.0-py3.12.egg-info/top_level.txt
[1.140s] -- Installing: /home/lidia/ros2_ws/src/install/uc1_tactile_images/lib/python3.12/site-packages/uc1_tactile_images-0.0.0-py3.12.egg-info/PKG-INFO
[1.140s] -- Installing: /home/lidia/ros2_ws/src/install/uc1_tactile_images/lib/python3.12/site-packages/uc1_tactile_images-0.0.0-py3.12.egg-info/dependency_links.txt
[1.140s] -- Installing: /home/lidia/ros2_ws/src/install/uc1_tactile_images/lib/python3.12/site-packages/uc1_tactile_images-0.0.0-py3.12.egg-info/SOURCES.txt
[1.140s] -- Up-to-date: /home/lidia/ros2_ws/src/install/uc1_tactile_images/lib/python3.12/site-packages/uc1_tactile_images
[1.140s] -- Up-to-date: /home/lidia/ros2_ws/src/install/uc1_tactile_images/lib/python3.12/site-packages/uc1_tactile_images/uc1_tactile_images_s__rosidl_typesupport_c.so
[1.141s] -- Up-to-date: /home/lidia/ros2_ws/src/install/uc1_tactile_images/lib/python3.12/site-packages/uc1_tactile_images/_uc1_tactile_images_s.ep.rosidl_typesupport_fastrtps_c.c
[1.141s] -- Up-to-date: /home/lidia/ros2_ws/src/install/uc1_tactile_images/lib/python3.12/site-packages/uc1_tactile_images/_uc1_tactile_images_s.ep.rosidl_typesupport_c.c
[1.141s] -- Up-to-date: /home/lidia/ros2_ws/src/install/uc1_tactile_images/lib/python3.12/site-packages/uc1_tactile_images/uc1_tactile_images_s__rosidl_typesupport_introspection_c.so
[1.141s] -- Up-to-date: /home/lidia/ros2_ws/src/install/uc1_tactile_images/lib/python3.12/site-packages/uc1_tactile_images/__init__.py
[1.141s] -- Up-to-date: /home/lidia/ros2_ws/src/install/uc1_tactile_images/lib/python3.12/site-packages/uc1_tactile_images/uc1_tactile_images_s__rosidl_typesupport_fastrtps_c.so
[1.142s] -- Up-to-date: /home/lidia/ros2_ws/src/install/uc1_tactile_images/lib/python3.12/site-packages/uc1_tactile_images/msg
[1.142s] -- Up-to-date: /home/lidia/ros2_ws/src/install/uc1_tactile_images/lib/python3.12/site-packages/uc1_tactile_images/msg/__init__.py
[1.142s] -- Up-to-date: /home/lidia/ros2_ws/src/install/uc1_tactile_images/lib/python3.12/site-packages/uc1_tactile_images/msg/_image_array_link.py
[1.142s] -- Up-to-date: /home/lidia/ros2_ws/src/install/uc1_tactile_images/lib/python3.12/site-packages/uc1_tactile_images/msg/_image_array_link_s.c
[1.142s] -- Up-to-date: /home/lidia/ros2_ws/src/install/uc1_tactile_images/lib/python3.12/site-packages/uc1_tactile_images/_uc1_tactile_images_s.ep.rosidl_typesupport_introspection_c.c
[1.219s] Listing '/home/lidia/ros2_ws/src/install/uc1_tactile_images/lib/python3.12/site-packages/uc1_tactile_images'...
[1.219s] Listing '/home/lidia/ros2_ws/src/install/uc1_tactile_images/lib/python3.12/site-packages/uc1_tactile_images/msg'...
[1.235s] -- Up-to-date: /home/lidia/ros2_ws/src/install/uc1_tactile_images/lib/python3.12/site-packages/uc1_tactile_images/uc1_tactile_images_s__rosidl_typesupport_fastrtps_c.so
[1.236s] -- Up-to-date: /home/lidia/ros2_ws/src/install/uc1_tactile_images/lib/python3.12/site-packages/uc1_tactile_images/uc1_tactile_images_s__rosidl_typesupport_introspection_c.so
[1.238s] -- Up-to-date: /home/lidia/ros2_ws/src/install/uc1_tactile_images/lib/python3.12/site-packages/uc1_tactile_images/uc1_tactile_images_s__rosidl_typesupport_c.so
[1.239s] -- Up-to-date: /home/lidia/ros2_ws/src/install/uc1_tactile_images/lib/libuc1_tactile_images__rosidl_generator_py.so
[1.239s] -- Up-to-date: /home/lidia/ros2_ws/src/install/uc1_tactile_images/share/uc1_tactile_images/msg/ImageArrayLink.idl
[1.240s] -- Up-to-date: /home/lidia/ros2_ws/src/install/uc1_tactile_images/share/uc1_tactile_images/msg/ImageArrayLink.msg
[1.240s] -- Up-to-date: /home/lidia/ros2_ws/src/install/uc1_tactile_images/lib/uc1_tactile_images/tactile_image_publisher
[1.242s] -- Up-to-date: /home/lidia/ros2_ws/src/install/uc1_tactile_images/lib/uc1_tactile_images/tactile_image_publisher_hexagon
[1.243s] -- Up-to-date: /home/lidia/ros2_ws/src/install/uc1_tactile_images/lib/uc1_tactile_images/tactile_image_publisher_curved_gesture
[1.243s] -- Up-to-date: /home/lidia/ros2_ws/src/install/uc1_tactile_images/share/uc1_tactile_images/
[1.244s] -- Up-to-date: /home/lidia/ros2_ws/src/install/uc1_tactile_images/share/uc1_tactile_images//resources
[1.245s] -- Up-to-date: /home/lidia/ros2_ws/src/install/uc1_tactile_images/share/uc1_tactile_images//resources/stl
[1.245s] -- Up-to-date: /home/lidia/ros2_ws/src/install/uc1_tactile_images/share/uc1_tactile_images//resources/stl/wrist1.stl
[1.245s] -- Up-to-date: /home/lidia/ros2_ws/src/install/uc1_tactile_images/share/uc1_tactile_images//resources/stl/shoulder.stl
[1.246s] -- Up-to-date: /home/lidia/ros2_ws/src/install/uc1_tactile_images/share/uc1_tactile_images//resources/stl/base.stl
[1.247s] -- Up-to-date: /home/lidia/ros2_ws/src/install/uc1_tactile_images/share/uc1_tactile_images//resources/stl/upperarm.stl
[1.247s] -- Up-to-date: /home/lidia/ros2_ws/src/install/uc1_tactile_images/share/uc1_tactile_images//resources/stl/forearm.stl
[1.248s] -- Up-to-date: /home/lidia/ros2_ws/src/install/uc1_tactile_images/share/uc1_tactile_images//resources/stl/wrist2.stl
[1.248s] -- Up-to-date: /home/lidia/ros2_ws/src/install/uc1_tactile_images/share/uc1_tactile_images//resources/stl/wrist3.stl
[1.249s] -- Up-to-date: /home/lidia/ros2_ws/src/install/uc1_tactile_images/share/uc1_tactile_images//resources/ply
[1.249s] -- Up-to-date: /home/lidia/ros2_ws/src/install/uc1_tactile_images/share/uc1_tactile_images//resources/ply/forearm.ply
[1.250s] -- Up-to-date: /home/lidia/ros2_ws/src/install/uc1_tactile_images/share/uc1_tactile_images//resources/ply/shoulder.ply
[1.250s] -- Up-to-date: /home/lidia/ros2_ws/src/install/uc1_tactile_images/share/uc1_tactile_images//resources/ply/base.ply
[1.251s] -- Up-to-date: /home/lidia/ros2_ws/src/install/uc1_tactile_images/share/uc1_tactile_images//resources/ply/wrist3.ply
[1.251s] -- Up-to-date: /home/lidia/ros2_ws/src/install/uc1_tactile_images/share/uc1_tactile_images//resources/ply/upperarm.ply
[1.251s] -- Up-to-date: /home/lidia/ros2_ws/src/install/uc1_tactile_images/share/uc1_tactile_images//resources/ply/wrist2.ply
[1.252s] -- Up-to-date: /home/lidia/ros2_ws/src/install/uc1_tactile_images/share/uc1_tactile_images//resources/ply/wrist1.ply
[1.252s] -- Up-to-date: /home/lidia/ros2_ws/src/install/uc1_tactile_images/share/uc1_tactile_images/skin_ids
[1.252s] -- Up-to-date: /home/lidia/ros2_ws/src/install/uc1_tactile_images/share/uc1_tactile_images/skin_ids/IDs_UR10_link1_patch2.txt
[1.253s] -- Up-to-date: /home/lidia/ros2_ws/src/install/uc1_tactile_images/share/uc1_tactile_images/skin_ids/IDs_UR10_link2_patch3.txt
[1.253s] -- Up-to-date: /home/lidia/ros2_ws/src/install/uc1_tactile_images/share/uc1_tactile_images/skin_ids/IDs_UR10_link1_patch1.txt
[1.253s] -- Up-to-date: /home/lidia/ros2_ws/src/install/uc1_tactile_images/share/uc1_tactile_images/skin_ids/old
[1.253s] -- Up-to-date: /home/lidia/ros2_ws/src/install/uc1_tactile_images/share/uc1_tactile_images/skin_ids/old/IDs_UR10_link1_patch2.txt
[1.254s] -- Up-to-date: /home/lidia/ros2_ws/src/install/uc1_tactile_images/share/uc1_tactile_images/skin_ids/old/IDs_UR10_link2_patch3.txt
[1.255s] -- Up-to-date: /home/lidia/ros2_ws/src/install/uc1_tactile_images/share/uc1_tactile_images/skin_ids/old/IDs_UR10_link1_patch1.txt
[1.256s] -- Up-to-date: /home/lidia/ros2_ws/src/install/uc1_tactile_images/share/uc1_tactile_images/skin_ids/old/IDs_UR10_link2_patch1.txt
[1.256s] -- Up-to-date: /home/lidia/ros2_ws/src/install/uc1_tactile_images/share/uc1_tactile_images/skin_ids/old/IDs_UR10_link2_patch2.txt
[1.257s] -- Up-to-date: /home/lidia/ros2_ws/src/install/uc1_tactile_images/share/uc1_tactile_images/skin_ids/old/IDs_UR10_link2_patch4_old.txt
[1.257s] -- Up-to-date: /home/lidia/ros2_ws/src/install/uc1_tactile_images/share/uc1_tactile_images/skin_ids/old/IDs_UR10_link2_patch4.txt
[1.258s] -- Up-to-date: /home/lidia/ros2_ws/src/install/uc1_tactile_images/share/uc1_tactile_images/skin_ids/old/IDs_UR10_link1_patch4.txt
[1.258s] -- Up-to-date: /home/lidia/ros2_ws/src/install/uc1_tactile_images/share/uc1_tactile_images/skin_ids/old/IDs_UR10_link1_patch3.txt
[1.259s] -- Up-to-date: /home/lidia/ros2_ws/src/install/uc1_tactile_images/share/uc1_tactile_images/skin_ids/IDs_UR10_link2_patch1.txt
[1.259s] -- Up-to-date: /home/lidia/ros2_ws/src/install/uc1_tactile_images/share/uc1_tactile_images/skin_ids/IDs_UR10_link2_patch2.txt
[1.260s] -- Up-to-date: /home/lidia/ros2_ws/src/install/uc1_tactile_images/share/uc1_tactile_images/skin_ids/IDs_UR10_link2_patch4.txt
[1.260s] -- Up-to-date: /home/lidia/ros2_ws/src/install/uc1_tactile_images/share/uc1_tactile_images/skin_ids/IDs_UR10_link1_patch4.txt
[1.260s] -- Up-to-date: /home/lidia/ros2_ws/src/install/uc1_tactile_images/share/uc1_tactile_images/skin_ids/IDs_UR10_link1_patch3.txt
[1.261s] -- Up-to-date: /home/lidia/ros2_ws/src/install/uc1_tactile_images/share/uc1_tactile_images/models_onnx
[1.261s] -- Up-to-date: /home/lidia/ros2_ws/src/install/uc1_tactile_images/share/uc1_tactile_images/models_onnx/example_trt_from_net.m
[1.262s] -- Up-to-date: /home/lidia/ros2_ws/src/install/uc1_tactile_images/share/uc1_tactile_images/models_onnx/onnx_checker.m
[1.262s] -- Up-to-date: /home/lidia/ros2_ws/src/install/uc1_tactile_images/share/uc1_tactile_images/models_onnx/codegen
[1.262s] -- Up-to-date: /home/lidia/ros2_ws/src/install/uc1_tactile_images/share/uc1_tactile_images/models_onnx/codegen/mex
[1.263s] -- Up-to-date: /home/lidia/ros2_ws/src/install/uc1_tactile_images/share/uc1_tactile_images/models_onnx/codegen/mex/googlenet_predict
[1.263s] -- Up-to-date: /home/lidia/ros2_ws/src/install/uc1_tactile_images/share/uc1_tactile_images/models_onnx/codegen/mex/googlenet_predict/interface
[1.264s] -- Up-to-date: /home/lidia/ros2_ws/src/install/uc1_tactile_images/share/uc1_tactile_images/models_onnx/codegen/mex/googlenet_predict/interface/_coder_googlenet_predict_mex.cu
[1.264s] -- Up-to-date: /home/lidia/ros2_ws/src/install/uc1_tactile_images/share/uc1_tactile_images/models_onnx/codegen/mex/googlenet_predict/interface/_coder_googlenet_predict_mex.h
[1.264s] -- Up-to-date: /home/lidia/ros2_ws/src/install/uc1_tactile_images/share/uc1_tactile_images/models_onnx/codegen/mex/googlenet_predict/interface/_coder_googlenet_predict_api.cu
[1.265s] -- Up-to-date: /home/lidia/ros2_ws/src/install/uc1_tactile_images/share/uc1_tactile_images/models_onnx/codegen/mex/googlenet_predict/interface/_coder_googlenet_predict_info.h
[1.265s] -- Up-to-date: /home/lidia/ros2_ws/src/install/uc1_tactile_images/share/uc1_tactile_images/models_onnx/codegen/mex/googlenet_predict/interface/_coder_googlenet_predict_api.h
[1.266s] -- Up-to-date: /home/lidia/ros2_ws/src/install/uc1_tactile_images/share/uc1_tactile_images/models_onnx/codegen/mex/googlenet_predict/interface/_coder_googlenet_predict_info.cpp
[1.266s] -- Up-to-date: /home/lidia/ros2_ws/src/install/uc1_tactile_images/share/uc1_tactile_images/models_onnx/codegen/mex/googlenet_predict/googlenet_predict_initialize.cu
[1.266s] -- Up-to-date: /home/lidia/ros2_ws/src/install/uc1_tactile_images/share/uc1_tactile_images/models_onnx/codegen/mex/googlenet_predict/cnn_googlenet0_0_inception_4d-1x1_w.bin
[1.267s] -- Up-to-date: /home/lidia/ros2_ws/src/install/uc1_tactile_images/share/uc1_tactile_images/models_onnx/codegen/mex/googlenet_predict/cnn_googlenet0_0_inception_5a-pool_proj_b.bin
[1.267s] -- Up-to-date: /home/lidia/ros2_ws/src/install/uc1_tactile_images/share/uc1_tactile_images/models_onnx/codegen/mex/googlenet_predict/cnn_googlenet0_0_inception_3b-1x1_w.bin
[1.268s] -- Up-to-date: /home/lidia/ros2_ws/src/install/uc1_tactile_images/share/uc1_tactile_images/models_onnx/codegen/mex/googlenet_predict/cnn_googlenet0_0_inception_5a-3x3_b.bin
[1.268s] -- Up-to-date: /home/lidia/ros2_ws/src/install/uc1_tactile_images/share/uc1_tactile_images/models_onnx/codegen/mex/googlenet_predict/cnn_googlenet0_0_inception_4a-1x1_b.bin
[1.268s] -- Up-to-date: /home/lidia/ros2_ws/src/install/uc1_tactile_images/share/uc1_tactile_images/models_onnx/codegen/mex/googlenet_predict/cpp_mexapi_version.cpp
[1.269s] -- Up-to-date: /home/lidia/ros2_ws/src/install/uc1_tactile_images/share/uc1_tactile_images/models_onnx/codegen/mex/googlenet_predict/cnn_googlenet0_0_conv2-3x3_reduce_w.bin
[1.269s] -- Up-to-date: /home/lidia/ros2_ws/src/install/uc1_tactile_images/share/uc1_tactile_images/models_onnx/codegen/mex/googlenet_predict/predict.h
[1.269s] -- Up-to-date: /home/lidia/ros2_ws/src/install/uc1_tactile_images/share/uc1_tactile_images/models_onnx/codegen/mex/googlenet_predict/cnn_googlenet0_0_inception_4a-3x3_w.bin
[1.270s] -- Up-to-date: /home/lidia/ros2_ws/src/install/uc1_tactile_images/share/uc1_tactile_images/models_onnx/codegen/mex/googlenet_predict/cnn_googlenet0_0_inception_4a-5x5_w.bin
[1.270s] -- Up-to-date: /home/lidia/ros2_ws/src/install/uc1_tactile_images/share/uc1_tactile_images/models_onnx/codegen/mex/googlenet_predict/cnn_googlenet0_0_inception_5b-3x3_w.bin
[1.272s] -- Up-to-date: /home/lidia/ros2_ws/src/install/uc1_tactile_images/share/uc1_tactile_images/models_onnx/codegen/mex/googlenet_predict/cnn_googlenet0_0_inception_4a-3x3_b.bin
[1.272s] -- Up-to-date: /home/lidia/ros2_ws/src/install/uc1_tactile_images/share/uc1_tactile_images/models_onnx/codegen/mex/googlenet_predict/cnn_googlenet0_0_inception_5a-5x5_reduce_b.bin
[1.272s] -- Up-to-date: /home/lidia/ros2_ws/src/install/uc1_tactile_images/share/uc1_tactile_images/models_onnx/codegen/mex/googlenet_predict/cnn_googlenet0_0_inception_5a-5x5_b.bin
[1.273s] -- Up-to-date: /home/lidia/ros2_ws/src/install/uc1_tactile_images/share/uc1_tactile_images/models_onnx/codegen/mex/googlenet_predict/googlenet_predict_mex.sh
[1.273s] -- Up-to-date: /home/lidia/ros2_ws/src/install/uc1_tactile_images/share/uc1_tactile_images/models_onnx/codegen/mex/googlenet_predict/cnn_googlenet0_0_inception_5a-3x3_reduce_b.bin
[1.273s] -- Up-to-date: /home/lidia/ros2_ws/src/install/uc1_tactile_images/share/uc1_tactile_images/models_onnx/codegen/mex/googlenet_predict/cnn_googlenet0_0_inception_4c-3x3_w.bin
[1.274s] -- Up-to-date: /home/lidia/ros2_ws/src/install/uc1_tactile_images/share/uc1_tactile_images/models_onnx/codegen/mex/googlenet_predict/cnn_googlenet0_0_inception_4d-5x5_b.bin
[1.274s] -- Up-to-date: /home/lidia/ros2_ws/src/install/uc1_tactile_images/share/uc1_tactile_images/models_onnx/codegen/mex/googlenet_predict/_clang-format
[1.275s] -- Up-to-date: /home/lidia/ros2_ws/src/install/uc1_tactile_images/share/uc1_tactile_images/models_onnx/codegen/mex/googlenet_predict/cnn_googlenet0_0_inception_4c-pool_proj_b.bin
[1.275s] -- Up-to-date: /home/lidia/ros2_ws/src/install/uc1_tactile_images/share/uc1_tactile_images/models_onnx/codegen/mex/googlenet_predict/DeepLearningNetwork.cu
[1.275s] -- Up-to-date: /home/lidia/ros2_ws/src/install/uc1_tactile_images/share/uc1_tactile_images/models_onnx/codegen/mex/googlenet_predict/cnn_googlenet0_0_inception_4b-5x5_b.bin
[1.276s] -- Up-to-date: /home/lidia/ros2_ws/src/install/uc1_tactile_images/share/uc1_tactile_images/models_onnx/codegen/mex/googlenet_predict/cnn_googlenet0_0_inception_3b-pool_proj_w.bin
[1.276s] -- Up-to-date: /home/lidia/ros2_ws/src/install/uc1_tactile_images/share/uc1_tactile_images/models_onnx/codegen/mex/googlenet_predict/cnn_googlenet0_0_inception_4a-pool_proj_w.bin
[1.276s] -- Up-to-date: /home/lidia/ros2_ws/src/install/uc1_tactile_images/share/uc1_tactile_images/models_onnx/codegen/mex/googlenet_predict/cnn_googlenet0_0_inception_4e-3x3_b.bin
[1.276s] -- Up-to-date: /home/lidia/ros2_ws/src/install/uc1_tactile_images/share/uc1_tactile_images/models_onnx/codegen/mex/googlenet_predict/cnn_googlenet0_0_inception_4b-5x5_reduce_w.bin
[1.276s] -- Up-to-date: /home/lidia/ros2_ws/src/install/uc1_tactile_images/share/uc1_tactile_images/models_onnx/codegen/mex/googlenet_predict/cnn_googlenet0_0_inception_4a-5x5_reduce_b.bin
[1.277s] -- Up-to-date: /home/lidia/ros2_ws/src/install/uc1_tactile_images/share/uc1_tactile_images/models_onnx/codegen/mex/googlenet_predict/cnn_googlenet0_0_loss3-classifier_b.bin
[1.277s] -- Up-to-date: /home/lidia/ros2_ws/src/install/uc1_tactile_images/share/uc1_tactile_images/models_onnx/codegen/mex/googlenet_predict/cnn_googlenet0_0_inception_4e-pool_proj_b.bin
[1.277s] -- Up-to-date: /home/lidia/ros2_ws/src/install/uc1_tactile_images/share/uc1_tactile_images/models_onnx/codegen/mex/googlenet_predict/cnn_googlenet0_0_data_scale.bin
[1.278s] -- Up-to-date: /home/lidia/ros2_ws/src/install/uc1_tactile_images/share/uc1_tactile_images/models_onnx/codegen/mex/googlenet_predict/cnn_googlenet0_0_inception_4c-5x5_b.bin
[1.278s] -- Up-to-date: /home/lidia/ros2_ws/src/install/uc1_tactile_images/share/uc1_tactile_images/models_onnx/codegen/mex/googlenet_predict/cnn_googlenet0_0_inception_4e-3x3_reduce_w.bin
[1.278s] -- Up-to-date: /home/lidia/ros2_ws/src/install/uc1_tactile_images/share/uc1_tactile_images/models_onnx/codegen/mex/googlenet_predict/cnn_googlenet0_0_inception_4d-pool_proj_b.bin
[1.279s] -- Up-to-date: /home/lidia/ros2_ws/src/install/uc1_tactile_images/share/uc1_tactile_images/models_onnx/codegen/mex/googlenet_predict/build.ninja
[1.279s] -- Up-to-date: /home/lidia/ros2_ws/src/install/uc1_tactile_images/share/uc1_tactile_images/models_onnx/codegen/mex/googlenet_predict/rt_nonfinite.cu
[1.279s] -- Up-to-date: /home/lidia/ros2_ws/src/install/uc1_tactile_images/share/uc1_tactile_images/models_onnx/codegen/mex/googlenet_predict/cnn_googlenet0_0_inception_3a-1x1_w.bin
[1.280s] -- Up-to-date: /home/lidia/ros2_ws/src/install/uc1_tactile_images/share/uc1_tactile_images/models_onnx/codegen/mex/googlenet_predict/cnn_googlenet0_0_inception_5b-5x5_reduce_w.bin
[1.280s] -- Up-to-date: /home/lidia/ros2_ws/src/install/uc1_tactile_images/share/uc1_tactile_images/models_onnx/codegen/mex/googlenet_predict/cnn_googlenet0_0_inception_4b-1x1_w.bin
[1.280s] -- Up-to-date: /home/lidia/ros2_ws/src/install/uc1_tactile_images/share/uc1_tactile_images/models_onnx/codegen/mex/googlenet_predict/cnn_googlenet0_0_inception_4c-1x1_b.bin
[1.281s] -- Up-to-date: /home/lidia/ros2_ws/src/install/uc1_tactile_images/share/uc1_tactile_images/models_onnx/codegen/mex/googlenet_predict/cnn_googlenet0_0_inception_3b-3x3_reduce_w.bin
[1.281s] -- Up-to-date: /home/lidia/ros2_ws/src/install/uc1_tactile_images/share/uc1_tactile_images/models_onnx/codegen/mex/googlenet_predict/cnn_googlenet0_0_inception_5b-5x5_w.bin
[1.281s] -- Up-to-date: /home/lidia/ros2_ws/src/install/uc1_tactile_images/share/uc1_tactile_images/models_onnx/codegen/mex/googlenet_predict/cnn_googlenet0_0_inception_4e-5x5_w.bin
[1.281s] -- Up-to-date: /home/lidia/ros2_ws/src/install/uc1_tactile_images/share/uc1_tactile_images/models_onnx/codegen/mex/googlenet_predict/cnn_googlenet0_0_inception_5a-1x1_w.bin
[1.282s] -- Up-to-date: /home/lidia/ros2_ws/src/install/uc1_tactile_images/share/uc1_tactile_images/models_onnx/codegen/mex/googlenet_predict/cnn_googlenet0_0_inception_4c-5x5_reduce_w.bin
[1.282s] -- Up-to-date: /home/lidia/ros2_ws/src/install/uc1_tactile_images/share/uc1_tactile_images/models_onnx/codegen/mex/googlenet_predict/build
[1.282s] -- Up-to-date: /home/lidia/ros2_ws/src/install/uc1_tactile_images/share/uc1_tactile_images/models_onnx/codegen/mex/googlenet_predict/build/glnxa64
[1.283s] -- Up-to-date: /home/lidia/ros2_ws/src/install/uc1_tactile_images/share/uc1_tactile_images/models_onnx/codegen/mex/googlenet_predict/build/glnxa64/.ninja_log
[1.283s] -- Up-to-date: /home/lidia/ros2_ws/src/install/uc1_tactile_images/share/uc1_tactile_images/models_onnx/codegen/mex/googlenet_predict/build/glnxa64/buildLog.log
[1.283s] -- Up-to-date: /home/lidia/ros2_ws/src/install/uc1_tactile_images/share/uc1_tactile_images/models_onnx/codegen/mex/googlenet_predict/build/glnxa64/_coder_googlenet_predict_info.o
[1.284s] -- Up-to-date: /home/lidia/ros2_ws/src/install/uc1_tactile_images/share/uc1_tactile_images/models_onnx/codegen/mex/googlenet_predict/cnn_googlenet0_0_inception_5a-1x1_b.bin
[1.284s] -- Up-to-date: /home/lidia/ros2_ws/src/install/uc1_tactile_images/share/uc1_tactile_images/models_onnx/codegen/mex/googlenet_predict/cnn_googlenet0_0_loss3-classifier_w.bin
[1.284s] -- Up-to-date: /home/lidia/ros2_ws/src/install/uc1_tactile_images/share/uc1_tactile_images/models_onnx/codegen/mex/googlenet_predict/googlenet_predict.h
[1.285s] -- Up-to-date: /home/lidia/ros2_ws/src/install/uc1_tactile_images/share/uc1_tactile_images/models_onnx/codegen/mex/googlenet_predict/googlenet_predict_mexutil.cu
[1.285s] -- Up-to-date: /home/lidia/ros2_ws/src/install/uc1_tactile_images/share/uc1_tactile_images/models_onnx/codegen/mex/googlenet_predict/cnn_googlenet0_0_inception_3a-1x1_b.bin
[1.285s] -- Up-to-date: /home/lidia/ros2_ws/src/install/uc1_tactile_images/share/uc1_tactile_images/models_onnx/codegen/mex/googlenet_predict/cnn_googlenet0_0_conv2-3x3_reduce_b.bin
[1.286s] -- Up-to-date: /home/lidia/ros2_ws/src/install/uc1_tactile_images/share/uc1_tactile_images/models_onnx/codegen/mex/googlenet_predict/cnn_googlenet0_0_inception_4e-3x3_w.bin
[1.286s] -- Up-to-date: /home/lidia/ros2_ws/src/install/uc1_tactile_images/share/uc1_tactile_images/models_onnx/codegen/mex/googlenet_predict/cnn_googlenet0_0_inception_4e-1x1_w.bin
[1.286s] -- Up-to-date: /home/lidia/ros2_ws/src/install/uc1_tactile_images/share/uc1_tactile_images/models_onnx/codegen/mex/googlenet_predict/cnn_googlenet0_0_inception_5a-5x5_reduce_w.bin
[1.287s] -- Up-to-date: /home/lidia/ros2_ws/src/install/uc1_tactile_images/share/uc1_tactile_images/models_onnx/codegen/mex/googlenet_predict/googlenet_predict_terminate.cu
[1.287s] -- Up-to-date: /home/lidia/ros2_ws/src/install/uc1_tactile_images/share/uc1_tactile_images/models_onnx/codegen/mex/googlenet_predict/googlenet_predict_types.h
[1.288s] -- Up-to-date: /home/lidia/ros2_ws/src/install/uc1_tactile_images/share/uc1_tactile_images/models_onnx/codegen/mex/googlenet_predict/cnn_googlenet0_0_inception_5b-5x5_reduce_b.bin
[1.288s] -- Up-to-date: /home/lidia/ros2_ws/src/install/uc1_tactile_images/share/uc1_tactile_images/models_onnx/codegen/mex/googlenet_predict/cnn_googlenet0_0_inception_4c-3x3_b.bin
[1.289s] -- Up-to-date: /home/lidia/ros2_ws/src/install/uc1_tactile_images/share/uc1_tactile_images/models_onnx/codegen/mex/googlenet_predict/cnn_googlenet0_0_inception_4e-1x1_b.bin
[1.289s] -- Up-to-date: /home/lidia/ros2_ws/src/install/uc1_tactile_images/share/uc1_tactile_images/models_onnx/codegen/mex/googlenet_predict/cnn_googlenet0_0_conv1-7x7_s2_w.bin
[1.289s] -- Up-to-date: /home/lidia/ros2_ws/src/install/uc1_tactile_images/share/uc1_tactile_images/models_onnx/codegen/mex/googlenet_predict/gpu_codegen_info.mat
[1.290s] -- Up-to-date: /home/lidia/ros2_ws/src/install/uc1_tactile_images/share/uc1_tactile_images/models_onnx/codegen/mex/googlenet_predict/cnn_googlenet0_0_inception_4b-3x3_b.bin
[1.290s] -- Up-to-date: /home/lidia/ros2_ws/src/install/uc1_tactile_images/share/uc1_tactile_images/models_onnx/codegen/mex/googlenet_predict/cnn_googlenet0_0_conv2-3x3_b.bin
[1.290s] -- Up-to-date: /home/lidia/ros2_ws/src/install/uc1_tactile_images/share/uc1_tactile_images/models_onnx/codegen/mex/googlenet_predict/cnn_googlenet0_0_outputlabels.txt
[1.290s] -- Up-to-date: /home/lidia/ros2_ws/src/install/uc1_tactile_images/share/uc1_tactile_images/models_onnx/codegen/mex/googlenet_predict/cnn_googlenet0_0_inception_4b-1x1_b.bin
[1.290s] -- Up-to-date: /home/lidia/ros2_ws/src/install/uc1_tactile_images/share/uc1_tactile_images/models_onnx/codegen/mex/googlenet_predict/cnn_googlenet0_0_inception_4b-3x3_reduce_w.bin
[1.291s] -- Up-to-date: /home/lidia/ros2_ws/src/install/uc1_tactile_images/share/uc1_tactile_images/models_onnx/codegen/mex/googlenet_predict/googlenet_predict.cu
[1.291s] -- Up-to-date: /home/lidia/ros2_ws/src/install/uc1_tactile_images/share/uc1_tactile_images/models_onnx/codegen/mex/googlenet_predict/cnn_googlenet0_0_inception_4e-pool_proj_w.bin
[1.292s] -- Up-to-date: /home/lidia/ros2_ws/src/install/uc1_tactile_images/share/uc1_tactile_images/models_onnx/codegen/mex/googlenet_predict/cnn_googlenet0_0_inception_5a-pool_proj_w.bin
[1.292s] -- Up-to-date: /home/lidia/ros2_ws/src/install/uc1_tactile_images/share/uc1_tactile_images/models_onnx/codegen/mex/googlenet_predict/cnn_googlenet0_0_inception_3b-3x3_reduce_b.bin
[1.292s] -- Up-to-date: /home/lidia/ros2_ws/src/install/uc1_tactile_images/share/uc1_tactile_images/models_onnx/codegen/mex/googlenet_predict/cnn_googlenet0_0_inception_3b-5x5_w.bin
[1.292s] -- Up-to-date: /home/lidia/ros2_ws/src/install/uc1_tactile_images/share/uc1_tactile_images/models_onnx/codegen/mex/googlenet_predict/cnn_googlenet0_0_inception_4b-pool_proj_b.bin
[1.292s] -- Up-to-date: /home/lidia/ros2_ws/src/install/uc1_tactile_images/share/uc1_tactile_images/models_onnx/codegen/mex/googlenet_predict/googlenet_predict_data.cu
[1.293s] -- Up-to-date: /home/lidia/ros2_ws/src/install/uc1_tactile_images/share/uc1_tactile_images/models_onnx/codegen/mex/googlenet_predict/googlenet_predict_data.h
[1.293s] -- Up-to-date: /home/lidia/ros2_ws/src/install/uc1_tactile_images/share/uc1_tactile_images/models_onnx/codegen/mex/googlenet_predict/cnn_googlenet0_0_inception_4b-3x3_reduce_b.bin
[1.293s] -- Up-to-date: /home/lidia/ros2_ws/src/install/uc1_tactile_images/share/uc1_tactile_images/models_onnx/codegen/mex/googlenet_predict/cnn_googlenet0_0_inception_4e-5x5_reduce_w.bin
[1.293s] -- Up-to-date: /home/lidia/ros2_ws/src/install/uc1_tactile_images/share/uc1_tactile_images/models_onnx/codegen/mex/googlenet_predict/cnn_googlenet0_0_inception_3a-3x3_reduce_b.bin
[1.293s] -- Up-to-date: /home/lidia/ros2_ws/src/install/uc1_tactile_images/share/uc1_tactile_images/models_onnx/codegen/mex/googlenet_predict/cnn_googlenet0_0_inception_3a-5x5_w.bin
[1.294s] -- Up-to-date: /home/lidia/ros2_ws/src/install/uc1_tactile_images/share/uc1_tactile_images/models_onnx/codegen/mex/googlenet_predict/cnn_googlenet0_0_inception_4e-5x5_b.bin
[1.294s] -- Up-to-date: /home/lidia/ros2_ws/src/install/uc1_tactile_images/share/uc1_tactile_images/models_onnx/codegen/mex/googlenet_predict/cnn_googlenet0_0_inception_4a-3x3_reduce_b.bin
[1.294s] -- Up-to-date: /home/lidia/ros2_ws/src/install/uc1_tactile_images/share/uc1_tactile_images/models_onnx/codegen/mex/googlenet_predict/cnn_googlenet0_0_conv1-7x7_s2_b.bin
[1.294s] -- Up-to-date: /home/lidia/ros2_ws/src/install/uc1_tactile_images/share/uc1_tactile_images/models_onnx/codegen/mex/googlenet_predict/cnn_googlenet0_0_inception_5a-3x3_w.bin
[1.295s] -- Up-to-date: /home/lidia/ros2_ws/src/install/uc1_tactile_images/share/uc1_tactile_images/models_onnx/codegen/mex/googlenet_predict/cnn_googlenet0_0_conv2-3x3_w.bin
[1.295s] -- Up-to-date: /home/lidia/ros2_ws/src/install/uc1_tactile_images/share/uc1_tactile_images/models_onnx/codegen/mex/googlenet_predict/cnn_googlenet0_0_inception_5b-3x3_b.bin
[1.295s] -- Up-to-date: /home/lidia/ros2_ws/src/install/uc1_tactile_images/share/uc1_tactile_images/models_onnx/codegen/mex/googlenet_predict/cnn_googlenet0_0_inception_4b-3x3_w.bin
[1.295s] -- Up-to-date: /home/lidia/ros2_ws/src/install/uc1_tactile_images/share/uc1_tactile_images/models_onnx/codegen/mex/googlenet_predict/cnn_googlenet0_0_inception_3b-3x3_b.bin
[1.295s] -- Up-to-date: /home/lidia/ros2_ws/src/install/uc1_tactile_images/share/uc1_tactile_images/models_onnx/codegen/mex/googlenet_predict/cnn_googlenet0_0_inception_3b-pool_proj_b.bin
[1.296s] -- Up-to-date: /home/lidia/ros2_ws/src/install/uc1_tactile_images/share/uc1_tactile_images/models_onnx/codegen/mex/googlenet_predict/cnn_googlenet0_0_inception_4b-5x5_reduce_b.bin
[1.296s] -- Up-to-date: /home/lidia/ros2_ws/src/install/uc1_tactile_images/share/uc1_tactile_images/models_onnx/codegen/mex/googlenet_predict/cnn_googlenet0_0_inception_4a-1x1_w.bin
[1.296s] -- Up-to-date: /home/lidia/ros2_ws/src/install/uc1_tactile_images/share/uc1_tactile_images/models_onnx/codegen/mex/googlenet_predict/cnn_googlenet0_0_inception_4a-5x5_b.bin
[1.296s] -- Up-to-date: /home/lidia/ros2_ws/src/install/uc1_tactile_images/share/uc1_tactile_images/models_onnx/codegen/mex/googlenet_predict/cnn_googlenet0_0_inception_3b-5x5_reduce_b.bin
[1.296s] -- Up-to-date: /home/lidia/ros2_ws/src/install/uc1_tactile_images/share/uc1_tactile_images/models_onnx/codegen/mex/googlenet_predict/cnn_googlenet0_0_inception_5b-pool_proj_b.bin
[1.296s] -- Up-to-date: /home/lidia/ros2_ws/src/install/uc1_tactile_images/share/uc1_tactile_images/models_onnx/codegen/mex/googlenet_predict/cnn_googlenet0_0_inception_3a-3x3_b.bin
[1.297s] -- Up-to-date: /home/lidia/ros2_ws/src/install/uc1_tactile_images/share/uc1_tactile_images/models_onnx/codegen/mex/googlenet_predict/cnn_googlenet0_0_inception_4d-5x5_reduce_b.bin
[1.297s] -- Up-to-date: /home/lidia/ros2_ws/src/install/uc1_tactile_images/share/uc1_tactile_images/models_onnx/codegen/mex/googlenet_predict/cnn_googlenet0_0_inception_3b-5x5_reduce_w.bin
[1.297s] -- Up-to-date: /home/lidia/ros2_ws/src/install/uc1_tactile_images/share/uc1_tactile_images/models_onnx/codegen/mex/googlenet_predict/cnn_googlenet0_0_inception_4c-3x3_reduce_b.bin
[1.297s] -- Up-to-date: /home/lidia/ros2_ws/src/install/uc1_tactile_images/share/uc1_tactile_images/models_onnx/codegen/mex/googlenet_predict/cnn_googlenet0_0_inception_4d-3x3_reduce_b.bin
[1.297s] -- Up-to-date: /home/lidia/ros2_ws/src/install/uc1_tactile_images/share/uc1_tactile_images/models_onnx/codegen/mex/googlenet_predict/cnn_googlenet0_0_inception_5b-3x3_reduce_b.bin
[1.298s] -- Up-to-date: /home/lidia/ros2_ws/src/install/uc1_tactile_images/share/uc1_tactile_images/models_onnx/codegen/mex/googlenet_predict/cnn_googlenet0_0_inception_4b-pool_proj_w.bin
[1.298s] -- Up-to-date: /home/lidia/ros2_ws/src/install/uc1_tactile_images/share/uc1_tactile_images/models_onnx/codegen/mex/googlenet_predict/cnn_googlenet0_0_inception_4d-1x1_b.bin
[1.298s] -- Up-to-date: /home/lidia/ros2_ws/src/install/uc1_tactile_images/share/uc1_tactile_images/models_onnx/codegen/mex/googlenet_predict/MWCudaDimUtility.hpp
[1.298s] -- Up-to-date: /home/lidia/ros2_ws/src/install/uc1_tactile_images/share/uc1_tactile_images/models_onnx/codegen/mex/googlenet_predict/cnn_googlenet0_0_inception_4d-3x3_b.bin
[1.299s] -- Up-to-date: /home/lidia/ros2_ws/src/install/uc1_tactile_images/share/uc1_tactile_images/models_onnx/codegen/mex/googlenet_predict/html
[1.299s] -- Up-to-date: /home/lidia/ros2_ws/src/install/uc1_tactile_images/share/uc1_tactile_images/models_onnx/codegen/mex/googlenet_predict/html/report.mldatx
[1.299s] -- Up-to-date: /home/lidia/ros2_ws/src/install/uc1_tactile_images/share/uc1_tactile_images/models_onnx/codegen/mex/googlenet_predict/predict.cu
[1.299s] -- Up-to-date: /home/lidia/ros2_ws/src/install/uc1_tactile_images/share/uc1_tactile_images/models_onnx/codegen/mex/googlenet_predict/cnn_googlenet0_0_inception_5b-1x1_b.bin
[1.299s] -- Up-to-date: /home/lidia/ros2_ws/src/install/uc1_tactile_images/share/uc1_tactile_images/models_onnx/codegen/mex/googlenet_predict/DeepLearningNetwork.h
[1.300s] -- Up-to-date: /home/lidia/ros2_ws/src/install/uc1_tactile_images/share/uc1_tactile_images/models_onnx/codegen/mex/googlenet_predict/cnn_googlenet0_0_inception_4a-5x5_reduce_w.bin
[1.300s] -- Up-to-date: /home/lidia/ros2_ws/src/install/uc1_tactile_images/share/uc1_tactile_images/models_onnx/codegen/mex/googlenet_predict/cnn_googlenet0_0_inception_4c-5x5_reduce_b.bin
[1.300s] -- Up-to-date: /home/lidia/ros2_ws/src/install/uc1_tactile_images/share/uc1_tactile_images/models_onnx/codegen/mex/googlenet_predict/cnn_googlenet0_0_inception_3a-5x5_reduce_w.bin
[1.300s] -- Up-to-date: /home/lidia/ros2_ws/src/install/uc1_tactile_images/share/uc1_tactile_images/models_onnx/codegen/mex/googlenet_predict/cnn_googlenet0_0_inception_5b-5x5_b.bin
[1.301s] -- Up-to-date: /home/lidia/ros2_ws/src/install/uc1_tactile_images/share/uc1_tactile_images/models_onnx/codegen/mex/googlenet_predict/cnn_googlenet0_0_inception_4e-5x5_reduce_b.bin
[1.301s] -- Up-to-date: /home/lidia/ros2_ws/src/install/uc1_tactile_images/share/uc1_tactile_images/models_onnx/codegen/mex/googlenet_predict/cnn_googlenet0_0_inception_4d-5x5_reduce_w.bin
[1.301s] -- Up-to-date: /home/lidia/ros2_ws/src/install/uc1_tactile_images/share/uc1_tactile_images/models_onnx/codegen/mex/googlenet_predict/cnn_googlenet0_0_inception_5b-1x1_w.bin
[1.304s] -- Up-to-date: /home/lidia/ros2_ws/src/install/uc1_tactile_images/share/uc1_tactile_images/models_onnx/codegen/mex/googlenet_predict/cnn_googlenet0_0_inception_4d-pool_proj_w.bin
[1.304s] -- Up-to-date: /home/lidia/ros2_ws/src/install/uc1_tactile_images/share/uc1_tactile_images/models_onnx/codegen/mex/googlenet_predict/cnn_googlenet0_0_inception_4e-3x3_reduce_b.bin
[1.305s] -- Up-to-date: /home/lidia/ros2_ws/src/install/uc1_tactile_images/share/uc1_tactile_images/models_onnx/codegen/mex/googlenet_predict/cnn_googlenet0_0_inception_5a-5x5_w.bin
[1.305s] -- Up-to-date: /home/lidia/ros2_ws/src/install/uc1_tactile_images/share/uc1_tactile_images/models_onnx/codegen/mex/googlenet_predict/cnn_googlenet0_0_inception_3a-3x3_reduce_w.bin
[1.305s] -- Up-to-date: /home/lidia/ros2_ws/src/install/uc1_tactile_images/share/uc1_tactile_images/models_onnx/codegen/mex/googlenet_predict/cnn_googlenet0_0_data_offset.bin
[1.306s] -- Up-to-date: /home/lidia/ros2_ws/src/install/uc1_tactile_images/share/uc1_tactile_images/models_onnx/codegen/mex/googlenet_predict/cnn_googlenet0_0_inception_4d-3x3_w.bin
[1.306s] -- Up-to-date: /home/lidia/ros2_ws/src/install/uc1_tactile_images/share/uc1_tactile_images/models_onnx/codegen/mex/googlenet_predict/cnn_googlenet0_0_inception_4a-3x3_reduce_w.bin
[1.307s] -- Up-to-date: /home/lidia/ros2_ws/src/install/uc1_tactile_images/share/uc1_tactile_images/models_onnx/codegen/mex/googlenet_predict/googlenet_predict_initialize.h
[1.307s] -- Up-to-date: /home/lidia/ros2_ws/src/install/uc1_tactile_images/share/uc1_tactile_images/models_onnx/codegen/mex/googlenet_predict/cnn_googlenet0_0_inception_4c-3x3_reduce_w.bin
[1.308s] -- Up-to-date: /home/lidia/ros2_ws/src/install/uc1_tactile_images/share/uc1_tactile_images/models_onnx/codegen/mex/googlenet_predict/cnn_googlenet0_0_inception_3a-pool_proj_b.bin
[1.308s] -- Up-to-date: /home/lidia/ros2_ws/src/install/uc1_tactile_images/share/uc1_tactile_images/models_onnx/codegen/mex/googlenet_predict/cnn_googlenet0_0_inception_3a-pool_proj_w.bin
[1.309s] -- Up-to-date: /home/lidia/ros2_ws/src/install/uc1_tactile_images/share/uc1_tactile_images/models_onnx/codegen/mex/googlenet_predict/cnn_googlenet0_0_inception_5b-pool_proj_w.bin
[1.309s] -- Up-to-date: /home/lidia/ros2_ws/src/install/uc1_tactile_images/share/uc1_tactile_images/models_onnx/codegen/mex/googlenet_predict/cnn_googlenet0_0_inception_3a-3x3_w.bin
[1.309s] -- Up-to-date: /home/lidia/ros2_ws/src/install/uc1_tactile_images/share/uc1_tactile_images/models_onnx/codegen/mex/googlenet_predict/cnn_googlenet0_0_inception_4c-pool_proj_w.bin
[1.309s] -- Up-to-date: /home/lidia/ros2_ws/src/install/uc1_tactile_images/share/uc1_tactile_images/models_onnx/codegen/mex/googlenet_predict/googlenet_predict_mexutil.h
[1.310s] -- Up-to-date: /home/lidia/ros2_ws/src/install/uc1_tactile_images/share/uc1_tactile_images/models_onnx/codegen/mex/googlenet_predict/cnn_googlenet0_0_inception_3a-5x5_b.bin
[1.310s] -- Up-to-date: /home/lidia/ros2_ws/src/install/uc1_tactile_images/share/uc1_tactile_images/models_onnx/codegen/mex/googlenet_predict/cnn_googlenet0_0_inception_4b-5x5_w.bin
[1.310s] -- Up-to-date: /home/lidia/ros2_ws/src/install/uc1_tactile_images/share/uc1_tactile_images/models_onnx/codegen/mex/googlenet_predict/rt_nonfinite.h
[1.310s] -- Up-to-date: /home/lidia/ros2_ws/src/install/uc1_tactile_images/share/uc1_tactile_images/models_onnx/codegen/mex/googlenet_predict/cnn_googlenet0_0_inception_3a-5x5_reduce_b.bin
[1.310s] -- Up-to-date: /home/lidia/ros2_ws/src/install/uc1_tactile_images/share/uc1_tactile_images/models_onnx/codegen/mex/googlenet_predict/googlenet_predict_terminate.h
[1.311s] -- Up-to-date: /home/lidia/ros2_ws/src/install/uc1_tactile_images/share/uc1_tactile_images/models_onnx/codegen/mex/googlenet_predict/rtwtypes.h
[1.311s] -- Up-to-date: /home/lidia/ros2_ws/src/install/uc1_tactile_images/share/uc1_tactile_images/models_onnx/codegen/mex/googlenet_predict/cnn_googlenet0_0_inception_5b-3x3_reduce_w.bin
[1.311s] -- Up-to-date: /home/lidia/ros2_ws/src/install/uc1_tactile_images/share/uc1_tactile_images/models_onnx/codegen/mex/googlenet_predict/cnn_googlenet0_0_inception_4c-5x5_w.bin
[1.311s] -- Up-to-date: /home/lidia/ros2_ws/src/install/uc1_tactile_images/share/uc1_tactile_images/models_onnx/codegen/mex/googlenet_predict/buildInfo.mat
[1.312s] -- Up-to-date: /home/lidia/ros2_ws/src/install/uc1_tactile_images/share/uc1_tactile_images/models_onnx/codegen/mex/googlenet_predict/cnn_googlenet0_0_inception_5a-3x3_reduce_w.bin
[1.313s] -- Up-to-date: /home/lidia/ros2_ws/src/install/uc1_tactile_images/share/uc1_tactile_images/models_onnx/codegen/mex/googlenet_predict/cnn_googlenet0_0_inception_3b-3x3_w.bin
[1.313s] -- Up-to-date: /home/lidia/ros2_ws/src/install/uc1_tactile_images/share/uc1_tactile_images/models_onnx/codegen/mex/googlenet_predict/cnn_googlenet0_0_inception_4c-1x1_w.bin
[1.313s] -- Up-to-date: /home/lidia/ros2_ws/src/install/uc1_tactile_images/share/uc1_tactile_images/models_onnx/codegen/mex/googlenet_predict/cnn_googlenet0_0_inception_4a-pool_proj_b.bin
[1.313s] -- Up-to-date: /home/lidia/ros2_ws/src/install/uc1_tactile_images/share/uc1_tactile_images/models_onnx/codegen/mex/googlenet_predict/cnn_googlenet0_0_inception_4d-3x3_reduce_w.bin
[1.314s] -- Up-to-date: /home/lidia/ros2_ws/src/install/uc1_tactile_images/share/uc1_tactile_images/models_onnx/codegen/mex/googlenet_predict/networkParamsInfo_googlenet0_0.bin
[1.314s] -- Up-to-date: /home/lidia/ros2_ws/src/install/uc1_tactile_images/share/uc1_tactile_images/models_onnx/codegen/mex/googlenet_predict/cnn_googlenet0_0_inception_3b-5x5_b.bin
[1.315s] -- Up-to-date: /home/lidia/ros2_ws/src/install/uc1_tactile_images/share/uc1_tactile_images/models_onnx/codegen/mex/googlenet_predict/cnn_googlenet0_0_inception_4d-5x5_w.bin
[1.315s] -- Up-to-date: /home/lidia/ros2_ws/src/install/uc1_tactile_images/share/uc1_tactile_images/models_onnx/codegen/mex/googlenet_predict/googlenet_predict_internal_types.h
[1.316s] -- Up-to-date: /home/lidia/ros2_ws/src/install/uc1_tactile_images/share/uc1_tactile_images/models_onnx/codegen/mex/googlenet_predict/cnn_googlenet0_0_inception_3b-1x1_b.bin
[1.316s] -- Up-to-date: /home/lidia/ros2_ws/src/install/uc1_tactile_images/share/uc1_tactile_images/models_onnx/HandsNet_handles_finetuned.onnx
[1.316s] -- Up-to-date: /home/lidia/ros2_ws/src/install/uc1_tactile_images/share/uc1_tactile_images/models_onnx/googlenet_predict.m
[1.316s] -- Up-to-date: /home/lidia/ros2_ws/src/install/uc1_tactile_images/share/uc1_tactile_images/models_onnx/handsnet_finetuned.onnx
[1.317s] -- Up-to-date: /home/lidia/ros2_ws/src/install/uc1_tactile_images/share/uc1_tactile_images/models_onnx/HandsNetFcn.m
[1.317s] -- Up-to-date: /home/lidia/ros2_ws/src/install/uc1_tactile_images/share/uc1_tactile_images/package.xml
[1.317s] -- Up-to-date: /home/lidia/ros2_ws/src/install/uc1_tactile_images/share/uc1_tactile_images/calibration_files
[1.317s] -- Up-to-date: /home/lidia/ros2_ws/src/install/uc1_tactile_images/share/uc1_tactile_images/calibration_files/old
[1.317s] -- Up-to-date: /home/lidia/ros2_ws/src/install/uc1_tactile_images/share/uc1_tactile_images/calibration_files/old/UR10_link2_patch1.json
[1.318s] -- Up-to-date: /home/lidia/ros2_ws/src/install/uc1_tactile_images/share/uc1_tactile_images/calibration_files/old/UR10_link1_patch3_4.json
[1.318s] -- Up-to-date: /home/lidia/ros2_ws/src/install/uc1_tactile_images/share/uc1_tactile_images/calibration_files/old/hexagon_patch_zwick.json
[1.318s] -- Up-to-date: /home/lidia/ros2_ws/src/install/uc1_tactile_images/share/uc1_tactile_images/calibration_files/old/UR10_link1_patch4.json
[1.319s] -- Up-to-date: /home/lidia/ros2_ws/src/install/uc1_tactile_images/share/uc1_tactile_images/calibration_files/old/BUDAPEST_link2_patches1e3.json
[1.319s] -- Up-to-date: /home/lidia/ros2_ws/src/install/uc1_tactile_images/share/uc1_tactile_images/calibration_files/old/CASE_patch2.json
[1.319s] -- Up-to-date: /home/lidia/ros2_ws/src/install/uc1_tactile_images/share/uc1_tactile_images/calibration_files/old/BUDAPEST_link2_patches1e2_tmap.json
[1.319s] -- Up-to-date: /home/lidia/ros2_ws/src/install/uc1_tactile_images/share/uc1_tactile_images/calibration_files/old/CASE_patch3.json
[1.319s] -- Up-to-date: /home/lidia/ros2_ws/src/install/uc1_tactile_images/share/uc1_tactile_images/calibration_files/old/BUDAPEST_link2_patches1e3_tmap.json
[1.319s] -- Up-to-date: /home/lidia/ros2_ws/src/install/uc1_tactile_images/share/uc1_tactile_images/calibration_files/old/UR10_link1_patch2.json
[1.320s] -- Up-to-date: /home/lidia/ros2_ws/src/install/uc1_tactile_images/share/uc1_tactile_images/calibration_files/old/CASE_patch1.json
[1.320s] -- Up-to-date: /home/lidia/ros2_ws/src/install/uc1_tactile_images/share/uc1_tactile_images/calibration_files/old/DEMO_patch_3.json
[1.320s] -- Up-to-date: /home/lidia/ros2_ws/src/install/uc1_tactile_images/share/uc1_tactile_images/calibration_files/old/UR10_link2_patch4.json
[1.320s] -- Up-to-date: /home/lidia/ros2_ws/src/install/uc1_tactile_images/share/uc1_tactile_images/calibration_files/old/CASE_patch4.json
[1.321s] -- Up-to-date: /home/lidia/ros2_ws/src/install/uc1_tactile_images/share/uc1_tactile_images/calibration_files/old/UR10_link2_patch3.json
[1.321s] -- Up-to-date: /home/lidia/ros2_ws/src/install/uc1_tactile_images/share/uc1_tactile_images/calibration_files/old/UR10_link2_patch2.json
[1.321s] -- Up-to-date: /home/lidia/ros2_ws/src/install/uc1_tactile_images/share/uc1_tactile_images/calibration_files/old/UR10_link1_patch1_2.json
[1.321s] -- Up-to-date: /home/lidia/ros2_ws/src/install/uc1_tactile_images/share/uc1_tactile_images/calibration_files/old/UR10_link1_patch1.json
[1.321s] -- Up-to-date: /home/lidia/ros2_ws/src/install/uc1_tactile_images/share/uc1_tactile_images/calibration_files/old/BUDAPEST_link2_patches1e2.json
[1.322s] -- Up-to-date: /home/lidia/ros2_ws/src/install/uc1_tactile_images/share/uc1_tactile_images/calibration_files/old/UR10_link1_patch3.json
[1.322s] -- Up-to-date: /home/lidia/ros2_ws/src/install/uc1_tactile_images/share/uc1_tactile_images/calibration_files/old/UR10_link2_patch4_old.json
[1.322s] -- Up-to-date: /home/lidia/ros2_ws/src/install/uc1_tactile_images/share/uc1_tactile_images/calibration_files/old/DEMO_link2_patches1e3_full.json
[1.322s] -- Up-to-date: /home/lidia/ros2_ws/src/install/uc1_tactile_images/share/uc1_tactile_images/calibration_files/old/curved_gesture_patch.json
[1.323s] -- Up-to-date: /home/lidia/ros2_ws/src/install/uc1_tactile_images/share/uc1_tactile_images/calibration_files/old/DEMO_patch_1.json
[1.323s] -- Up-to-date: /home/lidia/ros2_ws/src/install/uc1_tactile_images/share/uc1_tactile_images/calibration_files/old/BUDAPEST_link2_patches1e3.json.old
[1.323s] -- Up-to-date: /home/lidia/ros2_ws/src/install/uc1_tactile_images/share/uc1_tactile_images/calibration_files/old/DEMO_link2_patches1e3_full.json.old
[1.323s] -- Up-to-date: /home/lidia/ros2_ws/src/install/uc1_tactile_images/share/uc1_tactile_images/calibration_files/hexagon_tpu_1_full_isomap.json
[1.324s] -- Up-to-date: /home/lidia/ros2_ws/src/install/uc1_tactile_images/share/uc1_tactile_images/calibration_files/hexagon_cyskin_full_isomap.json
[1.324s] -- Up-to-date: /home/lidia/ros2_ws/src/install/uc1_tactile_images/share/uc1_tactile_images/calibration_files/curved_gesture_patch_full_isomap.json
[1.325s] -- Up-to-date: /home/lidia/ros2_ws/src/install/uc1_tactile_images/share/uc1_tactile_images/calibration_files/UR10e_SKIN_CALIBRATION_FILES
[1.325s] -- Up-to-date: /home/lidia/ros2_ws/src/install/uc1_tactile_images/share/uc1_tactile_images/calibration_files/UR10e_SKIN_CALIBRATION_FILES/ur10e_link1_patch1_full_isomap.json
[1.326s] -- Up-to-date: /home/lidia/ros2_ws/src/install/uc1_tactile_images/share/uc1_tactile_images/calibration_files/UR10e_SKIN_CALIBRATION_FILES/ur10e_link2_patch4_flatmap.json
[1.326s] -- Up-to-date: /home/lidia/ros2_ws/src/install/uc1_tactile_images/share/uc1_tactile_images/calibration_files/UR10e_SKIN_CALIBRATION_FILES/ur10e_link2_patch3_isomap.json
[1.326s] -- Up-to-date: /home/lidia/ros2_ws/src/install/uc1_tactile_images/share/uc1_tactile_images/calibration_files/UR10e_SKIN_CALIBRATION_FILES/ur10e_link2_patch1_full_isomap.json
[1.326s] -- Up-to-date: /home/lidia/ros2_ws/src/install/uc1_tactile_images/share/uc1_tactile_images/calibration_files/UR10e_SKIN_CALIBRATION_FILES/ur10e_link1_patch3_full_isomap.json
[1.326s] -- Up-to-date: /home/lidia/ros2_ws/src/install/uc1_tactile_images/share/uc1_tactile_images/calibration_files/UR10e_SKIN_CALIBRATION_FILES/ur10e_link1_patch1.json
[1.326s] -- Up-to-date: /home/lidia/ros2_ws/src/install/uc1_tactile_images/share/uc1_tactile_images/calibration_files/UR10e_SKIN_CALIBRATION_FILES/ur10e_link2_patch4_full_isomap.json
[1.327s] -- Up-to-date: /home/lidia/ros2_ws/src/install/uc1_tactile_images/share/uc1_tactile_images/calibration_files/UR10e_SKIN_CALIBRATION_FILES/ur10e_link2_patch3_full_isomap.json
[1.327s] -- Up-to-date: /home/lidia/ros2_ws/src/install/uc1_tactile_images/share/uc1_tactile_images/calibration_files/UR10e_SKIN_CALIBRATION_FILES/ur10e_link1_patch4_flatmap.json
[1.327s] -- Up-to-date: /home/lidia/ros2_ws/src/install/uc1_tactile_images/share/uc1_tactile_images/calibration_files/UR10e_SKIN_CALIBRATION_FILES/ur10e_link1_patch4_isomap.json
[1.328s] -- Up-to-date: /home/lidia/ros2_ws/src/install/uc1_tactile_images/share/uc1_tactile_images/calibration_files/UR10e_SKIN_CALIBRATION_FILES/ur10e_link1_patch4_full_flatmap.json
[1.328s] -- Up-to-date: /home/lidia/ros2_ws/src/install/uc1_tactile_images/share/uc1_tactile_images/calibration_files/UR10e_SKIN_CALIBRATION_FILES/ur10e_link1_patch2_full_isomap.json
[1.328s] -- Up-to-date: /home/lidia/ros2_ws/src/install/uc1_tactile_images/share/uc1_tactile_images/calibration_files/UR10e_SKIN_CALIBRATION_FILES/ur10e_link2_patch2_full_flatmap.json
[1.328s] -- Up-to-date: /home/lidia/ros2_ws/src/install/uc1_tactile_images/share/uc1_tactile_images/calibration_files/UR10e_SKIN_CALIBRATION_FILES/ur10e_link2_patch2_flatmap.json
[1.328s] -- Up-to-date: /home/lidia/ros2_ws/src/install/uc1_tactile_images/share/uc1_tactile_images/calibration_files/UR10e_SKIN_CALIBRATION_FILES/ur10e_link2_patch3.json
[1.329s] -- Up-to-date: /home/lidia/ros2_ws/src/install/uc1_tactile_images/share/uc1_tactile_images/calibration_files/UR10e_SKIN_CALIBRATION_FILES/ur10e_link1_patch3_flatmap.json
[1.329s] -- Up-to-date: /home/lidia/ros2_ws/src/install/uc1_tactile_images/share/uc1_tactile_images/calibration_files/UR10e_SKIN_CALIBRATION_FILES/ur10e_link2_patch3_flatmap.json
[1.329s] -- Up-to-date: /home/lidia/ros2_ws/src/install/uc1_tactile_images/share/uc1_tactile_images/calibration_files/UR10e_SKIN_CALIBRATION_FILES/ur10e_link2_patch2_full_isomap.json
[1.329s] -- Up-to-date: /home/lidia/ros2_ws/src/install/uc1_tactile_images/share/uc1_tactile_images/calibration_files/UR10e_SKIN_CALIBRATION_FILES/ur10e_link2_patch1_flatmap.json
[1.329s] -- Up-to-date: /home/lidia/ros2_ws/src/install/uc1_tactile_images/share/uc1_tactile_images/calibration_files/UR10e_SKIN_CALIBRATION_FILES/ur10e_link2_patch4_full_flatmap.json
[1.330s] -- Up-to-date: /home/lidia/ros2_ws/src/install/uc1_tactile_images/share/uc1_tactile_images/calibration_files/UR10e_SKIN_CALIBRATION_FILES/ur10e_link1_patch3_isomap.json
[1.330s] -- Up-to-date: /home/lidia/ros2_ws/src/install/uc1_tactile_images/share/uc1_tactile_images/calibration_files/UR10e_SKIN_CALIBRATION_FILES/ur10e_link1_patch2_flatmap.json
[1.330s] -- Up-to-date: /home/lidia/ros2_ws/src/install/uc1_tactile_images/share/uc1_tactile_images/calibration_files/UR10e_SKIN_CALIBRATION_FILES/ur10e_link1_patch1_flatmap.json
[1.330s] -- Up-to-date: /home/lidia/ros2_ws/src/install/uc1_tactile_images/share/uc1_tactile_images/calibration_files/UR10e_SKIN_CALIBRATION_FILES/ur10e_link2_patch4_isomap.json
[1.331s] -- Up-to-date: /home/lidia/ros2_ws/src/install/uc1_tactile_images/share/uc1_tactile_images/calibration_files/UR10e_SKIN_CALIBRATION_FILES/ur10e_link1_patch3.json
[1.331s] -- Up-to-date: /home/lidia/ros2_ws/src/install/uc1_tactile_images/share/uc1_tactile_images/calibration_files/UR10e_SKIN_CALIBRATION_FILES/ur10e_link1_patch2_full_flatmap.json
[1.332s] -- Up-to-date: /home/lidia/ros2_ws/src/install/uc1_tactile_images/share/uc1_tactile_images/calibration_files/UR10e_SKIN_CALIBRATION_FILES/ur10e_link1_patch2.json
[1.332s] -- Up-to-date: /home/lidia/ros2_ws/src/install/uc1_tactile_images/share/uc1_tactile_images/calibration_files/UR10e_SKIN_CALIBRATION_FILES/ur10e_link1_patch2_isomap.json
[1.332s] -- Up-to-date: /home/lidia/ros2_ws/src/install/uc1_tactile_images/share/uc1_tactile_images/calibration_files/UR10e_SKIN_CALIBRATION_FILES/ur10e_link2_patch1_full_flatmap.json
[1.332s] -- Up-to-date: /home/lidia/ros2_ws/src/install/uc1_tactile_images/share/uc1_tactile_images/calibration_files/UR10e_SKIN_CALIBRATION_FILES/ur10e_link2_patch1_isomap.json
[1.332s] -- Up-to-date: /home/lidia/ros2_ws/src/install/uc1_tactile_images/share/uc1_tactile_images/calibration_files/UR10e_SKIN_CALIBRATION_FILES/ur10e_link2_patch3_full_flatmap.json
[1.334s] -- Up-to-date: /home/lidia/ros2_ws/src/install/uc1_tactile_images/share/uc1_tactile_images/calibration_files/UR10e_SKIN_CALIBRATION_FILES/ur10e_link2_patch2_isomap.json
[1.334s] -- Up-to-date: /home/lidia/ros2_ws/src/install/uc1_tactile_images/share/uc1_tactile_images/calibration_files/UR10e_SKIN_CALIBRATION_FILES/ur10e_link2_patch1.json
[1.334s] -- Up-to-date: /home/lidia/ros2_ws/src/install/uc1_tactile_images/share/uc1_tactile_images/calibration_files/UR10e_SKIN_CALIBRATION_FILES/ur10e_link1_patch4.json
[1.334s] -- Up-to-date: /home/lidia/ros2_ws/src/install/uc1_tactile_images/share/uc1_tactile_images/calibration_files/UR10e_SKIN_CALIBRATION_FILES/ur10e_link2_patch4.json
[1.335s] -- Up-to-date: /home/lidia/ros2_ws/src/install/uc1_tactile_images/share/uc1_tactile_images/calibration_files/UR10e_SKIN_CALIBRATION_FILES/ur10e_link1_patch1_isomap.json
[1.335s] -- Up-to-date: /home/lidia/ros2_ws/src/install/uc1_tactile_images/share/uc1_tactile_images/calibration_files/UR10e_SKIN_CALIBRATION_FILES/ur10e_link1_patch1_full_flatmap.json
[1.335s] -- Up-to-date: /home/lidia/ros2_ws/src/install/uc1_tactile_images/share/uc1_tactile_images/calibration_files/UR10e_SKIN_CALIBRATION_FILES/ur10e_link2_patch2.json
[1.335s] -- Up-to-date: /home/lidia/ros2_ws/src/install/uc1_tactile_images/share/uc1_tactile_images/calibration_files/UR10e_SKIN_CALIBRATION_FILES/ur10e_link1_patch4_full_isomap.json
[1.336s] -- Up-to-date: /home/lidia/ros2_ws/src/install/uc1_tactile_images/share/uc1_tactile_images/calibration_files/UR10e_SKIN_CALIBRATION_FILES/ur10e_link1_patch3_full_flatmap.json
[1.336s] -- Up-to-date: /home/lidia/ros2_ws/src/install/uc1_tactile_images/share/ament_index/resource_index/package_run_dependencies/uc1_tactile_images
[1.337s] -- Up-to-date: /home/lidia/ros2_ws/src/install/uc1_tactile_images/share/ament_index/resource_index/parent_prefix_path/uc1_tactile_images
[1.338s] -- Up-to-date: /home/lidia/ros2_ws/src/install/uc1_tactile_images/share/uc1_tactile_images/environment/ament_prefix_path.sh
[1.338s] -- Up-to-date: /home/lidia/ros2_ws/src/install/uc1_tactile_images/share/uc1_tactile_images/environment/ament_prefix_path.dsv
[1.338s] -- Up-to-date: /home/lidia/ros2_ws/src/install/uc1_tactile_images/share/uc1_tactile_images/environment/path.sh
[1.338s] -- Up-to-date: /home/lidia/ros2_ws/src/install/uc1_tactile_images/share/uc1_tactile_images/environment/path.dsv
[1.339s] -- Up-to-date: /home/lidia/ros2_ws/src/install/uc1_tactile_images/share/uc1_tactile_images/local_setup.bash
[1.340s] -- Up-to-date: /home/lidia/ros2_ws/src/install/uc1_tactile_images/share/uc1_tactile_images/local_setup.sh
[1.340s] -- Up-to-date: /home/lidia/ros2_ws/src/install/uc1_tactile_images/share/uc1_tactile_images/local_setup.zsh
[1.340s] -- Up-to-date: /home/lidia/ros2_ws/src/install/uc1_tactile_images/share/uc1_tactile_images/local_setup.dsv
[1.340s] -- Installing: /home/lidia/ros2_ws/src/install/uc1_tactile_images/share/uc1_tactile_images/package.dsv
[1.340s] -- Up-to-date: /home/lidia/ros2_ws/src/install/uc1_tactile_images/share/ament_index/resource_index/packages/uc1_tactile_images
[1.342s] -- Up-to-date: /home/lidia/ros2_ws/src/install/uc1_tactile_images/share/uc1_tactile_images/cmake/export_uc1_tactile_images__rosidl_generator_cExport.cmake
[1.343s] -- Up-to-date: /home/lidia/ros2_ws/src/install/uc1_tactile_images/share/uc1_tactile_images/cmake/export_uc1_tactile_images__rosidl_generator_cExport-noconfig.cmake
[1.343s] -- Up-to-date: /home/lidia/ros2_ws/src/install/uc1_tactile_images/share/uc1_tactile_images/cmake/export_uc1_tactile_images__rosidl_typesupport_fastrtps_cExport.cmake
[1.343s] -- Up-to-date: /home/lidia/ros2_ws/src/install/uc1_tactile_images/share/uc1_tactile_images/cmake/export_uc1_tactile_images__rosidl_typesupport_fastrtps_cExport-noconfig.cmake
[1.343s] -- Up-to-date: /home/lidia/ros2_ws/src/install/uc1_tactile_images/share/uc1_tactile_images/cmake/export_uc1_tactile_images__rosidl_generator_cppExport.cmake
[1.343s] -- Up-to-date: /home/lidia/ros2_ws/src/install/uc1_tactile_images/share/uc1_tactile_images/cmake/export_uc1_tactile_images__rosidl_typesupport_fastrtps_cppExport.cmake
[1.344s] -- Up-to-date: /home/lidia/ros2_ws/src/install/uc1_tactile_images/share/uc1_tactile_images/cmake/export_uc1_tactile_images__rosidl_typesupport_fastrtps_cppExport-noconfig.cmake
[1.344s] -- Up-to-date: /home/lidia/ros2_ws/src/install/uc1_tactile_images/share/uc1_tactile_images/cmake/uc1_tactile_images__rosidl_typesupport_introspection_cExport.cmake
[1.344s] -- Up-to-date: /home/lidia/ros2_ws/src/install/uc1_tactile_images/share/uc1_tactile_images/cmake/uc1_tactile_images__rosidl_typesupport_introspection_cExport-noconfig.cmake
[1.345s] -- Up-to-date: /home/lidia/ros2_ws/src/install/uc1_tactile_images/share/uc1_tactile_images/cmake/uc1_tactile_images__rosidl_typesupport_cExport.cmake
[1.345s] -- Up-to-date: /home/lidia/ros2_ws/src/install/uc1_tactile_images/share/uc1_tactile_images/cmake/uc1_tactile_images__rosidl_typesupport_cExport-noconfig.cmake
[1.345s] -- Up-to-date: /home/lidia/ros2_ws/src/install/uc1_tactile_images/share/uc1_tactile_images/cmake/uc1_tactile_images__rosidl_typesupport_introspection_cppExport.cmake
[1.345s] -- Up-to-date: /home/lidia/ros2_ws/src/install/uc1_tactile_images/share/uc1_tactile_images/cmake/uc1_tactile_images__rosidl_typesupport_introspection_cppExport-noconfig.cmake
[1.346s] -- Up-to-date: /home/lidia/ros2_ws/src/install/uc1_tactile_images/share/uc1_tactile_images/cmake/uc1_tactile_images__rosidl_typesupport_cppExport.cmake
[1.346s] -- Up-to-date: /home/lidia/ros2_ws/src/install/uc1_tactile_images/share/uc1_tactile_images/cmake/uc1_tactile_images__rosidl_typesupport_cppExport-noconfig.cmake
[1.346s] -- Up-to-date: /home/lidia/ros2_ws/src/install/uc1_tactile_images/share/uc1_tactile_images/cmake/export_uc1_tactile_images__rosidl_generator_pyExport.cmake
[1.346s] -- Up-to-date: /home/lidia/ros2_ws/src/install/uc1_tactile_images/share/uc1_tactile_images/cmake/export_uc1_tactile_images__rosidl_generator_pyExport-noconfig.cmake
[1.346s] -- Up-to-date: /home/lidia/ros2_ws/src/install/uc1_tactile_images/share/uc1_tactile_images/cmake/rosidl_cmake-extras.cmake
[1.347s] -- Up-to-date: /home/lidia/ros2_ws/src/install/uc1_tactile_images/share/uc1_tactile_images/cmake/ament_cmake_export_dependencies-extras.cmake
[1.348s] -- Up-to-date: /home/lidia/ros2_ws/src/install/uc1_tactile_images/share/uc1_tactile_images/cmake/ament_cmake_export_include_directories-extras.cmake
[1.348s] -- Up-to-date: /home/lidia/ros2_ws/src/install/uc1_tactile_images/share/uc1_tactile_images/cmake/ament_cmake_export_libraries-extras.cmake
[1.348s] -- Up-to-date: /home/lidia/ros2_ws/src/install/uc1_tactile_images/share/uc1_tactile_images/cmake/ament_cmake_export_targets-extras.cmake
[1.348s] -- Up-to-date: /home/lidia/ros2_ws/src/install/uc1_tactile_images/share/uc1_tactile_images/cmake/rosidl_cmake_export_typesupport_targets-extras.cmake
[1.348s] -- Up-to-date: /home/lidia/ros2_ws/src/install/uc1_tactile_images/share/uc1_tactile_images/cmake/rosidl_cmake_export_typesupport_libraries-extras.cmake
[1.349s] -- Up-to-date: /home/lidia/ros2_ws/src/install/uc1_tactile_images/share/uc1_tactile_images/cmake/uc1_tactile_imagesConfig.cmake
[1.349s] -- Up-to-date: /home/lidia/ros2_ws/src/install/uc1_tactile_images/share/uc1_tactile_images/cmake/uc1_tactile_imagesConfig-version.cmake
[1.349s] -- Up-to-date: /home/lidia/ros2_ws/src/install/uc1_tactile_images/share/uc1_tactile_images/package.xml
[1.350s] Invoked command in '/home/lidia/ros2_ws/src/build/uc1_tactile_images' returned '0': CMAKE_PREFIX_PATH=/home/lidia/ros2_ws/install/uc1_tactile_images:/opt/ros/jazzy:/home/lidia/ros2_ws/install/cyskin_acquisition:/opt/ros/jazzy/opt/gz_math_vendor:/opt/ros/jazzy/opt/gz_utils_vendor:/opt/ros/jazzy/opt/gz_cmake_vendor DEBUGINFOD_URLS=https://debuginfod.ubuntu.com /usr/bin/cmake --install /home/lidia/ros2_ws/src/build/uc1_tactile_images
